{"coverage":{"/home/travis/build/kaizhu256/node-proxy-lite/main.js":{"b":{"1":[0,6],"2":[4,1,1],"3":[2,2],"4":[1,1],"5":[0,1],"6":[0,1],"7":[0,1]},"f":{"1":10,"2":1,"3":1,"4":4,"5":6,"6":1,"7":1,"8":1,"9":1,"10":1,"11":1},"s":{"1":3,"2":3,"3":10,"4":1,"5":1,"6":1,"7":1,"8":1,"9":1,"10":1,"11":1,"12":4,"13":4,"14":4,"15":6,"16":6,"17":4,"18":2,"19":2,"20":2,"21":2,"22":1,"23":1,"24":1,"25":1,"26":1,"27":1,"28":1,"29":1,"30":1,"31":1,"32":0,"33":1,"34":1,"35":1,"36":0,"37":1,"38":4,"39":1,"40":1,"41":1,"42":1,"43":1,"44":1,"45":1,"46":1,"47":1,"48":1,"49":1},"path":"/home/travis/build/kaizhu256/node-proxy-lite/main.js","fnMap":{"1":{"name":"(anonymous_1)","line":13,"loc":{"start":{"line":13,"column":15},"end":{"line":13,"column":33}}},"2":{"name":"submoduleMainNodejs","line":23,"loc":{"start":{"line":23,"column":1},"end":{"line":23,"column":32}}},"3":{"name":"(anonymous_3)","line":31,"loc":{"start":{"line":31,"column":11},"end":{"line":31,"column":23}}},"4":{"name":"(anonymous_4)","line":49,"loc":{"start":{"line":49,"column":31},"end":{"line":49,"column":66}}},"5":{"name":"(anonymous_5)","line":52,"loc":{"start":{"line":52,"column":18},"end":{"line":52,"column":35}}},"6":{"name":"(anonymous_6)","line":107,"loc":{"start":{"line":107,"column":45},"end":{"line":107,"column":69}}},"7":{"name":"(anonymous_7)","line":113,"loc":{"start":{"line":113,"column":9},"end":{"line":113,"column":32}}},"8":{"name":"(anonymous_8)","line":114,"loc":{"start":{"line":114,"column":29},"end":{"line":114,"column":41}}},"9":{"name":"(anonymous_9)","line":124,"loc":{"start":{"line":124,"column":48},"end":{"line":124,"column":72}}},"10":{"name":"(anonymous_10)","line":130,"loc":{"start":{"line":130,"column":9},"end":{"line":130,"column":32}}},"11":{"name":"(anonymous_11)","line":131,"loc":{"start":{"line":131,"column":29},"end":{"line":131,"column":41}}}},"statementMap":{"1":{"start":{"line":12,"column":0},"end":{"line":12,"column":43}},"2":{"start":{"line":13,"column":0},"end":{"line":19,"column":2}},"3":{"start":{"line":18,"column":2},"end":{"line":18,"column":17}},"4":{"start":{"line":23,"column":0},"end":{"line":143,"column":5}},"5":{"start":{"line":28,"column":2},"end":{"line":141,"column":4}},"6":{"start":{"line":36,"column":6},"end":{"line":36,"column":69}},"7":{"start":{"line":38,"column":6},"end":{"line":38,"column":36}},"8":{"start":{"line":40,"column":6},"end":{"line":40,"column":38}},"9":{"start":{"line":42,"column":6},"end":{"line":42,"column":35}},"10":{"start":{"line":44,"column":6},"end":{"line":44,"column":34}},"11":{"start":{"line":46,"column":6},"end":{"line":46,"column":28}},"12":{"start":{"line":50,"column":6},"end":{"line":50,"column":76}},"13":{"start":{"line":51,"column":6},"end":{"line":51,"column":17}},"14":{"start":{"line":52,"column":6},"end":{"line":103,"column":8}},"15":{"start":{"line":53,"column":8},"end":{"line":53,"column":58}},"16":{"start":{"line":54,"column":8},"end":{"line":102,"column":9}},"17":{"start":{"line":57,"column":10},"end":{"line":63,"column":11}},"18":{"start":{"line":58,"column":12},"end":{"line":61,"column":15}},"19":{"start":{"line":62,"column":12},"end":{"line":62,"column":19}},"20":{"start":{"line":65,"column":10},"end":{"line":65,"column":73}},"21":{"start":{"line":66,"column":10},"end":{"line":79,"column":11}},"22":{"start":{"line":68,"column":12},"end":{"line":72,"column":14}},"23":{"start":{"line":73,"column":12},"end":{"line":77,"column":21}},"24":{"start":{"line":78,"column":12},"end":{"line":78,"column":19}},"25":{"start":{"line":81,"column":10},"end":{"line":81,"column":22}},"26":{"start":{"line":82,"column":10},"end":{"line":82,"column":22}},"27":{"start":{"line":83,"column":10},"end":{"line":83,"column":16}},"28":{"start":{"line":86,"column":10},"end":{"line":86,"column":32}},"29":{"start":{"line":87,"column":10},"end":{"line":87,"column":62}},"30":{"start":{"line":88,"column":10},"end":{"line":88,"column":16}},"31":{"start":{"line":91,"column":10},"end":{"line":93,"column":11}},"32":{"start":{"line":92,"column":12},"end":{"line":92,"column":19}},"33":{"start":{"line":94,"column":10},"end":{"line":94,"column":26}},"34":{"start":{"line":96,"column":10},"end":{"line":96,"column":37}},"35":{"start":{"line":98,"column":10},"end":{"line":100,"column":11}},"36":{"start":{"line":99,"column":12},"end":{"line":99,"column":36}},"37":{"start":{"line":101,"column":10},"end":{"line":101,"column":22}},"38":{"start":{"line":104,"column":6},"end":{"line":104,"column":18}},"39":{"start":{"line":111,"column":6},"end":{"line":121,"column":9}},"40":{"start":{"line":114,"column":8},"end":{"line":120,"column":25}},"41":{"start":{"line":116,"column":10},"end":{"line":116,"column":40}},"42":{"start":{"line":118,"column":10},"end":{"line":118,"column":51}},"43":{"start":{"line":119,"column":10},"end":{"line":119,"column":25}},"44":{"start":{"line":128,"column":6},"end":{"line":138,"column":9}},"45":{"start":{"line":131,"column":8},"end":{"line":137,"column":25}},"46":{"start":{"line":133,"column":10},"end":{"line":133,"column":56}},"47":{"start":{"line":135,"column":10},"end":{"line":135,"column":57}},"48":{"start":{"line":136,"column":10},"end":{"line":136,"column":25}},"49":{"start":{"line":142,"column":2},"end":{"line":142,"column":16}}},"branchMap":{"1":{"line":53,"type":"cond-expr","locations":[{"start":{"line":53,"column":42},"end":{"line":53,"column":44}},{"start":{"line":53,"column":47},"end":{"line":53,"column":57}}]},"2":{"line":54,"type":"switch","locations":[{"start":{"line":55,"column":8},"end":{"line":83,"column":16}},{"start":{"line":84,"column":8},"end":{"line":88,"column":16}},{"start":{"line":89,"column":8},"end":{"line":101,"column":22}}]},"3":{"line":57,"type":"if","locations":[{"start":{"line":57,"column":10},"end":{"line":57,"column":10}},{"start":{"line":57,"column":10},"end":{"line":57,"column":10}}]},"4":{"line":66,"type":"if","locations":[{"start":{"line":66,"column":10},"end":{"line":66,"column":10}},{"start":{"line":66,"column":10},"end":{"line":66,"column":10}}]},"5":{"line":73,"type":"cond-expr","locations":[{"start":{"line":73,"column":45},"end":{"line":73,"column":59}},{"start":{"line":73,"column":62},"end":{"line":73,"column":75}}]},"6":{"line":91,"type":"if","locations":[{"start":{"line":91,"column":10},"end":{"line":91,"column":10}},{"start":{"line":91,"column":10},"end":{"line":91,"column":10}}]},"7":{"line":98,"type":"if","locations":[{"start":{"line":98,"column":10},"end":{"line":98,"column":10}},{"start":{"line":98,"column":10},"end":{"line":98,"column":10}}]}}},"/home/travis/build/kaizhu256/node-proxy-lite/utility2.js":{"b":{"1":[2,1],"2":[3,3],"3":[3,3],"4":[3,1,1],"5":[1,2],"6":[2,2],"7":[48,152],"8":[22,130],"9":[22,6],"10":[0,130],"11":[0,0],"12":[75,55],"13":[9,1410],"14":[3,6],"15":[3,3],"16":[9,3],"17":[6,2],"18":[21,6],"19":[27,24,3],"20":[18,150],"21":[84,66],"22":[150,66],"23":[3,165],"24":[3,6],"25":[3,3],"26":[6,6],"27":[176,12793],"28":[4117,8676],"29":[12793,11847,4636,4636,4636],"30":[552,486],"31":[552,423],"32":[1219,17],"33":[1236,1054,26],"34":[1054,1039,87],"35":[26,17,17],"36":[16,10],"37":[28,28],"38":[17,8],"39":[1,6],"40":[3,1],"41":[7,7],"42":[0,378],"43":[372,6],"44":[0,24],"45":[4,20],"46":[456,387],"47":[0,24],"48":[24,20],"49":[9,4],"50":[3,11],"51":[14,10],"52":[14,1],"53":[14,10],"54":[4,0],"55":[216,0],"56":[460,139],"57":[244,24],"58":[960,178],"59":[14,6,8],"60":[14,402],"61":[3,11],"62":[21,21,15],"63":[3,12],"64":[2,10],"65":[10,0],"66":[15,6],"67":[0,339],"68":[0,21],"69":[0,11],"70":[0,48],"71":[0,0,0],"72":[0,48],"73":[0,0],"74":[3,45],"75":[1,2],"76":[1,0],"77":[0,1],"78":[2,0],"79":[0,48],"80":[48,20,0],"81":[0,48],"82":[400,3],"83":[2005,144],"84":[400,74],"85":[59,15],"86":[0,2],"87":[1,2],"88":[2,0],"89":[4,2],"90":[4,2],"91":[0,2],"92":[2,2],"93":[0,2],"94":[0,2],"95":[0,0],"96":[0,0,2],"97":[2,0],"98":[2,0],"99":[0,2],"100":[2,2,2],"101":[0,2],"102":[2,0],"103":[2,0],"104":[2,2],"105":[2,2],"106":[4,2],"107":[6,6],"108":[2,2],"109":[0,1],"110":[1,1],"111":[9,9],"112":[0,1],"113":[0,99],"114":[0,0],"115":[6,2],"116":[2,4],"117":[0,4],"118":[4,3],"119":[1,0],"120":[1,1],"121":[1,0],"122":[0,1],"123":[1,0],"124":[1,26],"125":[10,45],"126":[29,26],"127":[5,21],"128":[26,10],"129":[2,2,5,2,5],"130":[3,2],"131":[87,0],"132":[0,2],"133":[1,1],"134":[1,1],"135":[1,0],"136":[6,6],"137":[1,5],"138":[0,1],"139":[2,0],"140":[2,2],"141":[0,1],"142":[1,1],"143":[1,0],"144":[1,1],"145":[0,1],"146":[1,14],"147":[3,3,3,3,3],"148":[3,3],"149":[2,1],"150":[3,3],"151":[3,3],"152":[0,3],"153":[0,3],"154":[0,3],"155":[0,0,0,0,0,0,0],"156":[0,0],"157":[0,0],"158":[0,0],"159":[0,0],"160":[0,0],"161":[0,3],"162":[1,2],"163":[0,3],"164":[3,0],"165":[3,0],"166":[1,2],"167":[1,1],"168":[1,0],"169":[0,18],"170":[18,0],"171":[3,6],"172":[6,0],"173":[6,6],"174":[12,0],"175":[0,0],"176":[2,2,2],"177":[2,2],"178":[1,1],"179":[2,1],"180":[1,1],"181":[2,2],"182":[2,2],"183":[1,1],"184":[24,24,24],"185":[24,0],"186":[24,0],"187":[24,24,24],"188":[0,24],"189":[24,6],"190":[0,24],"191":[46,22],"192":[24,0],"193":[0,0],"194":[14,0],"195":[14,0],"196":[0,4],"197":[2,2,0],"198":[0,2],"199":[2,0],"200":[0,2],"201":[0,1],"202":[1,0],"203":[21,0],"204":[21,0],"205":[21,0],"206":[3,3],"207":[0,3],"208":[3,3],"209":[0,0],"210":[0,0,0,0],"211":[0,0],"212":[0,0],"213":[0,0],"214":[0,0,0],"215":[0,0],"216":[0,0],"217":[0,0,0],"218":[0,0],"219":[0,0,0],"220":[0,0,0,0],"221":[0,0],"222":[0,0],"223":[0,0],"224":[0,0],"225":[0,0,0,0,0,0,0],"226":[0,0],"227":[0,0]},"f":{"1":6,"2":3,"3":3,"4":10,"5":200,"6":3,"7":3,"8":3,"9":3,"10":3,"11":1419,"12":3,"13":3,"14":3,"15":3,"16":3,"17":3,"18":3,"19":3,"20":3,"21":3,"22":3,"23":3,"24":3,"25":3,"26":3,"27":3,"28":3,"29":3,"30":3,"31":3,"32":3,"33":3,"34":9,"35":3,"36":6,"37":27,"38":3,"39":168,"40":132,"41":120,"42":149,"43":9,"44":3,"45":3,"46":3,"47":3,"48":11,"49":3,"50":3,"51":3,"52":3,"53":4586,"54":12969,"55":3,"56":552,"57":3,"58":569,"59":1236,"60":16,"61":16,"62":63,"63":63,"64":3,"65":3,"66":3,"67":14,"68":28,"69":25,"70":396,"71":4,"72":7,"73":24,"74":378,"75":843,"76":13,"77":4,"78":216,"79":460,"80":244,"81":960,"82":416,"83":24,"84":378,"85":21,"86":339,"87":0,"88":3,"89":48,"90":48,"91":6,"92":1,"93":25,"94":3,"95":3,"96":3,"97":400,"98":2149,"99":3,"100":400,"101":59,"102":372,"103":2,"104":2,"105":3,"106":3,"107":4,"108":2,"109":4,"110":2,"111":2,"112":2,"113":2,"114":2,"115":2,"116":2,"117":0,"118":0,"119":6,"120":4,"121":8,"122":1,"123":1,"124":9,"125":2,"126":1,"127":99,"128":8,"129":8,"130":1,"131":1,"132":1,"133":27,"134":2,"135":55,"136":12,"137":43,"138":87,"139":8,"140":15,"141":8,"142":4,"143":2,"144":6,"145":2,"146":1,"147":6,"148":2,"149":2,"150":2,"151":1,"152":2,"153":1,"154":2,"155":1,"156":24,"157":1,"158":1,"159":3,"160":15,"161":3,"162":8,"163":18,"164":11,"165":35,"166":12,"167":0,"168":1,"169":1,"170":1,"171":1,"172":2,"173":6,"174":3,"175":1,"176":4,"177":2,"178":1,"179":1,"180":1,"181":1,"182":1,"183":1,"184":1,"185":1,"186":0,"187":0,"188":0,"189":0,"190":0,"191":0,"192":0,"193":2,"194":2,"195":1,"196":2,"197":1,"198":1,"199":24,"200":72,"201":0,"202":14,"203":4,"204":2,"205":4,"206":1,"207":20,"208":21,"209":21,"210":3,"211":1,"212":5,"213":7,"214":5,"215":0,"216":0,"217":0,"218":0,"219":0,"220":0,"221":0,"222":0,"223":0,"224":0,"225":0,"226":0},"s":{"1":3,"2":3,"3":6,"4":3,"5":3,"6":3,"7":2,"8":3,"9":3,"10":3,"11":3,"12":3,"13":3,"14":3,"15":3,"16":3,"17":10,"18":200,"19":200,"20":48,"21":48,"22":152,"23":152,"24":22,"25":22,"26":22,"27":130,"28":130,"29":0,"30":0,"31":0,"32":130,"33":75,"34":3,"35":3,"36":3,"37":3,"38":3,"39":3,"40":3,"41":3,"42":3,"43":3,"44":3,"45":3,"46":1419,"47":9,"48":3,"49":3,"50":3,"51":3,"52":3,"53":3,"54":3,"55":3,"56":3,"57":3,"58":3,"59":3,"60":3,"61":3,"62":3,"63":3,"64":3,"65":3,"66":3,"67":3,"68":3,"69":3,"70":3,"71":3,"72":3,"73":3,"74":3,"75":3,"76":3,"77":3,"78":3,"79":3,"80":3,"81":3,"82":3,"83":3,"84":3,"85":3,"86":3,"87":3,"88":3,"89":3,"90":3,"91":9,"92":3,"93":3,"94":3,"95":3,"96":6,"97":27,"98":3,"99":3,"100":3,"101":3,"102":3,"103":3,"104":3,"105":3,"106":168,"107":132,"108":120,"109":168,"110":149,"111":9,"112":3,"113":6,"114":3,"115":3,"116":3,"117":3,"118":3,"119":3,"120":3,"121":3,"122":3,"123":3,"124":3,"125":3,"126":3,"127":3,"128":3,"129":11,"130":11,"131":11,"132":11,"133":3,"134":3,"135":3,"136":3,"137":3,"138":3,"139":3,"140":3,"141":3,"142":3,"143":4586,"144":12969,"145":12969,"146":12969,"147":12969,"148":176,"149":176,"150":12793,"151":4117,"152":4586,"153":3,"154":3,"155":3,"156":3,"157":552,"158":552,"159":3,"160":3,"161":3,"162":3,"163":3,"164":3,"165":3,"166":3,"167":3,"168":3,"169":3,"170":3,"171":3,"172":569,"173":569,"174":1236,"175":1236,"176":1236,"177":1219,"178":1219,"179":1219,"180":17,"181":16,"182":16,"183":16,"184":16,"185":16,"186":63,"187":16,"188":16,"189":16,"190":63,"191":63,"192":16,"193":3,"194":3,"195":3,"196":3,"197":3,"198":14,"199":14,"200":28,"201":28,"202":28,"203":28,"204":28,"205":25,"206":25,"207":25,"208":17,"209":25,"210":25,"211":396,"212":396,"213":396,"214":396,"215":14,"216":4,"217":4,"218":7,"219":1,"220":4,"221":3,"222":14,"223":7,"224":14,"225":14,"226":14,"227":14,"228":14,"229":24,"230":24,"231":24,"232":24,"233":378,"234":0,"235":0,"236":0,"237":378,"238":372,"239":372,"240":372,"241":6,"242":6,"243":6,"244":24,"245":24,"246":843,"247":843,"248":843,"249":24,"250":0,"251":14,"252":13,"253":13,"254":13,"255":14,"256":3,"257":14,"258":14,"259":14,"260":4,"261":4,"262":4,"263":216,"264":216,"265":460,"266":460,"267":4,"268":244,"269":244,"270":4,"271":960,"272":960,"273":14,"274":14,"275":14,"276":14,"277":416,"278":14,"279":14,"280":14,"281":24,"282":24,"283":378,"284":14,"285":14,"286":3,"287":11,"288":21,"289":21,"290":21,"291":339,"292":339,"293":0,"294":0,"295":0,"296":0,"297":0,"298":339,"299":3,"300":3,"301":3,"302":3,"303":3,"304":3,"305":3,"306":48,"307":48,"308":48,"309":0,"310":0,"311":48,"312":0,"313":0,"314":0,"315":0,"316":48,"317":48,"318":48,"319":48,"320":3,"321":3,"322":3,"323":6,"324":3,"325":1,"326":1,"327":1,"328":1,"329":1,"330":1,"331":1,"332":1,"333":2,"334":2,"335":2,"336":48,"337":48,"338":48,"339":0,"340":0,"341":48,"342":0,"343":0,"344":0,"345":48,"346":0,"347":25,"348":25,"349":12,"350":3,"351":3,"352":3,"353":3,"354":3,"355":400,"356":400,"357":400,"358":2149,"359":2149,"360":3,"361":3,"362":3,"363":3,"364":3,"365":3,"366":400,"367":400,"368":59,"369":59,"370":372,"371":400,"372":400,"373":474,"374":474,"375":400,"376":74,"377":74,"378":59,"379":400,"380":2,"381":2,"382":0,"383":0,"384":2,"385":2,"386":0,"387":3,"388":3,"389":3,"390":3,"391":3,"392":1,"393":2,"394":2,"395":2,"396":2,"397":2,"398":4,"399":4,"400":4,"401":2,"402":4,"403":2,"404":2,"405":2,"406":2,"407":2,"408":2,"409":0,"410":2,"411":2,"412":2,"413":2,"414":2,"415":2,"416":2,"417":2,"418":2,"419":2,"420":0,"421":2,"422":2,"423":2,"424":0,"425":2,"426":2,"427":2,"428":2,"429":2,"430":2,"431":2,"432":2,"433":2,"434":0,"435":2,"436":2,"437":2,"438":2,"439":0,"440":0,"441":2,"442":2,"443":2,"444":0,"445":2,"446":2,"447":2,"448":2,"449":2,"450":2,"451":2,"452":2,"453":2,"454":0,"455":0,"456":2,"457":2,"458":2,"459":2,"460":2,"461":0,"462":2,"463":6,"464":4,"465":4,"466":2,"467":2,"468":2,"469":2,"470":2,"471":6,"472":4,"473":4,"474":8,"475":8,"476":8,"477":3,"478":1,"479":1,"480":1,"481":0,"482":1,"483":1,"484":1,"485":9,"486":1,"487":2,"488":2,"489":1,"490":1,"491":1,"492":0,"493":1,"494":1,"495":1,"496":1,"497":1,"498":1,"499":1,"500":1,"501":99,"502":99,"503":0,"504":1,"505":8,"506":6,"507":6,"508":6,"509":8,"510":6,"511":6,"512":2,"513":1,"514":1,"515":1,"516":1,"517":1,"518":0,"519":1,"520":1,"521":1,"522":1,"523":1,"524":1,"525":1,"526":27,"527":1,"528":1,"529":1,"530":2,"531":2,"532":55,"533":55,"534":55,"535":10,"536":55,"537":29,"538":26,"539":5,"540":26,"541":26,"542":2,"543":12,"544":12,"545":12,"546":12,"547":2,"548":2,"549":5,"550":5,"551":3,"552":5,"553":5,"554":43,"555":43,"556":43,"557":43,"558":87,"559":43,"560":5,"561":8,"562":8,"563":5,"564":5,"565":5,"566":12,"567":12,"568":12,"569":2,"570":15,"571":8,"572":2,"573":2,"574":0,"575":2,"576":4,"577":4,"578":2,"579":1,"580":2,"581":6,"582":6,"583":6,"584":2,"585":1,"586":1,"587":1,"588":1,"589":1,"590":6,"591":6,"592":6,"593":1,"594":1,"595":1,"596":2,"597":2,"598":2,"599":2,"600":2,"601":2,"602":1,"603":0,"604":1,"605":1,"606":1,"607":1,"608":2,"609":2,"610":2,"611":2,"612":2,"613":2,"614":2,"615":0,"616":1,"617":2,"618":1,"619":1,"620":0,"621":1,"622":1,"623":1,"624":1,"625":1,"626":24,"627":1,"628":1,"629":3,"630":3,"631":3,"632":15,"633":15,"634":3,"635":3,"636":3,"637":2,"638":3,"639":3,"640":3,"641":3,"642":3,"643":3,"644":3,"645":3,"646":3,"647":3,"648":3,"649":3,"650":3,"651":3,"652":3,"653":3,"654":3,"655":0,"656":0,"657":0,"658":0,"659":0,"660":0,"661":0,"662":0,"663":0,"664":0,"665":0,"666":0,"667":0,"668":0,"669":0,"670":0,"671":0,"672":0,"673":3,"674":3,"675":3,"676":3,"677":1,"678":1,"679":2,"680":2,"681":3,"682":0,"683":3,"684":3,"685":3,"686":3,"687":3,"688":3,"689":3,"690":1,"691":1,"692":1,"693":2,"694":3,"695":3,"696":3,"697":8,"698":18,"699":0,"700":11,"701":6,"702":6,"703":6,"704":35,"705":12,"706":12,"707":0,"708":0,"709":0,"710":0,"711":0,"712":0,"713":1,"714":1,"715":1,"716":1,"717":1,"718":1,"719":1,"720":2,"721":2,"722":2,"723":6,"724":6,"725":2,"726":2,"727":2,"728":2,"729":2,"730":2,"731":2,"732":2,"733":1,"734":1,"735":3,"736":2,"737":1,"738":2,"739":2,"740":2,"741":2,"742":2,"743":2,"744":1,"745":1,"746":4,"747":4,"748":4,"749":2,"750":2,"751":2,"752":2,"753":2,"754":1,"755":1,"756":1,"757":1,"758":1,"759":1,"760":1,"761":1,"762":1,"763":1,"764":1,"765":1,"766":1,"767":1,"768":0,"769":0,"770":0,"771":0,"772":0,"773":0,"774":0,"775":0,"776":0,"777":0,"778":0,"779":0,"780":2,"781":2,"782":2,"783":2,"784":2,"785":2,"786":2,"787":2,"788":2,"789":1,"790":1,"791":2,"792":2,"793":2,"794":1,"795":1,"796":1,"797":1,"798":1,"799":1,"800":24,"801":24,"802":24,"803":72,"804":72,"805":24,"806":24,"807":24,"808":24,"809":24,"810":24,"811":24,"812":24,"813":24,"814":0,"815":0,"816":24,"817":24,"818":0,"819":0,"820":24,"821":0,"822":24,"823":22,"824":24,"825":24,"826":24,"827":24,"828":0,"829":0,"830":24,"831":24,"832":24,"833":24,"834":0,"835":0,"836":0,"837":0,"838":14,"839":14,"840":14,"841":14,"842":14,"843":0,"844":4,"845":4,"846":2,"847":2,"848":2,"849":4,"850":4,"851":2,"852":0,"853":0,"854":2,"855":2,"856":2,"857":2,"858":2,"859":2,"860":2,"861":2,"862":0,"863":2,"864":1,"865":1,"866":0,"867":0,"868":0,"869":1,"870":20,"871":20,"872":21,"873":21,"874":21,"875":21,"876":21,"877":3,"878":3,"879":3,"880":0,"881":3,"882":3,"883":3,"884":3,"885":3,"886":1,"887":1,"888":1,"889":3,"890":5,"891":5,"892":5,"893":7,"894":5,"895":0,"896":0,"897":0,"898":0,"899":0,"900":0,"901":0,"902":0,"903":0,"904":0,"905":0,"906":0,"907":0,"908":0,"909":0,"910":0,"911":0,"912":0,"913":0,"914":0,"915":0,"916":0,"917":0,"918":0,"919":0,"920":0,"921":0,"922":0,"923":0,"924":0,"925":0,"926":0,"927":0,"928":0,"929":0,"930":0,"931":0,"932":0,"933":0,"934":0,"935":0,"936":0,"937":0,"938":0,"939":0,"940":0,"941":0,"942":0,"943":0,"944":0,"945":0,"946":0,"947":0,"948":0,"949":0,"950":0,"951":0,"952":0,"953":0,"954":0,"955":0,"956":0,"957":0,"958":0,"959":0,"960":0,"961":0,"962":0,"963":0,"964":0,"965":0,"966":0,"967":0,"968":0,"969":0,"970":0,"971":0,"972":0,"973":0,"974":0,"975":0,"976":0,"977":0,"978":0,"979":0,"980":0,"981":0,"982":0,"983":0,"984":0,"985":0,"986":0,"987":0,"988":0,"989":0,"990":0,"991":0,"992":0,"993":0,"994":1},"path":"/home/travis/build/kaizhu256/node-proxy-lite/utility2.js","fnMap":{"1":{"name":"(anonymous_1)","line":12,"loc":{"start":{"line":12,"column":15},"end":{"line":12,"column":33}}},"2":{"name":"submoduleUtility2Shared","line":22,"loc":{"start":{"line":22,"column":1},"end":{"line":22,"column":36}}},"3":{"name":"(anonymous_3)","line":30,"loc":{"start":{"line":30,"column":11},"end":{"line":30,"column":23}}},"4":{"name":"(anonymous_4)","line":92,"loc":{"start":{"line":92,"column":19},"end":{"line":92,"column":36}}},"5":{"name":"(anonymous_5)","line":96,"loc":{"start":{"line":96,"column":33},"end":{"line":96,"column":48}}},"6":{"name":"(anonymous_6)","line":128,"loc":{"start":{"line":128,"column":33},"end":{"line":128,"column":57}}},"7":{"name":"(anonymous_7)","line":134,"loc":{"start":{"line":134,"column":9},"end":{"line":134,"column":33}}},"8":{"name":"(anonymous_8)","line":149,"loc":{"start":{"line":149,"column":24},"end":{"line":149,"column":48}}},"9":{"name":"(anonymous_9)","line":155,"loc":{"start":{"line":155,"column":9},"end":{"line":155,"column":32}}},"10":{"name":"(anonymous_10)","line":156,"loc":{"start":{"line":156,"column":29},"end":{"line":156,"column":41}}},"11":{"name":"(anonymous_11)","line":166,"loc":{"start":{"line":166,"column":12},"end":{"line":166,"column":39}}},"12":{"name":"(anonymous_12)","line":182,"loc":{"start":{"line":182,"column":26},"end":{"line":182,"column":50}}},"13":{"name":"(anonymous_13)","line":189,"loc":{"start":{"line":189,"column":27},"end":{"line":189,"column":39}}},"14":{"name":"(anonymous_14)","line":191,"loc":{"start":{"line":191,"column":9},"end":{"line":191,"column":26}}},"15":{"name":"(anonymous_15)","line":198,"loc":{"start":{"line":198,"column":27},"end":{"line":198,"column":39}}},"16":{"name":"(anonymous_16)","line":200,"loc":{"start":{"line":200,"column":9},"end":{"line":200,"column":26}}},"17":{"name":"(anonymous_17)","line":210,"loc":{"start":{"line":210,"column":27},"end":{"line":210,"column":39}}},"18":{"name":"(anonymous_18)","line":212,"loc":{"start":{"line":212,"column":9},"end":{"line":212,"column":26}}},"19":{"name":"(anonymous_19)","line":221,"loc":{"start":{"line":221,"column":14},"end":{"line":221,"column":34}}},"20":{"name":"(anonymous_20)","line":228,"loc":{"start":{"line":228,"column":14},"end":{"line":228,"column":37}}},"21":{"name":"(anonymous_21)","line":237,"loc":{"start":{"line":237,"column":14},"end":{"line":237,"column":41}}},"22":{"name":"(anonymous_22)","line":246,"loc":{"start":{"line":246,"column":16},"end":{"line":246,"column":40}}},"23":{"name":"(anonymous_23)","line":253,"loc":{"start":{"line":253,"column":16},"end":{"line":253,"column":43}}},"24":{"name":"(anonymous_24)","line":262,"loc":{"start":{"line":262,"column":16},"end":{"line":262,"column":47}}},"25":{"name":"(anonymous_25)","line":271,"loc":{"start":{"line":271,"column":25},"end":{"line":271,"column":49}}},"26":{"name":"(anonymous_26)","line":275,"loc":{"start":{"line":275,"column":23},"end":{"line":275,"column":40}}},"27":{"name":"(anonymous_27)","line":279,"loc":{"start":{"line":279,"column":29},"end":{"line":279,"column":46}}},"28":{"name":"(anonymous_28)","line":283,"loc":{"start":{"line":283,"column":35},"end":{"line":283,"column":52}}},"29":{"name":"(anonymous_29)","line":287,"loc":{"start":{"line":287,"column":25},"end":{"line":287,"column":42}}},"30":{"name":"(anonymous_30)","line":291,"loc":{"start":{"line":291,"column":31},"end":{"line":291,"column":48}}},"31":{"name":"(anonymous_31)","line":295,"loc":{"start":{"line":295,"column":37},"end":{"line":295,"column":54}}},"32":{"name":"(anonymous_32)","line":302,"loc":{"start":{"line":302,"column":18},"end":{"line":302,"column":33}}},"33":{"name":"(anonymous_33)","line":314,"loc":{"start":{"line":314,"column":32},"end":{"line":314,"column":56}}},"34":{"name":"(anonymous_34)","line":320,"loc":{"start":{"line":320,"column":27},"end":{"line":320,"column":40}}},"35":{"name":"(anonymous_35)","line":323,"loc":{"start":{"line":323,"column":9},"end":{"line":323,"column":33}}},"36":{"name":"(anonymous_36)","line":334,"loc":{"start":{"line":334,"column":16},"end":{"line":334,"column":33}}},"37":{"name":"(anonymous_37)","line":341,"loc":{"start":{"line":341,"column":26},"end":{"line":341,"column":60}}},"38":{"name":"(anonymous_38)","line":351,"loc":{"start":{"line":351,"column":40},"end":{"line":351,"column":64}}},"39":{"name":"(anonymous_39)","line":374,"loc":{"start":{"line":374,"column":34},"end":{"line":374,"column":51}}},"40":{"name":"(anonymous_40)","line":383,"loc":{"start":{"line":383,"column":46},"end":{"line":383,"column":61}}},"41":{"name":"(anonymous_41)","line":385,"loc":{"start":{"line":385,"column":24},"end":{"line":385,"column":39}}},"42":{"name":"(anonymous_42)","line":392,"loc":{"start":{"line":392,"column":9},"end":{"line":392,"column":21}}},"43":{"name":"(anonymous_43)","line":399,"loc":{"start":{"line":399,"column":25},"end":{"line":399,"column":48}}},"44":{"name":"(anonymous_44)","line":415,"loc":{"start":{"line":415,"column":39},"end":{"line":415,"column":63}}},"45":{"name":"(anonymous_45)","line":422,"loc":{"start":{"line":422,"column":17},"end":{"line":422,"column":30}}},"46":{"name":"(anonymous_46)","line":425,"loc":{"start":{"line":425,"column":15},"end":{"line":425,"column":28}}},"47":{"name":"(anonymous_47)","line":429,"loc":{"start":{"line":429,"column":9},"end":{"line":429,"column":33}}},"48":{"name":"(anonymous_48)","line":451,"loc":{"start":{"line":451,"column":20},"end":{"line":451,"column":62}}},"49":{"name":"(anonymous_49)","line":458,"loc":{"start":{"line":458,"column":24},"end":{"line":458,"column":36}}},"50":{"name":"(anonymous_50)","line":463,"loc":{"start":{"line":463,"column":34},"end":{"line":463,"column":58}}},"51":{"name":"(anonymous_51)","line":469,"loc":{"start":{"line":469,"column":29},"end":{"line":469,"column":46}}},"52":{"name":"(anonymous_52)","line":470,"loc":{"start":{"line":470,"column":29},"end":{"line":470,"column":41}}},"53":{"name":"(anonymous_53)","line":484,"loc":{"start":{"line":484,"column":16},"end":{"line":484,"column":45}}},"54":{"name":"(anonymous_54)","line":488,"loc":{"start":{"line":488,"column":36},"end":{"line":488,"column":51}}},"55":{"name":"(anonymous_55)","line":507,"loc":{"start":{"line":507,"column":30},"end":{"line":507,"column":54}}},"56":{"name":"(anonymous_56)","line":524,"loc":{"start":{"line":524,"column":17},"end":{"line":524,"column":61}}},"57":{"name":"(anonymous_57)","line":534,"loc":{"start":{"line":534,"column":31},"end":{"line":534,"column":55}}},"58":{"name":"(anonymous_58)","line":566,"loc":{"start":{"line":566,"column":25},"end":{"line":566,"column":69}}},"59":{"name":"(anonymous_59)","line":574,"loc":{"start":{"line":574,"column":36},"end":{"line":574,"column":51}}},"60":{"name":"(anonymous_60)","line":593,"loc":{"start":{"line":593,"column":14},"end":{"line":593,"column":68}}},"61":{"name":"(anonymous_61)","line":606,"loc":{"start":{"line":606,"column":22},"end":{"line":606,"column":39}}},"62":{"name":"(anonymous_62)","line":609,"loc":{"start":{"line":609,"column":35},"end":{"line":609,"column":51}}},"63":{"name":"(anonymous_63)","line":617,"loc":{"start":{"line":617,"column":25},"end":{"line":617,"column":41}}},"64":{"name":"(anonymous_64)","line":628,"loc":{"start":{"line":628,"column":26},"end":{"line":628,"column":50}}},"65":{"name":"(anonymous_65)","line":632,"loc":{"start":{"line":632,"column":23},"end":{"line":632,"column":40}}},"66":{"name":"(anonymous_66)","line":637,"loc":{"start":{"line":637,"column":9},"end":{"line":637,"column":21}}},"67":{"name":"(anonymous_67)","line":642,"loc":{"start":{"line":642,"column":22},"end":{"line":642,"column":58}}},"68":{"name":"(anonymous_68)","line":659,"loc":{"start":{"line":659,"column":41},"end":{"line":659,"column":67}}},"69":{"name":"(anonymous_69)","line":677,"loc":{"start":{"line":677,"column":44},"end":{"line":677,"column":68}}},"70":{"name":"(anonymous_70)","line":698,"loc":{"start":{"line":698,"column":44},"end":{"line":698,"column":64}}},"71":{"name":"(anonymous_71)","line":720,"loc":{"start":{"line":720,"column":43},"end":{"line":720,"column":68}}},"72":{"name":"(anonymous_72)","line":722,"loc":{"start":{"line":722,"column":45},"end":{"line":722,"column":62}}},"73":{"name":"(anonymous_73)","line":741,"loc":{"start":{"line":741,"column":42},"end":{"line":741,"column":66}}},"74":{"name":"(anonymous_74)","line":745,"loc":{"start":{"line":745,"column":42},"end":{"line":745,"column":62}}},"75":{"name":"(anonymous_75)","line":768,"loc":{"start":{"line":768,"column":39},"end":{"line":768,"column":61}}},"76":{"name":"(anonymous_76)","line":780,"loc":{"start":{"line":780,"column":39},"end":{"line":780,"column":61}}},"77":{"name":"(anonymous_77)","line":792,"loc":{"start":{"line":792,"column":48},"end":{"line":792,"column":64}}},"78":{"name":"(anonymous_78)","line":798,"loc":{"start":{"line":798,"column":37},"end":{"line":798,"column":55}}},"79":{"name":"(anonymous_79)","line":800,"loc":{"start":{"line":800,"column":34},"end":{"line":800,"column":55}}},"80":{"name":"(anonymous_80)","line":806,"loc":{"start":{"line":806,"column":37},"end":{"line":806,"column":55}}},"81":{"name":"(anonymous_81)","line":811,"loc":{"start":{"line":811,"column":37},"end":{"line":811,"column":55}}},"82":{"name":"(anonymous_82)","line":823,"loc":{"start":{"line":823,"column":25},"end":{"line":823,"column":40}}},"83":{"name":"(anonymous_83)","line":833,"loc":{"start":{"line":833,"column":42},"end":{"line":833,"column":66}}},"84":{"name":"(anonymous_84)","line":835,"loc":{"start":{"line":835,"column":42},"end":{"line":835,"column":62}}},"85":{"name":"(anonymous_85)","line":852,"loc":{"start":{"line":852,"column":60},"end":{"line":852,"column":88}}},"86":{"name":"(anonymous_86)","line":875,"loc":{"start":{"line":875,"column":58},"end":{"line":875,"column":78}}},"87":{"name":"(anonymous_87)","line":882,"loc":{"start":{"line":882,"column":27},"end":{"line":882,"column":43}}},"88":{"name":"(anonymous_88)","line":910,"loc":{"start":{"line":910,"column":13},"end":{"line":910,"column":25}}},"89":{"name":"(anonymous_89)","line":923,"loc":{"start":{"line":923,"column":40},"end":{"line":923,"column":60}}},"90":{"name":"(anonymous_90)","line":925,"loc":{"start":{"line":925,"column":23},"end":{"line":925,"column":40}}},"91":{"name":"(anonymous_91)","line":951,"loc":{"start":{"line":951,"column":56},"end":{"line":951,"column":80}}},"92":{"name":"(anonymous_92)","line":995,"loc":{"start":{"line":995,"column":25},"end":{"line":995,"column":37}}},"93":{"name":"(anonymous_93)","line":1041,"loc":{"start":{"line":1041,"column":18},"end":{"line":1041,"column":52}}},"94":{"name":"(anonymous_94)","line":1053,"loc":{"start":{"line":1053,"column":32},"end":{"line":1053,"column":56}}},"95":{"name":"(anonymous_95)","line":1060,"loc":{"start":{"line":1060,"column":27},"end":{"line":1060,"column":39}}},"96":{"name":"(anonymous_96)","line":1062,"loc":{"start":{"line":1062,"column":9},"end":{"line":1062,"column":26}}},"97":{"name":"(anonymous_97)","line":1076,"loc":{"start":{"line":1076,"column":16},"end":{"line":1076,"column":42}}},"98":{"name":"(anonymous_98)","line":1084,"loc":{"start":{"line":1084,"column":80},"end":{"line":1084,"column":95}}},"99":{"name":"(anonymous_99)","line":1091,"loc":{"start":{"line":1091,"column":30},"end":{"line":1091,"column":54}}},"100":{"name":"(anonymous_100)","line":1116,"loc":{"start":{"line":1116,"column":21},"end":{"line":1116,"column":47}}},"101":{"name":"(anonymous_101)","line":1122,"loc":{"start":{"line":1122,"column":23},"end":{"line":1122,"column":46}}},"102":{"name":"(anonymous_102)","line":1125,"loc":{"start":{"line":1125,"column":31},"end":{"line":1125,"column":47}}},"103":{"name":"(anonymous_103)","line":1148,"loc":{"start":{"line":1148,"column":21},"end":{"line":1148,"column":45}}},"104":{"name":"(anonymous_104)","line":1152,"loc":{"start":{"line":1152,"column":13},"end":{"line":1152,"column":36}}},"105":{"name":"submoduleUtility2Browser","line":1171,"loc":{"start":{"line":1171,"column":1},"end":{"line":1171,"column":37}}},"106":{"name":"(anonymous_106)","line":1179,"loc":{"start":{"line":1179,"column":11},"end":{"line":1179,"column":23}}},"107":{"name":"(anonymous_107)","line":1198,"loc":{"start":{"line":1198,"column":15},"end":{"line":1198,"column":27}}},"108":{"name":"(anonymous_108)","line":1213,"loc":{"start":{"line":1213,"column":39},"end":{"line":1213,"column":63}}},"109":{"name":"(anonymous_109)","line":1221,"loc":{"start":{"line":1221,"column":34},"end":{"line":1221,"column":46}}},"110":{"name":"(anonymous_110)","line":1230,"loc":{"start":{"line":1230,"column":9},"end":{"line":1230,"column":33}}},"111":{"name":"(anonymous_111)","line":1240,"loc":{"start":{"line":1240,"column":15},"end":{"line":1240,"column":27}}},"112":{"name":"(anonymous_112)","line":1253,"loc":{"start":{"line":1253,"column":38},"end":{"line":1253,"column":50}}},"113":{"name":"(anonymous_113)","line":1262,"loc":{"start":{"line":1262,"column":36},"end":{"line":1262,"column":48}}},"114":{"name":"(anonymous_114)","line":1273,"loc":{"start":{"line":1273,"column":10},"end":{"line":1273,"column":43}}},"115":{"name":"(anonymous_115)","line":1279,"loc":{"start":{"line":1279,"column":22},"end":{"line":1279,"column":45}}},"116":{"name":"(anonymous_116)","line":1291,"loc":{"start":{"line":1291,"column":21},"end":{"line":1291,"column":38}}},"117":{"name":"(anonymous_117)","line":1341,"loc":{"start":{"line":1341,"column":44},"end":{"line":1341,"column":68}}},"118":{"name":"(anonymous_118)","line":1353,"loc":{"start":{"line":1353,"column":49},"end":{"line":1353,"column":64}}},"119":{"name":"(anonymous_119)","line":1360,"loc":{"start":{"line":1360,"column":23},"end":{"line":1360,"column":35}}},"120":{"name":"(anonymous_120)","line":1384,"loc":{"start":{"line":1384,"column":28},"end":{"line":1384,"column":40}}},"121":{"name":"(anonymous_121)","line":1402,"loc":{"start":{"line":1402,"column":25},"end":{"line":1402,"column":55}}},"122":{"name":"submoduleUtility2Nodejs","line":1418,"loc":{"start":{"line":1418,"column":1},"end":{"line":1418,"column":36}}},"123":{"name":"(anonymous_123)","line":1426,"loc":{"start":{"line":1426,"column":11},"end":{"line":1426,"column":23}}},"124":{"name":"(anonymous_124)","line":1446,"loc":{"start":{"line":1446,"column":16},"end":{"line":1446,"column":34}}},"125":{"name":"(anonymous_125)","line":1453,"loc":{"start":{"line":1453,"column":16},"end":{"line":1453,"column":34}}},"126":{"name":"(anonymous_126)","line":1479,"loc":{"start":{"line":1479,"column":14},"end":{"line":1479,"column":26}}},"127":{"name":"(anonymous_127)","line":1487,"loc":{"start":{"line":1487,"column":46},"end":{"line":1487,"column":61}}},"128":{"name":"(anonymous_128)","line":1494,"loc":{"start":{"line":1494,"column":19},"end":{"line":1494,"column":38}}},"129":{"name":"(anonymous_129)","line":1504,"loc":{"start":{"line":1504,"column":57},"end":{"line":1504,"column":74}}},"130":{"name":"(anonymous_130)","line":1522,"loc":{"start":{"line":1522,"column":27},"end":{"line":1522,"column":39}}},"131":{"name":"(anonymous_131)","line":1534,"loc":{"start":{"line":1534,"column":17},"end":{"line":1534,"column":29}}},"132":{"name":"(anonymous_132)","line":1542,"loc":{"start":{"line":1542,"column":19},"end":{"line":1542,"column":31}}},"133":{"name":"(anonymous_133)","line":1548,"loc":{"start":{"line":1548,"column":34},"end":{"line":1548,"column":49}}},"134":{"name":"(anonymous_134)","line":1559,"loc":{"start":{"line":1559,"column":15},"end":{"line":1559,"column":27}}},"135":{"name":"(anonymous_135)","line":1565,"loc":{"start":{"line":1565,"column":18},"end":{"line":1565,"column":37}}},"136":{"name":"(anonymous_136)","line":1588,"loc":{"start":{"line":1588,"column":18},"end":{"line":1588,"column":34}}},"137":{"name":"(anonymous_137)","line":1619,"loc":{"start":{"line":1619,"column":12},"end":{"line":1619,"column":45}}},"138":{"name":"(anonymous_138)","line":1631,"loc":{"start":{"line":1631,"column":41},"end":{"line":1631,"column":59}}},"139":{"name":"(anonymous_139)","line":1641,"loc":{"start":{"line":1641,"column":13},"end":{"line":1641,"column":48}}},"140":{"name":"(anonymous_140)","line":1665,"loc":{"start":{"line":1665,"column":24},"end":{"line":1665,"column":48}}},"141":{"name":"(anonymous_141)","line":1672,"loc":{"start":{"line":1672,"column":11},"end":{"line":1672,"column":28}}},"142":{"name":"(anonymous_142)","line":1684,"loc":{"start":{"line":1684,"column":45},"end":{"line":1684,"column":61}}},"143":{"name":"(anonymous_143)","line":1691,"loc":{"start":{"line":1691,"column":11},"end":{"line":1691,"column":35}}},"144":{"name":"(anonymous_144)","line":1699,"loc":{"start":{"line":1699,"column":55},"end":{"line":1699,"column":71}}},"145":{"name":"(anonymous_145)","line":1708,"loc":{"start":{"line":1708,"column":11},"end":{"line":1708,"column":35}}},"146":{"name":"(anonymous_146)","line":1724,"loc":{"start":{"line":1724,"column":30},"end":{"line":1724,"column":54}}},"147":{"name":"(anonymous_147)","line":1729,"loc":{"start":{"line":1729,"column":25},"end":{"line":1729,"column":42}}},"148":{"name":"(anonymous_148)","line":1737,"loc":{"start":{"line":1737,"column":47},"end":{"line":1737,"column":63}}},"149":{"name":"(anonymous_149)","line":1739,"loc":{"start":{"line":1739,"column":31},"end":{"line":1739,"column":54}}},"150":{"name":"(anonymous_150)","line":1744,"loc":{"start":{"line":1744,"column":21},"end":{"line":1744,"column":33}}},"151":{"name":"(anonymous_151)","line":1751,"loc":{"start":{"line":1751,"column":15},"end":{"line":1751,"column":27}}},"152":{"name":"(anonymous_152)","line":1771,"loc":{"start":{"line":1771,"column":19},"end":{"line":1771,"column":61}}},"153":{"name":"(anonymous_153)","line":1789,"loc":{"start":{"line":1789,"column":33},"end":{"line":1789,"column":57}}},"154":{"name":"(anonymous_154)","line":1796,"loc":{"start":{"line":1796,"column":16},"end":{"line":1796,"column":34}}},"155":{"name":"(anonymous_155)","line":1802,"loc":{"start":{"line":1802,"column":17},"end":{"line":1802,"column":29}}},"156":{"name":"(anonymous_156)","line":1823,"loc":{"start":{"line":1823,"column":33},"end":{"line":1823,"column":62}}},"157":{"name":"(anonymous_157)","line":1824,"loc":{"start":{"line":1824,"column":52},"end":{"line":1824,"column":69}}},"158":{"name":"(anonymous_158)","line":1829,"loc":{"start":{"line":1829,"column":34},"end":{"line":1829,"column":46}}},"159":{"name":"(anonymous_159)","line":1834,"loc":{"start":{"line":1834,"column":10},"end":{"line":1834,"column":43}}},"160":{"name":"(anonymous_160)","line":1848,"loc":{"start":{"line":1848,"column":18},"end":{"line":1848,"column":41}}},"161":{"name":"(anonymous_161)","line":1982,"loc":{"start":{"line":1982,"column":31},"end":{"line":1982,"column":50}}},"162":{"name":"(anonymous_162)","line":1993,"loc":{"start":{"line":1993,"column":27},"end":{"line":1993,"column":46}}},"163":{"name":"(anonymous_163)","line":2000,"loc":{"start":{"line":2000,"column":28},"end":{"line":2000,"column":47}}},"164":{"name":"(anonymous_164)","line":2010,"loc":{"start":{"line":2010,"column":25},"end":{"line":2010,"column":44}}},"165":{"name":"(anonymous_165)","line":2024,"loc":{"start":{"line":2024,"column":25},"end":{"line":2024,"column":44}}},"166":{"name":"(anonymous_166)","line":2031,"loc":{"start":{"line":2031,"column":35},"end":{"line":2031,"column":54}}},"167":{"name":"(anonymous_167)","line":2040,"loc":{"start":{"line":2040,"column":49},"end":{"line":2040,"column":72}}},"168":{"name":"(anonymous_168)","line":2051,"loc":{"start":{"line":2051,"column":43},"end":{"line":2051,"column":55}}},"169":{"name":"(anonymous_169)","line":2075,"loc":{"start":{"line":2075,"column":57},"end":{"line":2075,"column":81}}},"170":{"name":"(anonymous_170)","line":2081,"loc":{"start":{"line":2081,"column":24},"end":{"line":2081,"column":36}}},"171":{"name":"(anonymous_171)","line":2086,"loc":{"start":{"line":2086,"column":9},"end":{"line":2086,"column":33}}},"172":{"name":"(anonymous_172)","line":2092,"loc":{"start":{"line":2092,"column":40},"end":{"line":2092,"column":70}}},"173":{"name":"(anonymous_173)","line":2098,"loc":{"start":{"line":2098,"column":18},"end":{"line":2098,"column":41}}},"174":{"name":"(anonymous_174)","line":2126,"loc":{"start":{"line":2126,"column":25},"end":{"line":2126,"column":41}}},"175":{"name":"(anonymous_175)","line":2161,"loc":{"start":{"line":2161,"column":54},"end":{"line":2161,"column":78}}},"176":{"name":"(anonymous_176)","line":2168,"loc":{"start":{"line":2168,"column":26},"end":{"line":2168,"column":53}}},"177":{"name":"(anonymous_177)","line":2182,"loc":{"start":{"line":2182,"column":30},"end":{"line":2182,"column":42}}},"178":{"name":"(anonymous_178)","line":2187,"loc":{"start":{"line":2187,"column":9},"end":{"line":2187,"column":33}}},"179":{"name":"(anonymous_179)","line":2190,"loc":{"start":{"line":2190,"column":16},"end":{"line":2190,"column":40}}},"180":{"name":"(anonymous_180)","line":2194,"loc":{"start":{"line":2194,"column":63},"end":{"line":2194,"column":80}}},"181":{"name":"(anonymous_181)","line":2195,"loc":{"start":{"line":2195,"column":31},"end":{"line":2195,"column":43}}},"182":{"name":"(anonymous_182)","line":2202,"loc":{"start":{"line":2202,"column":16},"end":{"line":2202,"column":40}}},"183":{"name":"(anonymous_183)","line":2213,"loc":{"start":{"line":2213,"column":63},"end":{"line":2213,"column":80}}},"184":{"name":"(anonymous_184)","line":2214,"loc":{"start":{"line":2214,"column":31},"end":{"line":2214,"column":43}}},"185":{"name":"(anonymous_185)","line":2223,"loc":{"start":{"line":2223,"column":25},"end":{"line":2223,"column":37}}},"186":{"name":"(anonymous_186)","line":2230,"loc":{"start":{"line":2230,"column":37},"end":{"line":2230,"column":49}}},"187":{"name":"(anonymous_187)","line":2243,"loc":{"start":{"line":2243,"column":16},"end":{"line":2243,"column":35}}},"188":{"name":"(anonymous_188)","line":2248,"loc":{"start":{"line":2248,"column":31},"end":{"line":2248,"column":43}}},"189":{"name":"(anonymous_189)","line":2259,"loc":{"start":{"line":2259,"column":18},"end":{"line":2259,"column":42}}},"190":{"name":"(anonymous_190)","line":2267,"loc":{"start":{"line":2267,"column":32},"end":{"line":2267,"column":44}}},"191":{"name":"(anonymous_191)","line":2273,"loc":{"start":{"line":2273,"column":25},"end":{"line":2273,"column":37}}},"192":{"name":"(anonymous_192)","line":2274,"loc":{"start":{"line":2274,"column":47},"end":{"line":2274,"column":63}}},"193":{"name":"(anonymous_193)","line":2280,"loc":{"start":{"line":2280,"column":20},"end":{"line":2280,"column":50}}},"194":{"name":"(anonymous_194)","line":2286,"loc":{"start":{"line":2286,"column":22},"end":{"line":2286,"column":39}}},"195":{"name":"(anonymous_195)","line":2314,"loc":{"start":{"line":2314,"column":34},"end":{"line":2314,"column":58}}},"196":{"name":"(anonymous_196)","line":2319,"loc":{"start":{"line":2319,"column":25},"end":{"line":2319,"column":42}}},"197":{"name":"(anonymous_197)","line":2333,"loc":{"start":{"line":2333,"column":21},"end":{"line":2333,"column":37}}},"198":{"name":"(anonymous_198)","line":2343,"loc":{"start":{"line":2343,"column":25},"end":{"line":2343,"column":41}}},"199":{"name":"(anonymous_199)","line":2350,"loc":{"start":{"line":2350,"column":22},"end":{"line":2350,"column":57}}},"200":{"name":"(anonymous_200)","line":2353,"loc":{"start":{"line":2353,"column":18},"end":{"line":2353,"column":30}}},"201":{"name":"(anonymous_201)","line":2420,"loc":{"start":{"line":2420,"column":31},"end":{"line":2420,"column":66}}},"202":{"name":"(anonymous_202)","line":2433,"loc":{"start":{"line":2433,"column":37},"end":{"line":2433,"column":72}}},"203":{"name":"(anonymous_203)","line":2455,"loc":{"start":{"line":2455,"column":46},"end":{"line":2455,"column":69}}},"204":{"name":"(anonymous_204)","line":2461,"loc":{"start":{"line":2461,"column":54},"end":{"line":2461,"column":89}}},"205":{"name":"(anonymous_205)","line":2467,"loc":{"start":{"line":2467,"column":18},"end":{"line":2467,"column":41}}},"206":{"name":"(anonymous_206)","line":2502,"loc":{"start":{"line":2502,"column":26},"end":{"line":2502,"column":65}}},"207":{"name":"(anonymous_207)","line":2519,"loc":{"start":{"line":2519,"column":23},"end":{"line":2519,"column":74}}},"208":{"name":"(anonymous_208)","line":2529,"loc":{"start":{"line":2529,"column":28},"end":{"line":2529,"column":69}}},"209":{"name":"(anonymous_209)","line":2536,"loc":{"start":{"line":2536,"column":37},"end":{"line":2536,"column":52}}},"210":{"name":"(anonymous_210)","line":2545,"loc":{"start":{"line":2545,"column":11},"end":{"line":2545,"column":30}}},"211":{"name":"(anonymous_211)","line":2571,"loc":{"start":{"line":2571,"column":20},"end":{"line":2571,"column":40}}},"212":{"name":"(anonymous_212)","line":2582,"loc":{"start":{"line":2582,"column":19},"end":{"line":2582,"column":59}}},"213":{"name":"(anonymous_213)","line":2589,"loc":{"start":{"line":2589,"column":32},"end":{"line":2589,"column":49}}},"214":{"name":"(anonymous_214)","line":2592,"loc":{"start":{"line":2592,"column":19},"end":{"line":2592,"column":31}}},"215":{"name":"(anonymous_215)","line":2598,"loc":{"start":{"line":2598,"column":20},"end":{"line":2598,"column":53}}},"216":{"name":"(anonymous_216)","line":2612,"loc":{"start":{"line":2612,"column":18},"end":{"line":2612,"column":41}}},"217":{"name":"(anonymous_217)","line":2616,"loc":{"start":{"line":2616,"column":29},"end":{"line":2616,"column":46}}},"218":{"name":"(anonymous_218)","line":2668,"loc":{"start":{"line":2668,"column":35},"end":{"line":2668,"column":53}}},"219":{"name":"(anonymous_219)","line":2673,"loc":{"start":{"line":2673,"column":38},"end":{"line":2673,"column":50}}},"220":{"name":"(anonymous_220)","line":2689,"loc":{"start":{"line":2689,"column":35},"end":{"line":2689,"column":51}}},"221":{"name":"(anonymous_221)","line":2722,"loc":{"start":{"line":2722,"column":21},"end":{"line":2722,"column":57}}},"222":{"name":"(anonymous_222)","line":2728,"loc":{"start":{"line":2728,"column":18},"end":{"line":2728,"column":41}}},"223":{"name":"(anonymous_223)","line":2745,"loc":{"start":{"line":2745,"column":23},"end":{"line":2745,"column":39}}},"224":{"name":"(anonymous_224)","line":2793,"loc":{"start":{"line":2793,"column":26},"end":{"line":2793,"column":59}}},"225":{"name":"(anonymous_225)","line":2804,"loc":{"start":{"line":2804,"column":18},"end":{"line":2804,"column":41}}},"226":{"name":"(anonymous_226)","line":2847,"loc":{"start":{"line":2847,"column":21},"end":{"line":2847,"column":33}}}},"statementMap":{"1":{"start":{"line":11,"column":0},"end":{"line":11,"column":58}},"2":{"start":{"line":12,"column":0},"end":{"line":18,"column":2}},"3":{"start":{"line":17,"column":2},"end":{"line":17,"column":17}},"4":{"start":{"line":22,"column":0},"end":{"line":1167,"column":5}},"5":{"start":{"line":27,"column":2},"end":{"line":1165,"column":4}},"6":{"start":{"line":35,"column":6},"end":{"line":37,"column":7}},"7":{"start":{"line":36,"column":8},"end":{"line":36,"column":31}},"8":{"start":{"line":39,"column":6},"end":{"line":39,"column":42}},"9":{"start":{"line":41,"column":6},"end":{"line":41,"column":57}},"10":{"start":{"line":43,"column":6},"end":{"line":44,"column":27}},"11":{"start":{"line":46,"column":6},"end":{"line":46,"column":50}},"12":{"start":{"line":48,"column":6},"end":{"line":48,"column":85}},"13":{"start":{"line":49,"column":6},"end":{"line":83,"column":9}},"14":{"start":{"line":85,"column":6},"end":{"line":85,"column":64}},"15":{"start":{"line":87,"column":6},"end":{"line":87,"column":33}},"16":{"start":{"line":89,"column":6},"end":{"line":89,"column":53}},"17":{"start":{"line":96,"column":6},"end":{"line":125,"column":9}},"18":{"start":{"line":97,"column":8},"end":{"line":97,"column":18}},"19":{"start":{"line":99,"column":8},"end":{"line":105,"column":9}},"20":{"start":{"line":100,"column":10},"end":{"line":103,"column":13}},"21":{"start":{"line":104,"column":10},"end":{"line":104,"column":17}},"22":{"start":{"line":107,"column":8},"end":{"line":107,"column":44}},"23":{"start":{"line":108,"column":8},"end":{"line":112,"column":9}},"24":{"start":{"line":109,"column":10},"end":{"line":109,"column":50}},"25":{"start":{"line":110,"column":10},"end":{"line":110,"column":49}},"26":{"start":{"line":111,"column":10},"end":{"line":111,"column":17}},"27":{"start":{"line":113,"column":8},"end":{"line":113,"column":56}},"28":{"start":{"line":114,"column":8},"end":{"line":120,"column":9}},"29":{"start":{"line":116,"column":10},"end":{"line":116,"column":83}},"30":{"start":{"line":118,"column":10},"end":{"line":118,"column":58}},"31":{"start":{"line":119,"column":10},"end":{"line":119,"column":17}},"32":{"start":{"line":122,"column":8},"end":{"line":124,"column":9}},"33":{"start":{"line":123,"column":10},"end":{"line":123,"column":36}},"34":{"start":{"line":132,"column":6},"end":{"line":132,"column":15}},"35":{"start":{"line":133,"column":6},"end":{"line":146,"column":9}},"36":{"start":{"line":135,"column":8},"end":{"line":135,"column":19}},"37":{"start":{"line":137,"column":8},"end":{"line":141,"column":11}},"38":{"start":{"line":143,"column":8},"end":{"line":143,"column":51}},"39":{"start":{"line":144,"column":8},"end":{"line":144,"column":65}},"40":{"start":{"line":145,"column":8},"end":{"line":145,"column":23}},"41":{"start":{"line":153,"column":6},"end":{"line":163,"column":9}},"42":{"start":{"line":156,"column":8},"end":{"line":162,"column":25}},"43":{"start":{"line":158,"column":10},"end":{"line":158,"column":40}},"44":{"start":{"line":160,"column":10},"end":{"line":160,"column":51}},"45":{"start":{"line":161,"column":10},"end":{"line":161,"column":25}},"46":{"start":{"line":170,"column":6},"end":{"line":179,"column":7}},"47":{"start":{"line":171,"column":8},"end":{"line":178,"column":11}},"48":{"start":{"line":187,"column":6},"end":{"line":187,"column":33}},"49":{"start":{"line":189,"column":6},"end":{"line":196,"column":9}},"50":{"start":{"line":190,"column":8},"end":{"line":190,"column":30}},"51":{"start":{"line":193,"column":8},"end":{"line":193,"column":54}},"52":{"start":{"line":195,"column":8},"end":{"line":195,"column":87}},"53":{"start":{"line":198,"column":6},"end":{"line":208,"column":9}},"54":{"start":{"line":199,"column":8},"end":{"line":199,"column":54}},"55":{"start":{"line":202,"column":8},"end":{"line":202,"column":54}},"56":{"start":{"line":204,"column":8},"end":{"line":207,"column":10}},"57":{"start":{"line":210,"column":6},"end":{"line":217,"column":9}},"58":{"start":{"line":211,"column":8},"end":{"line":211,"column":50}},"59":{"start":{"line":214,"column":8},"end":{"line":214,"column":54}},"60":{"start":{"line":216,"column":8},"end":{"line":216,"column":89}},"61":{"start":{"line":218,"column":6},"end":{"line":218,"column":21}},"62":{"start":{"line":225,"column":6},"end":{"line":225,"column":17}},"63":{"start":{"line":233,"column":6},"end":{"line":233,"column":21}},"64":{"start":{"line":234,"column":6},"end":{"line":234,"column":17}},"65":{"start":{"line":242,"column":6},"end":{"line":242,"column":25}},"66":{"start":{"line":243,"column":6},"end":{"line":243,"column":17}},"67":{"start":{"line":250,"column":6},"end":{"line":250,"column":39}},"68":{"start":{"line":258,"column":6},"end":{"line":258,"column":21}},"69":{"start":{"line":259,"column":6},"end":{"line":259,"column":39}},"70":{"start":{"line":267,"column":6},"end":{"line":267,"column":25}},"71":{"start":{"line":268,"column":6},"end":{"line":268,"column":39}},"72":{"start":{"line":275,"column":6},"end":{"line":278,"column":9}},"73":{"start":{"line":277,"column":8},"end":{"line":277,"column":38}},"74":{"start":{"line":279,"column":6},"end":{"line":282,"column":9}},"75":{"start":{"line":281,"column":8},"end":{"line":281,"column":38}},"76":{"start":{"line":283,"column":6},"end":{"line":286,"column":9}},"77":{"start":{"line":285,"column":8},"end":{"line":285,"column":38}},"78":{"start":{"line":287,"column":6},"end":{"line":290,"column":9}},"79":{"start":{"line":289,"column":8},"end":{"line":289,"column":54}},"80":{"start":{"line":291,"column":6},"end":{"line":294,"column":9}},"81":{"start":{"line":293,"column":8},"end":{"line":293,"column":54}},"82":{"start":{"line":295,"column":6},"end":{"line":298,"column":9}},"83":{"start":{"line":297,"column":8},"end":{"line":297,"column":54}},"84":{"start":{"line":299,"column":6},"end":{"line":299,"column":21}},"85":{"start":{"line":307,"column":6},"end":{"line":307,"column":45}},"86":{"start":{"line":308,"column":6},"end":{"line":308,"column":46}},"87":{"start":{"line":309,"column":6},"end":{"line":309,"column":22}},"88":{"start":{"line":311,"column":6},"end":{"line":311,"column":17}},"89":{"start":{"line":318,"column":6},"end":{"line":318,"column":18}},"90":{"start":{"line":319,"column":6},"end":{"line":331,"column":9}},"91":{"start":{"line":321,"column":10},"end":{"line":321,"column":38}},"92":{"start":{"line":324,"column":8},"end":{"line":324,"column":21}},"93":{"start":{"line":325,"column":8},"end":{"line":325,"column":56}},"94":{"start":{"line":326,"column":8},"end":{"line":329,"column":10}},"95":{"start":{"line":330,"column":8},"end":{"line":330,"column":23}},"96":{"start":{"line":338,"column":6},"end":{"line":338,"column":42}},"97":{"start":{"line":346,"column":6},"end":{"line":348,"column":34}},"98":{"start":{"line":355,"column":6},"end":{"line":355,"column":15}},"99":{"start":{"line":357,"column":6},"end":{"line":357,"column":53}},"100":{"start":{"line":358,"column":6},"end":{"line":358,"column":47}},"101":{"start":{"line":360,"column":6},"end":{"line":360,"column":55}},"102":{"start":{"line":361,"column":6},"end":{"line":361,"column":47}},"103":{"start":{"line":363,"column":6},"end":{"line":369,"column":9}},"104":{"start":{"line":370,"column":6},"end":{"line":370,"column":75}},"105":{"start":{"line":371,"column":6},"end":{"line":371,"column":21}},"106":{"start":{"line":378,"column":6},"end":{"line":388,"column":29}},"107":{"start":{"line":384,"column":12},"end":{"line":384,"column":60}},"108":{"start":{"line":386,"column":12},"end":{"line":387,"column":61}},"109":{"start":{"line":389,"column":6},"end":{"line":389,"column":50}},"110":{"start":{"line":396,"column":6},"end":{"line":396,"column":13}},"111":{"start":{"line":405,"column":6},"end":{"line":412,"column":7}},"112":{"start":{"line":407,"column":8},"end":{"line":407,"column":92}},"113":{"start":{"line":409,"column":13},"end":{"line":412,"column":7}},"114":{"start":{"line":411,"column":8},"end":{"line":411,"column":93}},"115":{"start":{"line":419,"column":6},"end":{"line":419,"column":18}},"116":{"start":{"line":420,"column":6},"end":{"line":448,"column":9}},"117":{"start":{"line":423,"column":12},"end":{"line":423,"column":24}},"118":{"start":{"line":426,"column":12},"end":{"line":426,"column":24}},"119":{"start":{"line":431,"column":8},"end":{"line":431,"column":23}},"120":{"start":{"line":432,"column":8},"end":{"line":432,"column":79}},"121":{"start":{"line":434,"column":8},"end":{"line":435,"column":90}},"122":{"start":{"line":437,"column":8},"end":{"line":437,"column":23}},"123":{"start":{"line":438,"column":8},"end":{"line":438,"column":46}},"124":{"start":{"line":440,"column":8},"end":{"line":440,"column":50}},"125":{"start":{"line":442,"column":8},"end":{"line":442,"column":21}},"126":{"start":{"line":443,"column":8},"end":{"line":443,"column":84}},"127":{"start":{"line":445,"column":8},"end":{"line":446,"column":86}},"128":{"start":{"line":447,"column":8},"end":{"line":447,"column":23}},"129":{"start":{"line":455,"column":6},"end":{"line":455,"column":16}},"130":{"start":{"line":456,"column":6},"end":{"line":456,"column":92}},"131":{"start":{"line":457,"column":6},"end":{"line":457,"column":31}},"132":{"start":{"line":458,"column":6},"end":{"line":460,"column":18}},"133":{"start":{"line":459,"column":8},"end":{"line":459,"column":28}},"134":{"start":{"line":467,"column":6},"end":{"line":467,"column":22}},"135":{"start":{"line":468,"column":6},"end":{"line":468,"column":31}},"136":{"start":{"line":469,"column":6},"end":{"line":481,"column":52}},"137":{"start":{"line":470,"column":8},"end":{"line":480,"column":25}},"138":{"start":{"line":472,"column":10},"end":{"line":472,"column":49}},"139":{"start":{"line":474,"column":10},"end":{"line":474,"column":53}},"140":{"start":{"line":475,"column":10},"end":{"line":475,"column":49}},"141":{"start":{"line":478,"column":10},"end":{"line":478,"column":65}},"142":{"start":{"line":479,"column":10},"end":{"line":479,"column":25}},"143":{"start":{"line":488,"column":6},"end":{"line":503,"column":9}},"144":{"start":{"line":489,"column":8},"end":{"line":489,"column":32}},"145":{"start":{"line":490,"column":8},"end":{"line":490,"column":34}},"146":{"start":{"line":491,"column":8},"end":{"line":491,"column":32}},"147":{"start":{"line":493,"column":8},"end":{"line":496,"column":9}},"148":{"start":{"line":494,"column":10},"end":{"line":494,"column":35}},"149":{"start":{"line":495,"column":10},"end":{"line":495,"column":17}},"150":{"start":{"line":498,"column":8},"end":{"line":502,"column":9}},"151":{"start":{"line":501,"column":10},"end":{"line":501,"column":48}},"152":{"start":{"line":504,"column":6},"end":{"line":504,"column":21}},"153":{"start":{"line":511,"column":6},"end":{"line":511,"column":18}},"154":{"start":{"line":512,"column":6},"end":{"line":515,"column":8}},"155":{"start":{"line":517,"column":6},"end":{"line":520,"column":8}},"156":{"start":{"line":521,"column":6},"end":{"line":521,"column":21}},"157":{"start":{"line":530,"column":6},"end":{"line":530,"column":84}},"158":{"start":{"line":531,"column":6},"end":{"line":531,"column":21}},"159":{"start":{"line":538,"column":6},"end":{"line":538,"column":32}},"160":{"start":{"line":539,"column":6},"end":{"line":539,"column":18}},"161":{"start":{"line":541,"column":6},"end":{"line":546,"column":8}},"162":{"start":{"line":548,"column":6},"end":{"line":548,"column":50}},"163":{"start":{"line":549,"column":6},"end":{"line":549,"column":95}},"164":{"start":{"line":551,"column":6},"end":{"line":551,"column":51}},"165":{"start":{"line":552,"column":6},"end":{"line":553,"column":79}},"166":{"start":{"line":555,"column":6},"end":{"line":555,"column":43}},"167":{"start":{"line":557,"column":6},"end":{"line":557,"column":50}},"168":{"start":{"line":558,"column":6},"end":{"line":558,"column":94}},"169":{"start":{"line":560,"column":6},"end":{"line":560,"column":51}},"170":{"start":{"line":561,"column":6},"end":{"line":562,"column":79}},"171":{"start":{"line":563,"column":6},"end":{"line":563,"column":21}},"172":{"start":{"line":573,"column":6},"end":{"line":573,"column":30}},"173":{"start":{"line":574,"column":6},"end":{"line":590,"column":9}},"174":{"start":{"line":575,"column":8},"end":{"line":575,"column":32}},"175":{"start":{"line":576,"column":8},"end":{"line":576,"column":48}},"176":{"start":{"line":577,"column":8},"end":{"line":587,"column":9}},"177":{"start":{"line":583,"column":10},"end":{"line":583,"column":33}},"178":{"start":{"line":585,"column":10},"end":{"line":585,"column":35}},"179":{"start":{"line":586,"column":10},"end":{"line":586,"column":17}},"180":{"start":{"line":589,"column":8},"end":{"line":589,"column":77}},"181":{"start":{"line":597,"column":6},"end":{"line":597,"column":24}},"182":{"start":{"line":599,"column":6},"end":{"line":605,"column":25}},"183":{"start":{"line":606,"column":6},"end":{"line":613,"column":8}},"184":{"start":{"line":608,"column":8},"end":{"line":608,"column":36}},"185":{"start":{"line":609,"column":8},"end":{"line":611,"column":11}},"186":{"start":{"line":610,"column":10},"end":{"line":610,"column":57}},"187":{"start":{"line":612,"column":8},"end":{"line":612,"column":28}},"188":{"start":{"line":615,"column":6},"end":{"line":625,"column":7}},"189":{"start":{"line":617,"column":8},"end":{"line":620,"column":11}},"190":{"start":{"line":618,"column":10},"end":{"line":618,"column":23}},"191":{"start":{"line":619,"column":10},"end":{"line":619,"column":60}},"192":{"start":{"line":622,"column":8},"end":{"line":622,"column":28}},"193":{"start":{"line":624,"column":8},"end":{"line":624,"column":29}},"194":{"start":{"line":632,"column":6},"end":{"line":639,"column":9}},"195":{"start":{"line":634,"column":8},"end":{"line":634,"column":54}},"196":{"start":{"line":635,"column":8},"end":{"line":635,"column":23}},"197":{"start":{"line":638,"column":8},"end":{"line":638,"column":33}},"198":{"start":{"line":649,"column":6},"end":{"line":657,"column":25}},"199":{"start":{"line":659,"column":6},"end":{"line":718,"column":9}},"200":{"start":{"line":660,"column":8},"end":{"line":660,"column":16}},"201":{"start":{"line":661,"column":8},"end":{"line":666,"column":11}},"202":{"start":{"line":668,"column":8},"end":{"line":671,"column":10}},"203":{"start":{"line":672,"column":8},"end":{"line":675,"column":10}},"204":{"start":{"line":677,"column":8},"end":{"line":717,"column":11}},"205":{"start":{"line":678,"column":10},"end":{"line":682,"column":13}},"206":{"start":{"line":683,"column":10},"end":{"line":686,"column":12}},"207":{"start":{"line":687,"column":10},"end":{"line":692,"column":11}},"208":{"start":{"line":688,"column":12},"end":{"line":691,"column":14}},"209":{"start":{"line":693,"column":10},"end":{"line":696,"column":12}},"210":{"start":{"line":698,"column":10},"end":{"line":716,"column":13}},"211":{"start":{"line":699,"column":12},"end":{"line":703,"column":15}},"212":{"start":{"line":704,"column":12},"end":{"line":707,"column":14}},"213":{"start":{"line":708,"column":12},"end":{"line":711,"column":14}},"214":{"start":{"line":712,"column":12},"end":{"line":715,"column":14}},"215":{"start":{"line":720,"column":6},"end":{"line":732,"column":9}},"216":{"start":{"line":721,"column":8},"end":{"line":721,"column":29}},"217":{"start":{"line":722,"column":8},"end":{"line":727,"column":11}},"218":{"start":{"line":724,"column":10},"end":{"line":726,"column":11}},"219":{"start":{"line":725,"column":12},"end":{"line":725,"column":77}},"220":{"start":{"line":729,"column":8},"end":{"line":731,"column":9}},"221":{"start":{"line":730,"column":10},"end":{"line":730,"column":59}},"222":{"start":{"line":734,"column":6},"end":{"line":736,"column":7}},"223":{"start":{"line":735,"column":8},"end":{"line":735,"column":59}},"224":{"start":{"line":737,"column":6},"end":{"line":737,"column":31}},"225":{"start":{"line":738,"column":6},"end":{"line":738,"column":33}},"226":{"start":{"line":739,"column":6},"end":{"line":739,"column":33}},"227":{"start":{"line":740,"column":6},"end":{"line":740,"column":34}},"228":{"start":{"line":741,"column":6},"end":{"line":778,"column":9}},"229":{"start":{"line":742,"column":8},"end":{"line":742,"column":37}},"230":{"start":{"line":743,"column":8},"end":{"line":743,"column":37}},"231":{"start":{"line":744,"column":8},"end":{"line":744,"column":38}},"232":{"start":{"line":745,"column":8},"end":{"line":762,"column":11}},"233":{"start":{"line":747,"column":10},"end":{"line":761,"column":11}},"234":{"start":{"line":748,"column":12},"end":{"line":748,"column":39}},"235":{"start":{"line":749,"column":12},"end":{"line":749,"column":42}},"236":{"start":{"line":750,"column":12},"end":{"line":750,"column":40}},"237":{"start":{"line":752,"column":17},"end":{"line":761,"column":11}},"238":{"start":{"line":753,"column":12},"end":{"line":753,"column":39}},"239":{"start":{"line":754,"column":12},"end":{"line":754,"column":42}},"240":{"start":{"line":755,"column":12},"end":{"line":755,"column":40}},"241":{"start":{"line":758,"column":12},"end":{"line":758,"column":40}},"242":{"start":{"line":759,"column":12},"end":{"line":759,"column":43}},"243":{"start":{"line":760,"column":12},"end":{"line":760,"column":41}},"244":{"start":{"line":764,"column":8},"end":{"line":766,"column":25}},"245":{"start":{"line":768,"column":8},"end":{"line":772,"column":11}},"246":{"start":{"line":769,"column":10},"end":{"line":769,"column":78}},"247":{"start":{"line":770,"column":10},"end":{"line":770,"column":78}},"248":{"start":{"line":771,"column":10},"end":{"line":771,"column":39}},"249":{"start":{"line":774,"column":8},"end":{"line":777,"column":9}},"250":{"start":{"line":776,"column":10},"end":{"line":776,"column":60}},"251":{"start":{"line":780,"column":6},"end":{"line":784,"column":9}},"252":{"start":{"line":781,"column":8},"end":{"line":781,"column":76}},"253":{"start":{"line":782,"column":8},"end":{"line":782,"column":76}},"254":{"start":{"line":783,"column":8},"end":{"line":783,"column":37}},"255":{"start":{"line":786,"column":6},"end":{"line":788,"column":7}},"256":{"start":{"line":787,"column":8},"end":{"line":787,"column":69}},"257":{"start":{"line":790,"column":6},"end":{"line":790,"column":56}},"258":{"start":{"line":791,"column":6},"end":{"line":791,"column":56}},"259":{"start":{"line":792,"column":6},"end":{"line":815,"column":9}},"260":{"start":{"line":794,"column":8},"end":{"line":795,"column":34}},"261":{"start":{"line":796,"column":8},"end":{"line":796,"column":43}},"262":{"start":{"line":798,"column":8},"end":{"line":804,"column":11}},"263":{"start":{"line":799,"column":10},"end":{"line":799,"column":50}},"264":{"start":{"line":800,"column":10},"end":{"line":803,"column":13}},"265":{"start":{"line":801,"column":12},"end":{"line":801,"column":59}},"266":{"start":{"line":802,"column":12},"end":{"line":802,"column":41}},"267":{"start":{"line":806,"column":8},"end":{"line":809,"column":11}},"268":{"start":{"line":807,"column":10},"end":{"line":807,"column":49}},"269":{"start":{"line":808,"column":10},"end":{"line":808,"column":45}},"270":{"start":{"line":811,"column":8},"end":{"line":814,"column":11}},"271":{"start":{"line":812,"column":10},"end":{"line":812,"column":49}},"272":{"start":{"line":813,"column":10},"end":{"line":813,"column":45}},"273":{"start":{"line":817,"column":6},"end":{"line":817,"column":51}},"274":{"start":{"line":820,"column":6},"end":{"line":820,"column":58}},"275":{"start":{"line":822,"column":6},"end":{"line":822,"column":50}},"276":{"start":{"line":823,"column":6},"end":{"line":830,"column":8}},"277":{"start":{"line":827,"column":8},"end":{"line":829,"column":9}},"278":{"start":{"line":828,"column":10},"end":{"line":828,"column":57}},"279":{"start":{"line":832,"column":6},"end":{"line":832,"column":35}},"280":{"start":{"line":833,"column":6},"end":{"line":838,"column":9}},"281":{"start":{"line":834,"column":8},"end":{"line":834,"column":39}},"282":{"start":{"line":835,"column":8},"end":{"line":837,"column":11}},"283":{"start":{"line":836,"column":10},"end":{"line":836,"column":37}},"284":{"start":{"line":840,"column":6},"end":{"line":840,"column":25}},"285":{"start":{"line":841,"column":6},"end":{"line":843,"column":7}},"286":{"start":{"line":842,"column":8},"end":{"line":842,"column":15}},"287":{"start":{"line":844,"column":6},"end":{"line":907,"column":8}},"288":{"start":{"line":853,"column":12},"end":{"line":853,"column":34}},"289":{"start":{"line":854,"column":12},"end":{"line":862,"column":15}},"290":{"start":{"line":863,"column":12},"end":{"line":902,"column":15}},"291":{"start":{"line":876,"column":16},"end":{"line":876,"column":36}},"292":{"start":{"line":877,"column":16},"end":{"line":892,"column":17}},"293":{"start":{"line":879,"column":18},"end":{"line":891,"column":50}},"294":{"start":{"line":883,"column":22},"end":{"line":886,"column":23}},"295":{"start":{"line":884,"column":24},"end":{"line":884,"column":87}},"296":{"start":{"line":885,"column":24},"end":{"line":885,"column":74}},"297":{"start":{"line":887,"column":22},"end":{"line":887,"column":45}},"298":{"start":{"line":893,"column":16},"end":{"line":897,"column":19}},"299":{"start":{"line":914,"column":6},"end":{"line":914,"column":62}},"300":{"start":{"line":915,"column":6},"end":{"line":915,"column":36}},"301":{"start":{"line":917,"column":6},"end":{"line":917,"column":42}},"302":{"start":{"line":919,"column":6},"end":{"line":919,"column":40}},"303":{"start":{"line":921,"column":6},"end":{"line":921,"column":44}},"304":{"start":{"line":922,"column":6},"end":{"line":922,"column":51}},"305":{"start":{"line":923,"column":6},"end":{"line":1038,"column":9}},"306":{"start":{"line":924,"column":8},"end":{"line":924,"column":50}},"307":{"start":{"line":925,"column":8},"end":{"line":1016,"column":10}},"308":{"start":{"line":926,"column":10},"end":{"line":931,"column":11}},"309":{"start":{"line":927,"column":12},"end":{"line":928,"column":41}},"310":{"start":{"line":930,"column":12},"end":{"line":930,"column":93}},"311":{"start":{"line":933,"column":10},"end":{"line":939,"column":11}},"312":{"start":{"line":934,"column":12},"end":{"line":934,"column":94}},"313":{"start":{"line":935,"column":12},"end":{"line":935,"column":55}},"314":{"start":{"line":937,"column":12},"end":{"line":937,"column":95}},"315":{"start":{"line":938,"column":12},"end":{"line":938,"column":19}},"316":{"start":{"line":940,"column":10},"end":{"line":940,"column":26}},"317":{"start":{"line":942,"column":10},"end":{"line":942,"column":67}},"318":{"start":{"line":944,"column":10},"end":{"line":944,"column":25}},"319":{"start":{"line":946,"column":10},"end":{"line":1015,"column":11}},"320":{"start":{"line":948,"column":12},"end":{"line":948,"column":77}},"321":{"start":{"line":949,"column":12},"end":{"line":949,"column":70}},"322":{"start":{"line":951,"column":12},"end":{"line":956,"column":34}},"323":{"start":{"line":952,"column":14},"end":{"line":955,"column":72}},"324":{"start":{"line":958,"column":12},"end":{"line":1014,"column":13}},"325":{"start":{"line":960,"column":14},"end":{"line":961,"column":44}},"326":{"start":{"line":962,"column":14},"end":{"line":962,"column":83}},"327":{"start":{"line":964,"column":14},"end":{"line":967,"column":15}},"328":{"start":{"line":965,"column":16},"end":{"line":966,"column":80}},"329":{"start":{"line":969,"column":14},"end":{"line":984,"column":16}},"330":{"start":{"line":986,"column":14},"end":{"line":993,"column":16}},"331":{"start":{"line":995,"column":14},"end":{"line":997,"column":23}},"332":{"start":{"line":996,"column":16},"end":{"line":996,"column":53}},"333":{"start":{"line":1001,"column":14},"end":{"line":1006,"column":16}},"334":{"start":{"line":1007,"column":14},"end":{"line":1013,"column":15}},"335":{"start":{"line":1008,"column":16},"end":{"line":1012,"column":48}},"336":{"start":{"line":1018,"column":8},"end":{"line":1037,"column":9}},"337":{"start":{"line":1020,"column":10},"end":{"line":1020,"column":44}},"338":{"start":{"line":1022,"column":10},"end":{"line":1025,"column":11}},"339":{"start":{"line":1023,"column":12},"end":{"line":1023,"column":27}},"340":{"start":{"line":1024,"column":12},"end":{"line":1024,"column":19}},"341":{"start":{"line":1027,"column":10},"end":{"line":1033,"column":11}},"342":{"start":{"line":1028,"column":12},"end":{"line":1028,"column":27}},"343":{"start":{"line":1030,"column":12},"end":{"line":1030,"column":27}},"344":{"start":{"line":1032,"column":12},"end":{"line":1032,"column":37}},"345":{"start":{"line":1034,"column":10},"end":{"line":1034,"column":42}},"346":{"start":{"line":1036,"column":10},"end":{"line":1036,"column":30}},"347":{"start":{"line":1046,"column":6},"end":{"line":1050,"column":7}},"348":{"start":{"line":1047,"column":8},"end":{"line":1047,"column":19}},"349":{"start":{"line":1049,"column":8},"end":{"line":1049,"column":28}},"350":{"start":{"line":1058,"column":6},"end":{"line":1058,"column":54}},"351":{"start":{"line":1060,"column":6},"end":{"line":1065,"column":9}},"352":{"start":{"line":1061,"column":8},"end":{"line":1061,"column":33}},"353":{"start":{"line":1064,"column":8},"end":{"line":1064,"column":54}},"354":{"start":{"line":1066,"column":6},"end":{"line":1066,"column":21}},"355":{"start":{"line":1081,"column":6},"end":{"line":1081,"column":16}},"356":{"start":{"line":1082,"column":6},"end":{"line":1082,"column":24}},"357":{"start":{"line":1084,"column":6},"end":{"line":1088,"column":9}},"358":{"start":{"line":1086,"column":8},"end":{"line":1086,"column":33}},"359":{"start":{"line":1087,"column":8},"end":{"line":1087,"column":62}},"360":{"start":{"line":1095,"column":6},"end":{"line":1095,"column":15}},"361":{"start":{"line":1096,"column":6},"end":{"line":1101,"column":9}},"362":{"start":{"line":1102,"column":6},"end":{"line":1102,"column":74}},"363":{"start":{"line":1104,"column":6},"end":{"line":1111,"column":9}},"364":{"start":{"line":1112,"column":6},"end":{"line":1112,"column":82}},"365":{"start":{"line":1113,"column":6},"end":{"line":1113,"column":21}},"366":{"start":{"line":1121,"column":6},"end":{"line":1121,"column":37}},"367":{"start":{"line":1122,"column":6},"end":{"line":1128,"column":8}},"368":{"start":{"line":1124,"column":8},"end":{"line":1124,"column":23}},"369":{"start":{"line":1125,"column":8},"end":{"line":1127,"column":20}},"370":{"start":{"line":1126,"column":10},"end":{"line":1126,"column":52}},"371":{"start":{"line":1129,"column":6},"end":{"line":1129,"column":32}},"372":{"start":{"line":1130,"column":6},"end":{"line":1144,"column":7}},"373":{"start":{"line":1132,"column":8},"end":{"line":1132,"column":35}},"374":{"start":{"line":1133,"column":8},"end":{"line":1135,"column":9}},"375":{"start":{"line":1134,"column":10},"end":{"line":1134,"column":16}},"376":{"start":{"line":1137,"column":8},"end":{"line":1137,"column":38}},"377":{"start":{"line":1138,"column":8},"end":{"line":1143,"column":9}},"378":{"start":{"line":1139,"column":10},"end":{"line":1142,"column":12}},"379":{"start":{"line":1145,"column":6},"end":{"line":1145,"column":22}},"380":{"start":{"line":1152,"column":6},"end":{"line":1162,"column":8}},"381":{"start":{"line":1153,"column":8},"end":{"line":1156,"column":9}},"382":{"start":{"line":1154,"column":10},"end":{"line":1154,"column":30}},"383":{"start":{"line":1155,"column":10},"end":{"line":1155,"column":17}},"384":{"start":{"line":1157,"column":8},"end":{"line":1161,"column":9}},"385":{"start":{"line":1158,"column":10},"end":{"line":1158,"column":35}},"386":{"start":{"line":1160,"column":10},"end":{"line":1160,"column":31}},"387":{"start":{"line":1166,"column":2},"end":{"line":1166,"column":16}},"388":{"start":{"line":1171,"column":0},"end":{"line":1414,"column":5}},"389":{"start":{"line":1176,"column":2},"end":{"line":1412,"column":4}},"390":{"start":{"line":1183,"column":6},"end":{"line":1183,"column":14}},"391":{"start":{"line":1184,"column":6},"end":{"line":1186,"column":7}},"392":{"start":{"line":1185,"column":8},"end":{"line":1185,"column":15}},"393":{"start":{"line":1188,"column":6},"end":{"line":1188,"column":35}},"394":{"start":{"line":1190,"column":6},"end":{"line":1190,"column":63}},"395":{"start":{"line":1191,"column":6},"end":{"line":1191,"column":73}},"396":{"start":{"line":1193,"column":6},"end":{"line":1193,"column":24}},"397":{"start":{"line":1195,"column":6},"end":{"line":1195,"column":24}},"398":{"start":{"line":1203,"column":6},"end":{"line":1204,"column":38}},"399":{"start":{"line":1206,"column":6},"end":{"line":1207,"column":38}},"400":{"start":{"line":1210,"column":6},"end":{"line":1210,"column":32}},"401":{"start":{"line":1217,"column":6},"end":{"line":1237,"column":9}},"402":{"start":{"line":1222,"column":12},"end":{"line":1222,"column":22}},"403":{"start":{"line":1231,"column":8},"end":{"line":1231,"column":26}},"404":{"start":{"line":1233,"column":8},"end":{"line":1233,"column":91}},"405":{"start":{"line":1235,"column":8},"end":{"line":1235,"column":85}},"406":{"start":{"line":1236,"column":8},"end":{"line":1236,"column":23}},"407":{"start":{"line":1244,"column":6},"end":{"line":1244,"column":24}},"408":{"start":{"line":1246,"column":6},"end":{"line":1248,"column":7}},"409":{"start":{"line":1247,"column":8},"end":{"line":1247,"column":15}},"410":{"start":{"line":1250,"column":6},"end":{"line":1250,"column":80}},"411":{"start":{"line":1251,"column":6},"end":{"line":1251,"column":77}},"412":{"start":{"line":1253,"column":6},"end":{"line":1270,"column":9}},"413":{"start":{"line":1255,"column":8},"end":{"line":1255,"column":60}},"414":{"start":{"line":1256,"column":8},"end":{"line":1256,"column":55}},"415":{"start":{"line":1258,"column":8},"end":{"line":1258,"column":26}},"416":{"start":{"line":1260,"column":8},"end":{"line":1260,"column":87}},"417":{"start":{"line":1262,"column":8},"end":{"line":1269,"column":17}},"418":{"start":{"line":1264,"column":10},"end":{"line":1264,"column":89}},"419":{"start":{"line":1265,"column":10},"end":{"line":1268,"column":11}},"420":{"start":{"line":1267,"column":12},"end":{"line":1267,"column":41}},"421":{"start":{"line":1277,"column":6},"end":{"line":1277,"column":74}},"422":{"start":{"line":1279,"column":6},"end":{"line":1289,"column":8}},"423":{"start":{"line":1280,"column":8},"end":{"line":1287,"column":9}},"424":{"start":{"line":1282,"column":10},"end":{"line":1286,"column":41}},"425":{"start":{"line":1288,"column":8},"end":{"line":1288,"column":39}},"426":{"start":{"line":1291,"column":6},"end":{"line":1328,"column":8}},"427":{"start":{"line":1292,"column":8},"end":{"line":1314,"column":9}},"428":{"start":{"line":1297,"column":10},"end":{"line":1297,"column":37}},"429":{"start":{"line":1299,"column":10},"end":{"line":1299,"column":52}},"430":{"start":{"line":1300,"column":10},"end":{"line":1302,"column":11}},"431":{"start":{"line":1301,"column":12},"end":{"line":1301,"column":50}},"432":{"start":{"line":1303,"column":10},"end":{"line":1311,"column":11}},"433":{"start":{"line":1305,"column":12},"end":{"line":1310,"column":13}},"434":{"start":{"line":1306,"column":14},"end":{"line":1306,"column":44}},"435":{"start":{"line":1309,"column":14},"end":{"line":1309,"column":38}},"436":{"start":{"line":1312,"column":10},"end":{"line":1312,"column":37}},"437":{"start":{"line":1313,"column":10},"end":{"line":1313,"column":16}},"438":{"start":{"line":1316,"column":8},"end":{"line":1319,"column":9}},"439":{"start":{"line":1317,"column":10},"end":{"line":1317,"column":41}},"440":{"start":{"line":1318,"column":10},"end":{"line":1318,"column":17}},"441":{"start":{"line":1321,"column":8},"end":{"line":1327,"column":9}},"442":{"start":{"line":1323,"column":10},"end":{"line":1323,"column":83}},"443":{"start":{"line":1324,"column":10},"end":{"line":1324,"column":16}},"444":{"start":{"line":1326,"column":10},"end":{"line":1326,"column":83}},"445":{"start":{"line":1330,"column":6},"end":{"line":1330,"column":33}},"446":{"start":{"line":1332,"column":6},"end":{"line":1332,"column":27}},"447":{"start":{"line":1334,"column":6},"end":{"line":1334,"column":50}},"448":{"start":{"line":1335,"column":6},"end":{"line":1335,"column":50}},"449":{"start":{"line":1336,"column":6},"end":{"line":1336,"column":49}},"450":{"start":{"line":1337,"column":6},"end":{"line":1337,"column":70}},"451":{"start":{"line":1338,"column":6},"end":{"line":1338,"column":69}},"452":{"start":{"line":1339,"column":6},"end":{"line":1339,"column":76}},"453":{"start":{"line":1341,"column":6},"end":{"line":1344,"column":39}},"454":{"start":{"line":1342,"column":8},"end":{"line":1342,"column":29}},"455":{"start":{"line":1343,"column":8},"end":{"line":1343,"column":20}},"456":{"start":{"line":1346,"column":6},"end":{"line":1348,"column":7}},"457":{"start":{"line":1347,"column":8},"end":{"line":1347,"column":55}},"458":{"start":{"line":1349,"column":6},"end":{"line":1349,"column":40}},"459":{"start":{"line":1351,"column":6},"end":{"line":1351,"column":53}},"460":{"start":{"line":1353,"column":6},"end":{"line":1355,"column":9}},"461":{"start":{"line":1354,"column":8},"end":{"line":1354,"column":56}},"462":{"start":{"line":1357,"column":6},"end":{"line":1357,"column":29}},"463":{"start":{"line":1362,"column":6},"end":{"line":1377,"column":7}},"464":{"start":{"line":1364,"column":8},"end":{"line":1364,"column":41}},"465":{"start":{"line":1367,"column":8},"end":{"line":1374,"column":9}},"466":{"start":{"line":1368,"column":10},"end":{"line":1368,"column":42}},"467":{"start":{"line":1370,"column":10},"end":{"line":1370,"column":56}},"468":{"start":{"line":1372,"column":10},"end":{"line":1372,"column":39}},"469":{"start":{"line":1373,"column":10},"end":{"line":1373,"column":82}},"470":{"start":{"line":1376,"column":8},"end":{"line":1376,"column":40}},"471":{"start":{"line":1379,"column":6},"end":{"line":1379,"column":48}},"472":{"start":{"line":1390,"column":6},"end":{"line":1390,"column":36}},"473":{"start":{"line":1391,"column":6},"end":{"line":1395,"column":8}},"474":{"start":{"line":1406,"column":6},"end":{"line":1406,"column":52}},"475":{"start":{"line":1407,"column":6},"end":{"line":1408,"column":50}},"476":{"start":{"line":1409,"column":6},"end":{"line":1409,"column":50}},"477":{"start":{"line"
[...]
e":2041,"column":8},"end":{"line":2041,"column":8}},{"start":{"line":2041,"column":8},"end":{"line":2041,"column":8}}]},"176":{"line":2100,"type":"switch","locations":[{"start":{"line":2101,"column":8},"end":{"line":2116,"column":16}},{"start":{"line":2117,"column":8},"end":{"line":2152,"column":16}},{"start":{"line":2153,"column":8},"end":{"line":2155,"column":32}}]},"177":{"line":2119,"type":"binary-expr","locations":[{"start":{"line":2119,"column":17},"end":{"line":2119,"column":21}},{"start":{"line":2119,"column":25},"end":{"line":2119,"column":41}}]},"178":{"line":2120,"type":"if","locations":[{"start":{"line":2120,"column":10},"end":{"line":2120,"column":10}},{"start":{"line":2120,"column":10},"end":{"line":2120,"column":10}}]},"179":{"line":2127,"type":"if","locations":[{"start":{"line":2127,"column":14},"end":{"line":2127,"column":14}},{"start":{"line":2127,"column":14},"end":{"line":2127,"column":14}}]},"180":{"line":2129,"type":"if","locations":[{"start":{"line":2129,"column":16},"end":{"line":2129,"column":16}},{"start":{"line":2129,"column":16},"end":{"line":2129,"column":16}}]},"181":{"line":2172,"type":"switch","locations":[{"start":{"line":2173,"column":10},"end":{"line":2175,"column":18}},{"start":{"line":2176,"column":10},"end":{"line":2178,"column":18}}]},"182":{"line":2320,"type":"binary-expr","locations":[{"start":{"line":2320,"column":25},"end":{"line":2320,"column":39}},{"start":{"line":2320,"column":43},"end":{"line":2320,"column":48}}]},"183":{"line":2322,"type":"if","locations":[{"start":{"line":2322,"column":8},"end":{"line":2322,"column":8}},{"start":{"line":2322,"column":8},"end":{"line":2322,"column":8}}]},"184":{"line":2355,"type":"switch","locations":[{"start":{"line":2356,"column":8},"end":{"line":2379,"column":16}},{"start":{"line":2380,"column":8},"end":{"line":2411,"column":16}},{"start":{"line":2412,"column":8},"end":{"line":2414,"column":16}}]},"185":{"line":2364,"type":"if","locations":[{"start":{"line":2364,"column":10},"end":{"line":2364,"column":10}},{"start":{"line":2364,"column":10},"end":{"line":2364,"column":10}}]},"186":{"line":2367,"type":"if","locations":[{"start":{"line":2367,"column":12},"end":{"line":2367,"column":12}},{"start":{"line":2367,"column":12},"end":{"line":2367,"column":12}}]},"187":{"line":2367,"type":"binary-expr","locations":[{"start":{"line":2367,"column":16},"end":{"line":2367,"column":20}},{"start":{"line":2369,"column":16},"end":{"line":2369,"column":34}},{"start":{"line":2371,"column":16},"end":{"line":2371,"column":40}}]},"188":{"line":2383,"type":"if","locations":[{"start":{"line":2383,"column":10},"end":{"line":2383,"column":10}},{"start":{"line":2383,"column":10},"end":{"line":2383,"column":10}}]},"189":{"line":2383,"type":"binary-expr","locations":[{"start":{"line":2383,"column":14},"end":{"line":2383,"column":42}},{"start":{"line":2383,"column":46},"end":{"line":2383,"column":61}}]},"190":{"line":2388,"type":"if","locations":[{"start":{"line":2388,"column":10},"end":{"line":2388,"column":10}},{"start":{"line":2388,"column":10},"end":{"line":2388,"column":10}}]},"191":{"line":2394,"type":"binary-expr","locations":[{"start":{"line":2394,"column":19},"end":{"line":2394,"column":52}},{"start":{"line":2394,"column":56},"end":{"line":2394,"column":68}}]},"192":{"line":2398,"type":"if","locations":[{"start":{"line":2398,"column":10},"end":{"line":2398,"column":10}},{"start":{"line":2398,"column":10},"end":{"line":2398,"column":10}}]},"193":{"line":2422,"type":"if","locations":[{"start":{"line":2422,"column":6},"end":{"line":2422,"column":6}},{"start":{"line":2422,"column":6},"end":{"line":2422,"column":6}}]},"194":{"line":2440,"type":"if","locations":[{"start":{"line":2440,"column":6},"end":{"line":2440,"column":6}},{"start":{"line":2440,"column":6},"end":{"line":2440,"column":6}}]},"195":{"line":2444,"type":"binary-expr","locations":[{"start":{"line":2444,"column":10},"end":{"line":2446,"column":11}},{"start":{"line":2446,"column":15},"end":{"line":2446,"column":41}}]},"196":{"line":2468,"type":"cond-expr","locations":[{"start":{"line":2468,"column":42},"end":{"line":2468,"column":44}},{"start":{"line":2468,"column":47},"end":{"line":2468,"column":57}}]},"197":{"line":2469,"type":"switch","locations":[{"start":{"line":2470,"column":8},"end":{"line":2482,"column":16}},{"start":{"line":2483,"column":8},"end":{"line":2494,"column":16}},{"start":{"line":2495,"column":8},"end":{"line":2496,"column":22}}]},"198":{"line":2472,"type":"if","locations":[{"start":{"line":2472,"column":10},"end":{"line":2472,"column":10}},{"start":{"line":2472,"column":10},"end":{"line":2472,"column":10}}]},"199":{"line":2490,"type":"binary-expr","locations":[{"start":{"line":2490,"column":11},"end":{"line":2490,"column":54}},{"start":{"line":2490,"column":58},"end":{"line":2490,"column":85}}]},"200":{"line":2491,"type":"cond-expr","locations":[{"start":{"line":2491,"column":42},"end":{"line":2491,"column":67}},{"start":{"line":2491,"column":70},"end":{"line":2491,"column":74}}]},"201":{"line":2509,"type":"if","locations":[{"start":{"line":2509,"column":6},"end":{"line":2509,"column":6}},{"start":{"line":2509,"column":6},"end":{"line":2509,"column":6}}]},"202":{"line":2516,"type":"binary-expr","locations":[{"start":{"line":2516,"column":9},"end":{"line":2516,"column":47}},{"start":{"line":2516,"column":51},"end":{"line":2516,"column":72}}]},"203":{"line":2533,"type":"if","locations":[{"start":{"line":2533,"column":6},"end":{"line":2533,"column":6}},{"start":{"line":2533,"column":6},"end":{"line":2533,"column":6}}]},"204":{"line":2535,"type":"binary-expr","locations":[{"start":{"line":2535,"column":30},"end":{"line":2535,"column":40}},{"start":{"line":2535,"column":44},"end":{"line":2535,"column":63}}]},"205":{"line":2538,"type":"if","locations":[{"start":{"line":2538,"column":10},"end":{"line":2538,"column":10}},{"start":{"line":2538,"column":10},"end":{"line":2538,"column":10}}]},"206":{"line":2551,"type":"binary-expr","locations":[{"start":{"line":2551,"column":22},"end":{"line":2551,"column":35}},{"start":{"line":2551,"column":39},"end":{"line":2551,"column":55}}]},"207":{"line":2553,"type":"if","locations":[{"start":{"line":2553,"column":6},"end":{"line":2553,"column":6}},{"start":{"line":2553,"column":6},"end":{"line":2553,"column":6}}]},"208":{"line":2560,"type":"binary-expr","locations":[{"start":{"line":2560,"column":10},"end":{"line":2560,"column":25}},{"start":{"line":2560,"column":29},"end":{"line":2560,"column":49}}]},"209":{"line":2613,"type":"cond-expr","locations":[{"start":{"line":2613,"column":42},"end":{"line":2613,"column":44}},{"start":{"line":2613,"column":47},"end":{"line":2613,"column":57}}]},"210":{"line":2614,"type":"switch","locations":[{"start":{"line":2615,"column":8},"end":{"line":2658,"column":16}},{"start":{"line":2659,"column":8},"end":{"line":2681,"column":16}},{"start":{"line":2682,"column":8},"end":{"line":2709,"column":16}},{"start":{"line":2710,"column":8},"end":{"line":2716,"column":30}}]},"211":{"line":2617,"type":"binary-expr","locations":[{"start":{"line":2617,"column":29},"end":{"line":2617,"column":43}},{"start":{"line":2617,"column":47},"end":{"line":2617,"column":52}}]},"212":{"line":2619,"type":"if","locations":[{"start":{"line":2619,"column":12},"end":{"line":2619,"column":12}},{"start":{"line":2619,"column":12},"end":{"line":2619,"column":12}}]},"213":{"line":2633,"type":"binary-expr","locations":[{"start":{"line":2633,"column":22},"end":{"line":2633,"column":44}},{"start":{"line":2633,"column":48},"end":{"line":2633,"column":63}}]},"214":{"line":2688,"type":"binary-expr","locations":[{"start":{"line":2688,"column":22},"end":{"line":2688,"column":31}},{"start":{"line":2688,"column":35},"end":{"line":2688,"column":49}},{"start":{"line":2688,"column":53},"end":{"line":2688,"column":80}}]},"215":{"line":2690,"type":"if","locations":[{"start":{"line":2690,"column":12},"end":{"line":2690,"column":12}},{"start":{"line":2690,"column":12},"end":{"line":2690,"column":12}}]},"216":{"line":2692,"type":"if","locations":[{"start":{"line":2692,"column":14},"end":{"line":2692,"column":14}},{"start":{"line":2692,"column":14},"end":{"line":2692,"column":14}}]},"217":{"line":2692,"type":"binary-expr","locations":[{"start":{"line":2692,"column":18},"end":{"line":2692,"column":27}},{"start":{"line":2692,"column":31},"end":{"line":2692,"column":42}},{"start":{"line":2692,"column":46},"end":{"line":2692,"column":73}}]},"218":{"line":2729,"type":"cond-expr","locations":[{"start":{"line":2729,"column":42},"end":{"line":2729,"column":44}},{"start":{"line":2729,"column":47},"end":{"line":2729,"column":57}}]},"219":{"line":2730,"type":"switch","locations":[{"start":{"line":2731,"column":8},"end":{"line":2740,"column":16}},{"start":{"line":2741,"column":8},"end":{"line":2757,"column":16}},{"start":{"line":2758,"column":8},"end":{"line":2787,"column":37}}]},"220":{"line":2746,"type":"binary-expr","locations":[{"start":{"line":2746,"column":26},"end":{"line":2746,"column":30}},{"start":{"line":2746,"column":34},"end":{"line":2746,"column":45}},{"start":{"line":2746,"column":49},"end":{"line":2746,"column":71}},{"start":{"line":2746,"column":76},"end":{"line":2746,"column":86}}]},"221":{"line":2749,"type":"if","locations":[{"start":{"line":2749,"column":10},"end":{"line":2749,"column":10}},{"start":{"line":2749,"column":10},"end":{"line":2749,"column":10}}]},"222":{"line":2772,"type":"if","locations":[{"start":{"line":2772,"column":10},"end":{"line":2772,"column":10}},{"start":{"line":2772,"column":10},"end":{"line":2772,"column":10}}]},"223":{"line":2776,"type":"binary-expr","locations":[{"start":{"line":2776,"column":17},"end":{"line":2776,"column":36}},{"start":{"line":2776,"column":40},"end":{"line":2776,"column":62}}]},"224":{"line":2805,"type":"cond-expr","locations":[{"start":{"line":2805,"column":42},"end":{"line":2805,"column":44}},{"start":{"line":2805,"column":47},"end":{"line":2805,"column":57}}]},"225":{"line":2806,"type":"switch","locations":[{"start":{"line":2807,"column":8},"end":{"line":2837,"column":16}},{"start":{"line":2838,"column":8},"end":{"line":2845,"column":16}},{"start":{"line":2846,"column":8},"end":{"line":2850,"column":16}},{"start":{"line":2851,"column":8},"end":{"line":2864,"column":16}},{"start":{"line":2865,"column":8},"end":{"line":2871,"column":16}},{"start":{"line":2872,"column":8},"end":{"line":2877,"column":16}},{"start":{"line":2878,"column":8},"end":{"line":2882,"column":30}}]},"226":{"line":2853,"type":"if","locations":[{"start":{"line":2853,"column":10},"end":{"line":2853,"column":10}},{"start":{"line":2853,"column":10},"end":{"line":2853,"column":10}}]},"227":{"line":2859,"type":"if","locations":[{"start":{"line":2859,"column":10},"end":{"line":2859,"column":10}},{"start":{"line":2859,"column":10},"end":{"line":2859,"column":10}}]}}}},"testPlatformList":[{"name":"npmTestLocal - browser - Mozilla/5.0 (Unknown; Linux x86_64) AppleWebKit/534.34 (KHTML, like Gecko) PhantomJS/1.9.7 Safari/534.34","testCaseList":[{"name":"utility2.submoduleUtility2Browser.__initAjax_noAjaxProgressBar_test","timeElapsed":0,"errorMessage":"","status":"passed"},{"name":"utility2.submoduleUtility2Shared.__debug_print_default_test","errorMessage":"","timeElapsed":1,"status":"passed"},{"name":"utility2.submoduleUtility2Shared._ajax_default_test","errorMessage":"","timeElapsed":45,"status":"passed"},{"name":"utility2.submoduleUtility2Shared._assert_default_test","errorMessage":"","timeElapsed":1,"status":"passed"},{"name":"utility2.submoduleUtility2Shared._callX_default_test","errorMessage":"","timeElapsed":0,"status":"passed"},{"name":"utility2.submoduleUtility2Shared._initSubmodule_default_test","errorMessage":"","timeElapsed":1,"status":"passed"},{"name":"utility2.submoduleUtility2Shared._jsonStringifyOrdered_default_test","errorMessage":"","timeElapsed":0,"status":"passed"},{"name":"utility2.submoduleUtility2Shared._onEventErrorDefault_default_test","errorMessage":"","timeElapsed":1,"status":"passed"},{"name":"utility2.submoduleUtility2Shared._onEventTimeout_timeout_test","errorMessage":"","timeElapsed":2001,"status":"passed"},{"name":"utility2.submoduleUtility2Shared._setDefault_default_test","errorMessage":"","timeElapsed":1,"status":"passed"},{"name":"utility2.submoduleUtility2Shared._setOverride_default_test","errorMessage":"","timeElapsed":0,"status":"passed"},{"name":"utility2.submoduleUtility2Shared._testMock_error_test","errorMessage":"","timeElapsed":1,"status":"passed"},{"name":"utility2.submoduleUtility2Shared._testTryCatch_default_test","errorMessage":"","timeElapsed":0,"status":"passed"},{"name":"utility2.submoduleUtility2Shared._textFormat_default_test","errorMessage":"","timeElapsed":1,"status":"passed"}],"timeElapsed":2008,"testsFailed":0,"testsPassed":14,"testsPending":0,"status":"passed"},{"name":"npmTestLocal - browser - Mozilla/5.0 (X11; Linux x86_64; rv:25.0) Gecko/20100101 SlimerJS/0.9.1","testCaseList":[{"name":"utility2.submoduleUtility2Browser.__initAjax_noAjaxProgressBar_test","timeElapsed":0,"errorMessage":"","status":"passed"},{"name":"utility2.submoduleUtility2Shared.__debug_print_default_test","errorMessage":"","timeElapsed":2,"status":"passed"},{"name":"utility2.submoduleUtility2Shared._ajax_default_test","errorMessage":"","timeElapsed":49,"status":"passed"},{"name":"utility2.submoduleUtility2Shared._assert_default_test","errorMessage":"","timeElapsed":0,"status":"passed"},{"name":"utility2.submoduleUtility2Shared._callX_default_test","errorMessage":"","timeElapsed":0,"status":"passed"},{"name":"utility2.submoduleUtility2Shared._initSubmodule_default_test","errorMessage":"","timeElapsed":1,"status":"passed"},{"name":"utility2.submoduleUtility2Shared._jsonStringifyOrdered_default_test","errorMessage":"","timeElapsed":0,"status":"passed"},{"name":"utility2.submoduleUtility2Shared._onEventErrorDefault_default_test","errorMessage":"","timeElapsed":1,"status":"passed"},{"name":"utility2.submoduleUtility2Shared._onEventTimeout_timeout_test","errorMessage":"","timeElapsed":2000,"status":"passed"},{"name":"utility2.submoduleUtility2Shared._setDefault_default_test","errorMessage":"","timeElapsed":1,"status":"passed"},{"name":"utility2.submoduleUtility2Shared._setOverride_default_test","errorMessage":"","timeElapsed":1,"status":"passed"},{"name":"utility2.submoduleUtility2Shared._testMock_error_test","errorMessage":"","timeElapsed":0,"status":"passed"},{"name":"utility2.submoduleUtility2Shared._testTryCatch_default_test","errorMessage":"","timeElapsed":0,"status":"passed"},{"name":"utility2.submoduleUtility2Shared._textFormat_default_test","errorMessage":"","timeElapsed":2,"status":"passed"}],"timeElapsed":2007,"testsFailed":0,"testsPassed":14,"testsPending":0,"status":"passed"},{"name":"npmTestLocal - nodejs - linux v0.10.31","testCaseList":[{"name":"utility2.submoduleUtility2Nodejs.__initReplEval_default_test","errorMessage":"","timeElapsed":0,"status":"passed"},{"name":"utility2.submoduleUtility2Nodejs.__phantomjsTest_default_test","errorMessage":"","timeElapsed":0,"status":"passed"},{"name":"utility2.submoduleUtility2Nodejs._initFile_watchFile_test","errorMessage":"","timeElapsed":0,"status":"passed"},{"name":"utility2.submoduleUtility2Nodejs._modeCliDict_coverageReportBadgeCreate_default_test","errorMessage":"","timeElapsed":0,"status":"passed"},{"name":"utility2.submoduleUtility2Nodejs._modeCliDict_githubContentsFilePush_default_test","errorMessage":"","timeElapsed":0,"status":"passed"},{"name":"utility2.submoduleUtility2Shared.__debug_print_default_test","errorMessage":"","timeElapsed":0,"status":"passed"},{"name":"utility2.submoduleUtility2Shared._ajax_default_test","errorMessage":"","timeElapsed":0,"status":"passed"},{"name":"utility2.submoduleUtility2Shared._assert_default_test","errorMessage":"","timeElapsed":0,"status":"passed"},{"name":"utility2.submoduleUtility2Shared._callX_default_test","errorMessage":"","timeElapsed":0,"status":"passed"},{"name":"utility2.submoduleUtility2Shared._initSubmodule_default_test","errorMessage":"","timeElapsed":0,"status":"passed"},{"name":"utility2.submoduleUtility2Shared._jsonStringifyOrdered_default_test","errorMessage":"","timeElapsed":0,"status":"passed"},{"name":"utility2.submoduleUtility2Shared._onEventErrorDefault_default_test","errorMessage":"","timeElapsed":0,"status":"passed"},{"name":"utility2.submoduleUtility2Shared._onEventTimeout_timeout_test","errorMessage":"","timeElapsed":0,"status":"passed"},{"name":"utility2.submoduleUtility2Shared._setDefault_default_test","errorMessage":"","timeElapsed":0,"status":"passed"},{"name":"utility2.submoduleUtility2Shared._setOverride_default_test","errorMessage":"","timeElapsed":0,"status":"passed"},{"name":"utility2.submoduleUtility2Shared._testMock_error_test","errorMessage":"","timeElapsed":0,"status":"passed"},{"name":"utility2.submoduleUtility2Shared._testTryCatch_default_test","errorMessage":"","timeElapsed":0,"status":"passed"},{"name":"utility2.submoduleUtility2Shared._textFormat_default_test","errorMessage":"","timeElapsed":0,"status":"passed"}],"timeElapsed":0,"testsFailed":0,"testsPassed":18,"testsPending":0,"status":"passed"},{"name":"npmTestLocal - nodejs - linux v0.10.31 - npmPublishedTest","testCaseList":[{"name":"utility.subModuleUtilityNodejs.__initCli_default_test","time":1,"errorMessage":"","status":"passed","timeElapsed":0},{"name":"utility.subModuleUtilityNodejs._ajax_default_test","time":19,"errorMessage":"","status":"passed","timeElapsed":0},{"name":"utility.subModuleUtilityNodejs._modeCliDict_coverageReportBadgeCreate_default_test","time":1,"errorMessage":"","status":"passed","timeElapsed":0},{"name":"utility.subModuleUtilityNodejs._modeCliDict_githubContentsFilePush_default_test","time":2,"errorMessage":"","status":"passed","timeElapsed":0},{"name":"utility.subModuleUtilityShared.__debug_print_default_test","errorMessage":"","time":2,"status":"passed","timeElapsed":0},{"name":"utility.subModuleUtilityShared._assert_default_test","errorMessage":"","time":3,"status":"passed","timeElapsed":0},{"name":"utility.subModuleUtilityShared._callX_default_test","errorMessage":"","time":0,"status":"passed","timeElapsed":0},{"name":"utility.subModuleUtilityShared._echo_default_test","errorMessage":"","time":0,"status":"passed","timeElapsed":0},{"name":"utility.subModuleUtilityShared._initLocal_default_test","errorMessage":"","time":1,"status":"passed","timeElapsed":0},{"name":"utility.subModuleUtilityShared._jsonStringifyOrdered_default_test","errorMessage":"","time":1,"status":"passed","timeElapsed":0},{"name":"utility.subModuleUtilityShared._nop_default_test","errorMessage":"","time":0,"status":"passed","timeElapsed":0},{"name":"utility.subModuleUtilityShared._onEventErrorDefault_default_test","errorMessage":"","time":1,"status":"passed","timeElapsed":0},{"name":"utility.subModuleUtilityShared._onEventTimeout_timeout_test","errorMessage":"","time":1001,"status":"passed","timeElapsed":0},{"name":"utility.subModuleUtilityShared._setDefault_default_test","errorMessage":"","time":1,"status":"passed","timeElapsed":0},{"name":"utility.subModuleUtilityShared._setOverride_default_test","errorMessage":"","time":0,"status":"passed","timeElapsed":0},{"name":"utility.subModuleUtilityShared._testMock_error_test","errorMessage":"","time":1,"status":"passed","timeElapsed":0},{"name":"utility.subModuleUtilityShared._testTryCatch_default_test","errorMessage":"","time":0,"status":"passed","timeElapsed":0},{"name":"utility.subModuleUtilityShared._textFormat_default_test","errorMessage":"","time":1,"status":"passed","timeElapsed":0},{"name":"utility.subModuleUtilityShared._textWordwrap_default_test","errorMessage":"","time":0,"status":"passed","timeElapsed":0}],"time":1009,"status":"passed","testsFailed":0,"testsPassed":19,"timeElapsed":0,"testsPending":0}],"date":"2014-08-27T10:34:34.401Z","errorMessageList":[],"timeElapsed":5444,"testsFailed":0,"testsPassed":65,"testsPending":0,"time":1011,"platformsFailed":0,"platformsPassed":1}