{"coverage":{"/home/travis/build/kaizhu256/node-proxy-lite/main.js":{"b":{"1":[0,4],"2":[2,0,2],"3":[0,2],"4":[0,0],"5":[0,2],"6":[0,2]},"f":{"1":0,"2":2,"3":2,"4":2,"5":4},"s":{"1":2,"2":2,"3":0,"4":2,"5":2,"6":2,"7":2,"8":2,"9":2,"10":2,"11":2,"12":2,"13":2,"14":2,"15":4,"16":4,"17":2,"18":2,"19":0,"20":0,"21":0,"22":2,"23":2,"24":2,"25":0,"26":0,"27":0,"28":2,"29":0,"30":2,"31":2,"32":2,"33":0,"34":2,"35":2,"36":2},"path":"/home/travis/build/kaizhu256/node-proxy-lite/main.js","fnMap":{"1":{"name":"(anonymous_1)","line":13,"loc":{"start":{"line":13,"column":15},"end":{"line":13,"column":33}}},"2":{"name":"submoduleMainNodejs","line":23,"loc":{"start":{"line":23,"column":1},"end":{"line":23,"column":32}}},"3":{"name":"(anonymous_3)","line":31,"loc":{"start":{"line":31,"column":11},"end":{"line":31,"column":23}}},"4":{"name":"(anonymous_4)","line":49,"loc":{"start":{"line":49,"column":31},"end":{"line":49,"column":66}}},"5":{"name":"(anonymous_5)","line":52,"loc":{"start":{"line":52,"column":18},"end":{"line":52,"column":35}}}},"statementMap":{"1":{"start":{"line":12,"column":0},"end":{"line":12,"column":43}},"2":{"start":{"line":13,"column":0},"end":{"line":19,"column":2}},"3":{"start":{"line":18,"column":2},"end":{"line":18,"column":17}},"4":{"start":{"line":23,"column":0},"end":{"line":101,"column":5}},"5":{"start":{"line":28,"column":2},"end":{"line":99,"column":4}},"6":{"start":{"line":36,"column":6},"end":{"line":36,"column":69}},"7":{"start":{"line":38,"column":6},"end":{"line":38,"column":36}},"8":{"start":{"line":40,"column":6},"end":{"line":40,"column":38}},"9":{"start":{"line":42,"column":6},"end":{"line":42,"column":35}},"10":{"start":{"line":44,"column":6},"end":{"line":44,"column":34}},"11":{"start":{"line":46,"column":6},"end":{"line":46,"column":28}},"12":{"start":{"line":50,"column":6},"end":{"line":50,"column":76}},"13":{"start":{"line":51,"column":6},"end":{"line":51,"column":17}},"14":{"start":{"line":52,"column":6},"end":{"line":95,"column":8}},"15":{"start":{"line":53,"column":8},"end":{"line":53,"column":58}},"16":{"start":{"line":54,"column":8},"end":{"line":94,"column":9}},"17":{"start":{"line":57,"column":10},"end":{"line":57,"column":61}},"18":{"start":{"line":58,"column":10},"end":{"line":71,"column":11}},"19":{"start":{"line":60,"column":12},"end":{"line":64,"column":14}},"20":{"start":{"line":65,"column":12},"end":{"line":69,"column":21}},"21":{"start":{"line":70,"column":12},"end":{"line":70,"column":19}},"22":{"start":{"line":73,"column":10},"end":{"line":73,"column":22}},"23":{"start":{"line":74,"column":10},"end":{"line":74,"column":22}},"24":{"start":{"line":75,"column":10},"end":{"line":75,"column":16}},"25":{"start":{"line":78,"column":10},"end":{"line":78,"column":32}},"26":{"start":{"line":79,"column":10},"end":{"line":79,"column":62}},"27":{"start":{"line":80,"column":10},"end":{"line":80,"column":16}},"28":{"start":{"line":83,"column":10},"end":{"line":85,"column":11}},"29":{"start":{"line":84,"column":12},"end":{"line":84,"column":19}},"30":{"start":{"line":86,"column":10},"end":{"line":86,"column":26}},"31":{"start":{"line":88,"column":10},"end":{"line":88,"column":37}},"32":{"start":{"line":90,"column":10},"end":{"line":92,"column":11}},"33":{"start":{"line":91,"column":12},"end":{"line":91,"column":36}},"34":{"start":{"line":93,"column":10},"end":{"line":93,"column":22}},"35":{"start":{"line":96,"column":6},"end":{"line":96,"column":18}},"36":{"start":{"line":100,"column":2},"end":{"line":100,"column":16}}},"branchMap":{"1":{"line":53,"type":"cond-expr","locations":[{"start":{"line":53,"column":42},"end":{"line":53,"column":44}},{"start":{"line":53,"column":47},"end":{"line":53,"column":57}}]},"2":{"line":54,"type":"switch","locations":[{"start":{"line":55,"column":8},"end":{"line":75,"column":16}},{"start":{"line":76,"column":8},"end":{"line":80,"column":16}},{"start":{"line":81,"column":8},"end":{"line":93,"column":22}}]},"3":{"line":58,"type":"if","locations":[{"start":{"line":58,"column":10},"end":{"line":58,"column":10}},{"start":{"line":58,"column":10},"end":{"line":58,"column":10}}]},"4":{"line":65,"type":"cond-expr","locations":[{"start":{"line":65,"column":45},"end":{"line":65,"column":59}},{"start":{"line":65,"column":62},"end":{"line":65,"column":75}}]},"5":{"line":83,"type":"if","locations":[{"start":{"line":83,"column":10},"end":{"line":83,"column":10}},{"start":{"line":83,"column":10},"end":{"line":83,"column":10}}]},"6":{"line":90,"type":"if","locations":[{"start":{"line":90,"column":10},"end":{"line":90,"column":10}},{"start":{"line":90,"column":10},"end":{"line":90,"column":10}}]}}},"/home/travis/build/kaizhu256/node-proxy-lite/utility2.js":{"b":{"1":[0,2],"2":[2,2],"3":[2,2],"4":[2,2,2],"5":[2,0],"6":[0,0],"7":[36,138],"8":[39,99],"9":[39,7],"10":[0,99],"11":[0,0],"12":[58,41],"13":[3,601],"14":[1,2],"15":[1,1],"16":[3,1],"17":[76,0],"18":[7,2],"19":[9,8,1],"20":[6,50],"21":[28,22],"22":[50,22],"23":[1,55],"24":[37,2],"25":[1,1],"26":[2,2],"27":[129,13797],"28":[4212,9585],"29":[13797,11813,4938,4938,4938],"30":[252,226],"31":[252,201],"32":[612,5],"33":[617,551,15],"34":[551,544,39],"35":[15,5,5],"36":[6,0],"37":[16,16],"38":[10,0],"39":[2,0],"40":[0,2],"41":[6,2],"42":[0,134],"43":[134,0],"44":[0,8],"45":[0,8],"46":[180,120],"47":[0,8],"48":[8,8],"49":[0,0],"50":[2,6],"51":[8,8],"52":[8,2],"53":[8,4],"54":[4,2],"55":[454,227],"56":[980,842],"57":[462,397],"58":[2020,1753],"59":[8,8,0],"60":[0,150],"61":[2,6],"62":[6,6,6],"63":[0,6],"64":[0,6],"65":[0,6],"66":[0,6],"67":[0,108],"68":[0,6],"69":[0,6],"70":[19,53],"71":[19,1,0],"72":[36,36],"73":[36,18],"74":[2,34],"75":[2,0],"76":[2,0],"77":[0,2],"78":[0,0],"79":[0,36],"80":[36,36,0],"81":[18,18],"82":[141,1],"83":[695,16],"84":[141,21],"85":[20,1],"86":[0,0],"87":[2,0],"88":[0,0],"89":[0,0],"90":[0,0],"91":[0,0],"92":[0,0],"93":[0,0],"94":[0,0],"95":[0,0],"96":[0,0,0],"97":[0,0],"98":[0,0],"99":[0,0],"100":[0,0,0],"101":[0,0],"102":[0,0],"103":[0,0],"104":[0,0],"105":[0,0],"106":[0,0],"107":[0,0],"108":[0,0],"109":[0,2],"110":[2,2],"111":[18,18],"112":[0,2],"113":[0,190],"114":[0,0],"115":[13,4],"116":[4,9],"117":[0,9],"118":[9,7],"119":[2,0],"120":[2,2],"121":[2,0],"122":[1,1],"123":[2,0],"124":[2,52],"125":[18,77],"126":[49,46],"127":[9,37],"128":[46,20],"129":[4,4,9,4,9],"130":[5,4],"131":[147,0],"132":[0,4],"133":[1,1],"134":[1,1],"135":[1,0],"136":[6,6],"137":[1,5],"138":[0,2],"139":[2,0],"140":[2,2],"141":[0,2],"142":[2,2],"143":[2,0],"144":[2,2],"145":[0,2],"146":[0,4],"147":[1,1,1,1],"148":[1,1],"149":[1,0],"150":[1,1],"151":[0,1],"152":[0,1],"153":[0,1],"154":[0,1],"155":[0,1],"156":[0,1],"157":[0,1],"158":[1,0],"159":[1,0],"160":[0,1],"161":[0,0],"162":[0,0],"163":[0,30],"164":[30,0],"165":[5,10],"166":[10,0],"167":[10,10],"168":[20,0],"169":[0,0],"170":[2,2,2],"171":[2,2],"172":[1,1],"173":[2,1],"174":[1,1],"175":[2,2],"176":[2,1],"177":[1,1],"178":[3,3,3],"179":[3,0],"180":[3,0],"181":[3,3,3],"182":[0,3],"183":[3,1],"184":[0,3],"185":[3,0],"186":[3,0],"187":[0,0],"188":[0,0],"189":[0,0],"190":[0,0],"191":[0,0,0],"192":[0,0],"193":[0,0],"194":[0,0],"195":[0,2],"196":[2,0],"197":[3,0],"198":[3,0],"199":[3,0],"200":[3,3],"201":[0,3],"202":[3,3],"203":[0,0],"204":[0,0,0,0],"205":[0,0],"206":[0,0],"207":[0,0],"208":[0,0,0],"209":[0,0],"210":[0,0],"211":[0,0,0],"212":[0,0],"213":[0,0,0],"214":[0,0,0,0],"215":[0,0],"216":[0,0],"217":[0,0],"218":[0,0],"219":[0,0,0,0,0,0,0],"220":[0,0],"221":[0,0]},"f":{"1":6,"2":2,"3":2,"4":7,"5":174,"6":1,"7":1,"8":1,"9":1,"10":1,"11":604,"12":1,"13":1,"14":1,"15":1,"16":1,"17":1,"18":1,"19":1,"20":1,"21":1,"22":1,"23":1,"24":1,"25":1,"26":1,"27":1,"28":1,"29":1,"30":1,"31":1,"32":1,"33":1,"34":3,"35":1,"36":76,"37":9,"38":1,"39":56,"40":44,"41":40,"42":127,"43":39,"44":1,"45":1,"46":1,"47":1,"48":4,"49":3,"50":1,"51":1,"52":1,"53":4419,"54":13926,"55":1,"56":252,"57":1,"58":257,"59":617,"60":6,"61":6,"62":25,"63":25,"64":1,"65":1,"66":1,"67":8,"68":16,"69":10,"70":170,"71":2,"72":2,"73":8,"74":134,"75":300,"76":0,"77":4,"78":454,"79":980,"80":462,"81":2020,"82":150,"83":8,"84":134,"85":6,"86":108,"87":0,"88":2,"89":36,"90":72,"91":2,"92":2,"93":9,"94":1,"95":1,"96":1,"97":141,"98":711,"99":1,"100":141,"101":20,"102":118,"103":0,"104":0,"105":2,"106":2,"107":0,"108":0,"109":0,"110":0,"111":0,"112":0,"113":0,"114":0,"115":0,"116":0,"117":0,"118":0,"119":0,"120":0,"121":0,"122":2,"123":2,"124":18,"125":4,"126":2,"127":190,"128":17,"129":18,"130":2,"131":2,"132":2,"133":54,"134":4,"135":95,"136":22,"137":73,"138":147,"139":14,"140":27,"141":14,"142":8,"143":2,"144":12,"145":2,"146":1,"147":6,"148":2,"149":2,"150":2,"151":2,"152":2,"153":1,"154":2,"155":2,"156":3,"157":2,"158":2,"159":1,"160":4,"161":5,"162":14,"163":30,"164":19,"165":59,"166":20,"167":0,"168":1,"169":1,"170":1,"171":1,"172":2,"173":6,"174":3,"175":1,"176":4,"177":2,"178":1,"179":1,"180":1,"181":1,"182":1,"183":1,"184":1,"185":2,"186":0,"187":0,"188":0,"189":0,"190":0,"191":0,"192":0,"193":2,"194":2,"195":1,"196":2,"197":1,"198":1,"199":3,"200":9,"201":0,"202":0,"203":1,"204":0,"205":0,"206":2,"207":1,"208":3,"209":3,"210":3,"211":3,"212":1,"213":1,"214":1,"215":0,"216":0,"217":0,"218":0,"219":0,"220":0,"221":0,"222":0,"223":0,"224":0,"225":0,"226":0},"s":{"1":2,"2":2,"3":6,"4":2,"5":2,"6":2,"7":0,"8":2,"9":2,"10":2,"11":2,"12":2,"13":2,"14":2,"15":2,"16":2,"17":7,"18":174,"19":174,"20":36,"21":36,"22":138,"23":138,"24":39,"25":39,"26":39,"27":99,"28":99,"29":0,"30":0,"31":0,"32":99,"33":58,"34":1,"35":1,"36":1,"37":1,"38":1,"39":1,"40":1,"41":1,"42":1,"43":1,"44":1,"45":1,"46":604,"47":3,"48":1,"49":1,"50":1,"51":1,"52":1,"53":1,"54":1,"55":1,"56":1,"57":1,"58":1,"59":1,"60":1,"61":1,"62":1,"63":1,"64":1,"65":1,"66":1,"67":1,"68":1,"69":1,"70":1,"71":1,"72":1,"73":1,"74":1,"75":1,"76":1,"77":1,"78":1,"79":1,"80":1,"81":1,"82":1,"83":1,"84":1,"85":1,"86":1,"87":1,"88":1,"89":1,"90":1,"91":3,"92":1,"93":1,"94":1,"95":1,"96":76,"97":9,"98":1,"99":1,"100":1,"101":1,"102":1,"103":1,"104":1,"105":1,"106":56,"107":44,"108":40,"109":56,"110":127,"111":39,"112":37,"113":2,"114":1,"115":1,"116":1,"117":1,"118":1,"119":1,"120":1,"121":1,"122":1,"123":1,"124":1,"125":1,"126":1,"127":1,"128":1,"129":4,"130":4,"131":4,"132":4,"133":3,"134":1,"135":1,"136":1,"137":1,"138":1,"139":1,"140":1,"141":1,"142":1,"143":4419,"144":13926,"145":13926,"146":13926,"147":13926,"148":129,"149":129,"150":13797,"151":4212,"152":4419,"153":1,"154":1,"155":1,"156":1,"157":252,"158":252,"159":1,"160":1,"161":1,"162":1,"163":1,"164":1,"165":1,"166":1,"167":1,"168":1,"169":1,"170":1,"171":1,"172":257,"173":257,"174":617,"175":617,"176":617,"177":612,"178":612,"179":612,"180":5,"181":6,"182":6,"183":6,"184":6,"185":6,"186":25,"187":6,"188":6,"189":6,"190":25,"191":25,"192":6,"193":1,"194":1,"195":1,"196":1,"197":1,"198":8,"199":8,"200":16,"201":16,"202":16,"203":16,"204":16,"205":10,"206":10,"207":10,"208":10,"209":10,"210":10,"211":170,"212":170,"213":170,"214":170,"215":8,"216":2,"217":2,"218":2,"219":2,"220":2,"221":0,"222":8,"223":6,"224":8,"225":8,"226":8,"227":8,"228":8,"229":8,"230":8,"231":8,"232":8,"233":134,"234":0,"235":0,"236":0,"237":134,"238":134,"239":134,"240":134,"241":0,"242":0,"243":0,"244":8,"245":8,"246":300,"247":300,"248":300,"249":8,"250":0,"251":8,"252":0,"253":0,"254":0,"255":8,"256":2,"257":8,"258":8,"259":8,"260":4,"261":4,"262":4,"263":454,"264":454,"265":980,"266":980,"267":4,"268":462,"269":462,"270":4,"271":2020,"272":2020,"273":8,"274":8,"275":8,"276":8,"277":150,"278":0,"279":8,"280":8,"281":8,"282":8,"283":134,"284":8,"285":8,"286":2,"287":6,"288":6,"289":6,"290":6,"291":108,"292":108,"293":0,"294":0,"295":0,"296":0,"297":0,"298":108,"299":2,"300":2,"301":2,"302":2,"303":2,"304":2,"305":2,"306":36,"307":36,"308":72,"309":19,"310":19,"311":72,"312":36,"313":36,"314":36,"315":36,"316":36,"317":36,"318":36,"319":36,"320":2,"321":2,"322":2,"323":2,"324":2,"325":2,"326":2,"327":2,"328":2,"329":2,"330":2,"331":2,"332":2,"333":0,"334":0,"335":0,"336":36,"337":36,"338":36,"339":0,"340":0,"341":36,"342":18,"343":18,"344":18,"345":18,"346":18,"347":9,"348":9,"349":4,"350":1,"351":1,"352":1,"353":1,"354":1,"355":141,"356":141,"357":141,"358":711,"359":711,"360":1,"361":1,"362":1,"363":1,"364":1,"365":1,"366":141,"367":141,"368":20,"369":20,"370":118,"371":141,"372":141,"373":162,"374":162,"375":141,"376":21,"377":21,"378":20,"379":141,"380":0,"381":0,"382":0,"383":0,"384":0,"385":0,"386":0,"387":2,"388":2,"389":2,"390":2,"391":2,"392":2,"393":0,"394":0,"395":0,"396":0,"397":0,"398":0,"399":0,"400":0,"401":0,"402":0,"403":0,"404":0,"405":0,"406":0,"407":0,"408":0,"409":0,"410":0,"411":0,"412":0,"413":0,"414":0,"415":0,"416":0,"417":0,"418":0,"419":0,"420":0,"421":0,"422":0,"423":0,"424":0,"425":0,"426":0,"427":0,"428":0,"429":0,"430":0,"431":0,"432":0,"433":0,"434":0,"435":0,"436":0,"437":0,"438":0,"439":0,"440":0,"441":0,"442":0,"443":0,"444":0,"445":0,"446":0,"447":0,"448":0,"449":0,"450":0,"451":0,"452":0,"453":0,"454":0,"455":0,"456":0,"457":0,"458":0,"459":0,"460":0,"461":0,"462":0,"463":0,"464":0,"465":0,"466":0,"467":0,"468":0,"469":0,"470":0,"471":0,"472":0,"473":0,"474":0,"475":0,"476":0,"477":2,"478":2,"479":2,"480":2,"481":0,"482":2,"483":2,"484":2,"485":18,"486":2,"487":4,"488":4,"489":2,"490":2,"491":2,"492":0,"493":2,"494":2,"495":2,"496":2,"497":2,"498":2,"499":2,"500":2,"501":190,"502":190,"503":0,"504":2,"505":17,"506":13,"507":13,"508":13,"509":18,"510":13,"511":13,"512":4,"513":2,"514":2,"515":2,"516":2,"517":2,"518":1,"519":2,"520":2,"521":2,"522":2,"523":2,"524":2,"525":2,"526":54,"527":2,"528":2,"529":2,"530":4,"531":4,"532":95,"533":95,"534":95,"535":18,"536":95,"537":49,"538":46,"539":9,"540":46,"541":46,"542":4,"543":22,"544":22,"545":22,"546":22,"547":4,"548":4,"549":9,"550":9,"551":5,"552":9,"553":9,"554":73,"555":73,"556":73,"557":73,"558":147,"559":73,"560":9,"561":14,"562":14,"563":9,"564":9,"565":9,"566":22,"567":22,"568":22,"569":4,"570":27,"571":14,"572":4,"573":4,"574":0,"575":4,"576":8,"577":8,"578":2,"579":1,"580":4,"581":12,"582":12,"583":12,"584":2,"585":1,"586":1,"587":1,"588":1,"589":1,"590":6,"591":6,"592":6,"593":1,"594":1,"595":1,"596":2,"597":2,"598":2,"599":2,"600":2,"601":2,"602":2,"603":0,"604":2,"605":2,"606":2,"607":2,"608":2,"609":2,"610":2,"611":2,"612":2,"613":2,"614":2,"615":0,"616":1,"617":2,"618":1,"619":2,"620":0,"621":2,"622":2,"623":2,"624":2,"625":2,"626":3,"627":2,"628":2,"629":1,"630":1,"631":1,"632":4,"633":4,"634":1,"635":1,"636":1,"637":1,"638":1,"639":1,"640":1,"641":1,"642":1,"643":1,"644":1,"645":1,"646":1,"647":1,"648":1,"649":1,"650":1,"651":1,"652":0,"653":1,"654":1,"655":1,"656":1,"657":0,"658":0,"659":1,"660":1,"661":1,"662":0,"663":1,"664":1,"665":1,"666":1,"667":1,"668":1,"669":1,"670":0,"671":0,"672":0,"673":1,"674":1,"675":5,"676":5,"677":14,"678":30,"679":0,"680":19,"681":10,"682":10,"683":10,"684":59,"685":20,"686":20,"687":0,"688":0,"689":0,"690":0,"691":0,"692":0,"693":1,"694":1,"695":1,"696":1,"697":1,"698":1,"699":1,"700":2,"701":2,"702":2,"703":6,"704":6,"705":2,"706":2,"707":2,"708":2,"709":2,"710":2,"711":2,"712":2,"713":1,"714":1,"715":3,"716":2,"717":1,"718":2,"719":2,"720":2,"721":2,"722":2,"723":2,"724":1,"725":1,"726":4,"727":4,"728":4,"729":2,"730":2,"731":2,"732":2,"733":2,"734":1,"735":1,"736":1,"737":1,"738":1,"739":1,"740":1,"741":1,"742":1,"743":1,"744":1,"745":1,"746":1,"747":2,"748":0,"749":0,"750":0,"751":0,"752":0,"753":0,"754":0,"755":0,"756":0,"757":0,"758":0,"759":0,"760":2,"761":2,"762":2,"763":2,"764":2,"765":2,"766":2,"767":2,"768":2,"769":1,"770":1,"771":2,"772":2,"773":2,"774":1,"775":1,"776":1,"777":1,"778":1,"779":1,"780":3,"781":3,"782":3,"783":9,"784":9,"785":3,"786":3,"787":3,"788":3,"789":3,"790":3,"791":3,"792":3,"793":3,"794":0,"795":0,"796":3,"797":3,"798":0,"799":0,"800":3,"801":0,"802":3,"803":0,"804":3,"805":3,"806":3,"807":3,"808":0,"809":0,"810":3,"811":3,"812":3,"813":3,"814":0,"815":0,"816":0,"817":0,"818":0,"819":0,"820":0,"821":0,"822":0,"823":0,"824":1,"825":1,"826":0,"827":0,"828":0,"829":0,"830":0,"831":0,"832":0,"833":0,"834":0,"835":0,"836":0,"837":0,"838":0,"839":0,"840":0,"841":0,"842":0,"843":0,"844":2,"845":2,"846":0,"847":0,"848":0,"849":2,"850":1,"851":1,"852":3,"853":3,"854":3,"855":3,"856":3,"857":3,"858":3,"859":3,"860":0,"861":3,"862":3,"863":3,"864":3,"865":3,"866":3,"867":3,"868":3,"869":3,"870":1,"871":1,"872":1,"873":1,"874":1,"875":0,"876":0,"877":0,"878":0,"879":0,"880":0,"881":0,"882":0,"883":0,"884":0,"885":0,"886":0,"887":0,"888":0,"889":0,"890":0,"891":0,"892":0,"893":0,"894":0,"895":0,"896":0,"897":0,"898":0,"899":0,"900":0,"901":0,"902":0,"903":0,"904":0,"905":0,"906":0,"907":0,"908":0,"909":0,"910":0,"911":0,"912":0,"913":0,"914":0,"915":0,"916":0,"917":0,"918":0,"919":0,"920":0,"921":0,"922":0,"923":0,"924":0,"925":0,"926":0,"927":0,"928":0,"929":0,"930":0,"931":0,"932":0,"933":0,"934":0,"935":0,"936":0,"937":0,"938":0,"939":0,"940":0,"941":0,"942":0,"943":0,"944":0,"945":0,"946":0,"947":0,"948":0,"949":0,"950":0,"951":0,"952":0,"953":0,"954":0,"955":0,"956":0,"957":0,"958":0,"959":0,"960":0,"961":0,"962":0,"963":0,"964":0,"965":0,"966":0,"967":0,"968":0,"969":0,"970":0,"971":0,"972":0,"973":0,"974":2},"path":"/home/travis/build/kaizhu256/node-proxy-lite/utility2.js","fnMap":{"1":{"name":"(anonymous_1)","line":12,"loc":{"start":{"line":12,"column":15},"end":{"line":12,"column":33}}},"2":{"name":"submoduleUtility2Shared","line":22,"loc":{"start":{"line":22,"column":1},"end":{"line":22,"column":36}}},"3":{"name":"(anonymous_3)","line":30,"loc":{"start":{"line":30,"column":11},"end":{"line":30,"column":23}}},"4":{"name":"(anonymous_4)","line":92,"loc":{"start":{"line":92,"column":19},"end":{"line":92,"column":36}}},"5":{"name":"(anonymous_5)","line":96,"loc":{"start":{"line":96,"column":33},"end":{"line":96,"column":48}}},"6":{"name":"(anonymous_6)","line":128,"loc":{"start":{"line":128,"column":33},"end":{"line":128,"column":57}}},"7":{"name":"(anonymous_7)","line":134,"loc":{"start":{"line":134,"column":9},"end":{"line":134,"column":33}}},"8":{"name":"(anonymous_8)","line":149,"loc":{"start":{"line":149,"column":24},"end":{"line":149,"column":48}}},"9":{"name":"(anonymous_9)","line":155,"loc":{"start":{"line":155,"column":9},"end":{"line":155,"column":32}}},"10":{"name":"(anonymous_10)","line":156,"loc":{"start":{"line":156,"column":29},"end":{"line":156,"column":41}}},"11":{"name":"(anonymous_11)","line":166,"loc":{"start":{"line":166,"column":12},"end":{"line":166,"column":39}}},"12":{"name":"(anonymous_12)","line":182,"loc":{"start":{"line":182,"column":26},"end":{"line":182,"column":50}}},"13":{"name":"(anonymous_13)","line":189,"loc":{"start":{"line":189,"column":27},"end":{"line":189,"column":39}}},"14":{"name":"(anonymous_14)","line":191,"loc":{"start":{"line":191,"column":9},"end":{"line":191,"column":26}}},"15":{"name":"(anonymous_15)","line":198,"loc":{"start":{"line":198,"column":27},"end":{"line":198,"column":39}}},"16":{"name":"(anonymous_16)","line":200,"loc":{"start":{"line":200,"column":9},"end":{"line":200,"column":26}}},"17":{"name":"(anonymous_17)","line":210,"loc":{"start":{"line":210,"column":27},"end":{"line":210,"column":39}}},"18":{"name":"(anonymous_18)","line":212,"loc":{"start":{"line":212,"column":9},"end":{"line":212,"column":26}}},"19":{"name":"(anonymous_19)","line":221,"loc":{"start":{"line":221,"column":14},"end":{"line":221,"column":34}}},"20":{"name":"(anonymous_20)","line":228,"loc":{"start":{"line":228,"column":14},"end":{"line":228,"column":37}}},"21":{"name":"(anonymous_21)","line":237,"loc":{"start":{"line":237,"column":14},"end":{"line":237,"column":41}}},"22":{"name":"(anonymous_22)","line":246,"loc":{"start":{"line":246,"column":16},"end":{"line":246,"column":40}}},"23":{"name":"(anonymous_23)","line":253,"loc":{"start":{"line":253,"column":16},"end":{"line":253,"column":43}}},"24":{"name":"(anonymous_24)","line":262,"loc":{"start":{"line":262,"column":16},"end":{"line":262,"column":47}}},"25":{"name":"(anonymous_25)","line":271,"loc":{"start":{"line":271,"column":25},"end":{"line":271,"column":49}}},"26":{"name":"(anonymous_26)","line":275,"loc":{"start":{"line":275,"column":23},"end":{"line":275,"column":40}}},"27":{"name":"(anonymous_27)","line":279,"loc":{"start":{"line":279,"column":29},"end":{"line":279,"column":46}}},"28":{"name":"(anonymous_28)","line":283,"loc":{"start":{"line":283,"column":35},"end":{"line":283,"column":52}}},"29":{"name":"(anonymous_29)","line":287,"loc":{"start":{"line":287,"column":25},"end":{"line":287,"column":42}}},"30":{"name":"(anonymous_30)","line":291,"loc":{"start":{"line":291,"column":31},"end":{"line":291,"column":48}}},"31":{"name":"(anonymous_31)","line":295,"loc":{"start":{"line":295,"column":37},"end":{"line":295,"column":54}}},"32":{"name":"(anonymous_32)","line":302,"loc":{"start":{"line":302,"column":18},"end":{"line":302,"column":33}}},"33":{"name":"(anonymous_33)","line":314,"loc":{"start":{"line":314,"column":32},"end":{"line":314,"column":56}}},"34":{"name":"(anonymous_34)","line":320,"loc":{"start":{"line":320,"column":27},"end":{"line":320,"column":40}}},"35":{"name":"(anonymous_35)","line":323,"loc":{"start":{"line":323,"column":9},"end":{"line":323,"column":33}}},"36":{"name":"(anonymous_36)","line":334,"loc":{"start":{"line":334,"column":16},"end":{"line":334,"column":33}}},"37":{"name":"(anonymous_37)","line":341,"loc":{"start":{"line":341,"column":26},"end":{"line":341,"column":60}}},"38":{"name":"(anonymous_38)","line":351,"loc":{"start":{"line":351,"column":40},"end":{"line":351,"column":64}}},"39":{"name":"(anonymous_39)","line":374,"loc":{"start":{"line":374,"column":34},"end":{"line":374,"column":51}}},"40":{"name":"(anonymous_40)","line":383,"loc":{"start":{"line":383,"column":46},"end":{"line":383,"column":61}}},"41":{"name":"(anonymous_41)","line":385,"loc":{"start":{"line":385,"column":24},"end":{"line":385,"column":39}}},"42":{"name":"(anonymous_42)","line":392,"loc":{"start":{"line":392,"column":9},"end":{"line":392,"column":21}}},"43":{"name":"(anonymous_43)","line":399,"loc":{"start":{"line":399,"column":25},"end":{"line":399,"column":48}}},"44":{"name":"(anonymous_44)","line":415,"loc":{"start":{"line":415,"column":39},"end":{"line":415,"column":63}}},"45":{"name":"(anonymous_45)","line":422,"loc":{"start":{"line":422,"column":17},"end":{"line":422,"column":30}}},"46":{"name":"(anonymous_46)","line":425,"loc":{"start":{"line":425,"column":15},"end":{"line":425,"column":28}}},"47":{"name":"(anonymous_47)","line":429,"loc":{"start":{"line":429,"column":9},"end":{"line":429,"column":33}}},"48":{"name":"(anonymous_48)","line":451,"loc":{"start":{"line":451,"column":20},"end":{"line":451,"column":62}}},"49":{"name":"(anonymous_49)","line":458,"loc":{"start":{"line":458,"column":24},"end":{"line":458,"column":36}}},"50":{"name":"(anonymous_50)","line":463,"loc":{"start":{"line":463,"column":34},"end":{"line":463,"column":58}}},"51":{"name":"(anonymous_51)","line":469,"loc":{"start":{"line":469,"column":29},"end":{"line":469,"column":46}}},"52":{"name":"(anonymous_52)","line":470,"loc":{"start":{"line":470,"column":29},"end":{"line":470,"column":41}}},"53":{"name":"(anonymous_53)","line":484,"loc":{"start":{"line":484,"column":16},"end":{"line":484,"column":45}}},"54":{"name":"(anonymous_54)","line":488,"loc":{"start":{"line":488,"column":36},"end":{"line":488,"column":51}}},"55":{"name":"(anonymous_55)","line":507,"loc":{"start":{"line":507,"column":30},"end":{"line":507,"column":54}}},"56":{"name":"(anonymous_56)","line":524,"loc":{"start":{"line":524,"column":17},"end":{"line":524,"column":61}}},"57":{"name":"(anonymous_57)","line":534,"loc":{"start":{"line":534,"column":31},"end":{"line":534,"column":55}}},"58":{"name":"(anonymous_58)","line":566,"loc":{"start":{"line":566,"column":25},"end":{"line":566,"column":69}}},"59":{"name":"(anonymous_59)","line":574,"loc":{"start":{"line":574,"column":36},"end":{"line":574,"column":51}}},"60":{"name":"(anonymous_60)","line":593,"loc":{"start":{"line":593,"column":14},"end":{"line":593,"column":68}}},"61":{"name":"(anonymous_61)","line":606,"loc":{"start":{"line":606,"column":22},"end":{"line":606,"column":39}}},"62":{"name":"(anonymous_62)","line":609,"loc":{"start":{"line":609,"column":35},"end":{"line":609,"column":51}}},"63":{"name":"(anonymous_63)","line":617,"loc":{"start":{"line":617,"column":25},"end":{"line":617,"column":41}}},"64":{"name":"(anonymous_64)","line":628,"loc":{"start":{"line":628,"column":26},"end":{"line":628,"column":50}}},"65":{"name":"(anonymous_65)","line":632,"loc":{"start":{"line":632,"column":23},"end":{"line":632,"column":40}}},"66":{"name":"(anonymous_66)","line":637,"loc":{"start":{"line":637,"column":9},"end":{"line":637,"column":21}}},"67":{"name":"(anonymous_67)","line":642,"loc":{"start":{"line":642,"column":22},"end":{"line":642,"column":58}}},"68":{"name":"(anonymous_68)","line":659,"loc":{"start":{"line":659,"column":41},"end":{"line":659,"column":67}}},"69":{"name":"(anonymous_69)","line":677,"loc":{"start":{"line":677,"column":44},"end":{"line":677,"column":68}}},"70":{"name":"(anonymous_70)","line":698,"loc":{"start":{"line":698,"column":44},"end":{"line":698,"column":64}}},"71":{"name":"(anonymous_71)","line":720,"loc":{"start":{"line":720,"column":43},"end":{"line":720,"column":68}}},"72":{"name":"(anonymous_72)","line":722,"loc":{"start":{"line":722,"column":45},"end":{"line":722,"column":62}}},"73":{"name":"(anonymous_73)","line":741,"loc":{"start":{"line":741,"column":42},"end":{"line":741,"column":66}}},"74":{"name":"(anonymous_74)","line":745,"loc":{"start":{"line":745,"column":42},"end":{"line":745,"column":62}}},"75":{"name":"(anonymous_75)","line":768,"loc":{"start":{"line":768,"column":39},"end":{"line":768,"column":61}}},"76":{"name":"(anonymous_76)","line":780,"loc":{"start":{"line":780,"column":39},"end":{"line":780,"column":61}}},"77":{"name":"(anonymous_77)","line":792,"loc":{"start":{"line":792,"column":48},"end":{"line":792,"column":64}}},"78":{"name":"(anonymous_78)","line":798,"loc":{"start":{"line":798,"column":37},"end":{"line":798,"column":55}}},"79":{"name":"(anonymous_79)","line":800,"loc":{"start":{"line":800,"column":34},"end":{"line":800,"column":55}}},"80":{"name":"(anonymous_80)","line":806,"loc":{"start":{"line":806,"column":37},"end":{"line":806,"column":55}}},"81":{"name":"(anonymous_81)","line":811,"loc":{"start":{"line":811,"column":37},"end":{"line":811,"column":55}}},"82":{"name":"(anonymous_82)","line":823,"loc":{"start":{"line":823,"column":25},"end":{"line":823,"column":40}}},"83":{"name":"(anonymous_83)","line":833,"loc":{"start":{"line":833,"column":42},"end":{"line":833,"column":66}}},"84":{"name":"(anonymous_84)","line":835,"loc":{"start":{"line":835,"column":42},"end":{"line":835,"column":62}}},"85":{"name":"(anonymous_85)","line":852,"loc":{"start":{"line":852,"column":60},"end":{"line":852,"column":88}}},"86":{"name":"(anonymous_86)","line":875,"loc":{"start":{"line":875,"column":58},"end":{"line":875,"column":78}}},"87":{"name":"(anonymous_87)","line":882,"loc":{"start":{"line":882,"column":27},"end":{"line":882,"column":43}}},"88":{"name":"(anonymous_88)","line":910,"loc":{"start":{"line":910,"column":13},"end":{"line":910,"column":25}}},"89":{"name":"(anonymous_89)","line":923,"loc":{"start":{"line":923,"column":40},"end":{"line":923,"column":60}}},"90":{"name":"(anonymous_90)","line":925,"loc":{"start":{"line":925,"column":23},"end":{"line":925,"column":40}}},"91":{"name":"(anonymous_91)","line":951,"loc":{"start":{"line":951,"column":56},"end":{"line":951,"column":80}}},"92":{"name":"(anonymous_92)","line":995,"loc":{"start":{"line":995,"column":25},"end":{"line":995,"column":37}}},"93":{"name":"(anonymous_93)","line":1041,"loc":{"start":{"line":1041,"column":18},"end":{"line":1041,"column":52}}},"94":{"name":"(anonymous_94)","line":1053,"loc":{"start":{"line":1053,"column":32},"end":{"line":1053,"column":56}}},"95":{"name":"(anonymous_95)","line":1060,"loc":{"start":{"line":1060,"column":27},"end":{"line":1060,"column":39}}},"96":{"name":"(anonymous_96)","line":1062,"loc":{"start":{"line":1062,"column":9},"end":{"line":1062,"column":26}}},"97":{"name":"(anonymous_97)","line":1076,"loc":{"start":{"line":1076,"column":16},"end":{"line":1076,"column":42}}},"98":{"name":"(anonymous_98)","line":1084,"loc":{"start":{"line":1084,"column":80},"end":{"line":1084,"column":95}}},"99":{"name":"(anonymous_99)","line":1091,"loc":{"start":{"line":1091,"column":30},"end":{"line":1091,"column":54}}},"100":{"name":"(anonymous_100)","line":1116,"loc":{"start":{"line":1116,"column":21},"end":{"line":1116,"column":47}}},"101":{"name":"(anonymous_101)","line":1122,"loc":{"start":{"line":1122,"column":23},"end":{"line":1122,"column":46}}},"102":{"name":"(anonymous_102)","line":1125,"loc":{"start":{"line":1125,"column":31},"end":{"line":1125,"column":47}}},"103":{"name":"(anonymous_103)","line":1148,"loc":{"start":{"line":1148,"column":21},"end":{"line":1148,"column":45}}},"104":{"name":"(anonymous_104)","line":1152,"loc":{"start":{"line":1152,"column":13},"end":{"line":1152,"column":36}}},"105":{"name":"submoduleUtility2Browser","line":1171,"loc":{"start":{"line":1171,"column":1},"end":{"line":1171,"column":37}}},"106":{"name":"(anonymous_106)","line":1179,"loc":{"start":{"line":1179,"column":11},"end":{"line":1179,"column":23}}},"107":{"name":"(anonymous_107)","line":1198,"loc":{"start":{"line":1198,"column":15},"end":{"line":1198,"column":27}}},"108":{"name":"(anonymous_108)","line":1213,"loc":{"start":{"line":1213,"column":39},"end":{"line":1213,"column":63}}},"109":{"name":"(anonymous_109)","line":1221,"loc":{"start":{"line":1221,"column":34},"end":{"line":1221,"column":46}}},"110":{"name":"(anonymous_110)","line":1230,"loc":{"start":{"line":1230,"column":9},"end":{"line":1230,"column":33}}},"111":{"name":"(anonymous_111)","line":1240,"loc":{"start":{"line":1240,"column":15},"end":{"line":1240,"column":27}}},"112":{"name":"(anonymous_112)","line":1253,"loc":{"start":{"line":1253,"column":38},"end":{"line":1253,"column":50}}},"113":{"name":"(anonymous_113)","line":1262,"loc":{"start":{"line":1262,"column":36},"end":{"line":1262,"column":48}}},"114":{"name":"(anonymous_114)","line":1273,"loc":{"start":{"line":1273,"column":10},"end":{"line":1273,"column":43}}},"115":{"name":"(anonymous_115)","line":1279,"loc":{"start":{"line":1279,"column":22},"end":{"line":1279,"column":45}}},"116":{"name":"(anonymous_116)","line":1291,"loc":{"start":{"line":1291,"column":21},"end":{"line":1291,"column":38}}},"117":{"name":"(anonymous_117)","line":1341,"loc":{"start":{"line":1341,"column":44},"end":{"line":1341,"column":68}}},"118":{"name":"(anonymous_118)","line":1353,"loc":{"start":{"line":1353,"column":49},"end":{"line":1353,"column":64}}},"119":{"name":"(anonymous_119)","line":1360,"loc":{"start":{"line":1360,"column":23},"end":{"line":1360,"column":35}}},"120":{"name":"(anonymous_120)","line":1384,"loc":{"start":{"line":1384,"column":28},"end":{"line":1384,"column":40}}},"121":{"name":"(anonymous_121)","line":1402,"loc":{"start":{"line":1402,"column":25},"end":{"line":1402,"column":55}}},"122":{"name":"submoduleUtility2Nodejs","line":1418,"loc":{"start":{"line":1418,"column":1},"end":{"line":1418,"column":36}}},"123":{"name":"(anonymous_123)","line":1426,"loc":{"start":{"line":1426,"column":11},"end":{"line":1426,"column":23}}},"124":{"name":"(anonymous_124)","line":1446,"loc":{"start":{"line":1446,"column":16},"end":{"line":1446,"column":34}}},"125":{"name":"(anonymous_125)","line":1453,"loc":{"start":{"line":1453,"column":16},"end":{"line":1453,"column":34}}},"126":{"name":"(anonymous_126)","line":1479,"loc":{"start":{"line":1479,"column":14},"end":{"line":1479,"column":26}}},"127":{"name":"(anonymous_127)","line":1487,"loc":{"start":{"line":1487,"column":46},"end":{"line":1487,"column":61}}},"128":{"name":"(anonymous_128)","line":1494,"loc":{"start":{"line":1494,"column":19},"end":{"line":1494,"column":38}}},"129":{"name":"(anonymous_129)","line":1504,"loc":{"start":{"line":1504,"column":57},"end":{"line":1504,"column":74}}},"130":{"name":"(anonymous_130)","line":1522,"loc":{"start":{"line":1522,"column":27},"end":{"line":1522,"column":39}}},"131":{"name":"(anonymous_131)","line":1534,"loc":{"start":{"line":1534,"column":17},"end":{"line":1534,"column":29}}},"132":{"name":"(anonymous_132)","line":1542,"loc":{"start":{"line":1542,"column":19},"end":{"line":1542,"column":31}}},"133":{"name":"(anonymous_133)","line":1548,"loc":{"start":{"line":1548,"column":34},"end":{"line":1548,"column":49}}},"134":{"name":"(anonymous_134)","line":1559,"loc":{"start":{"line":1559,"column":15},"end":{"line":1559,"column":27}}},"135":{"name":"(anonymous_135)","line":1565,"loc":{"start":{"line":1565,"column":18},"end":{"line":1565,"column":37}}},"136":{"name":"(anonymous_136)","line":1588,"loc":{"start":{"line":1588,"column":18},"end":{"line":1588,"column":34}}},"137":{"name":"(anonymous_137)","line":1619,"loc":{"start":{"line":1619,"column":12},"end":{"line":1619,"column":45}}},"138":{"name":"(anonymous_138)","line":1631,"loc":{"start":{"line":1631,"column":41},"end":{"line":1631,"column":59}}},"139":{"name":"(anonymous_139)","line":1641,"loc":{"start":{"line":1641,"column":13},"end":{"line":1641,"column":48}}},"140":{"name":"(anonymous_140)","line":1665,"loc":{"start":{"line":1665,"column":24},"end":{"line":1665,"column":48}}},"141":{"name":"(anonymous_141)","line":1672,"loc":{"start":{"line":1672,"column":11},"end":{"line":1672,"column":28}}},"142":{"name":"(anonymous_142)","line":1684,"loc":{"start":{"line":1684,"column":45},"end":{"line":1684,"column":61}}},"143":{"name":"(anonymous_143)","line":1691,"loc":{"start":{"line":1691,"column":11},"end":{"line":1691,"column":35}}},"144":{"name":"(anonymous_144)","line":1699,"loc":{"start":{"line":1699,"column":55},"end":{"line":1699,"column":71}}},"145":{"name":"(anonymous_145)","line":1708,"loc":{"start":{"line":1708,"column":11},"end":{"line":1708,"column":35}}},"146":{"name":"(anonymous_146)","line":1724,"loc":{"start":{"line":1724,"column":30},"end":{"line":1724,"column":54}}},"147":{"name":"(anonymous_147)","line":1729,"loc":{"start":{"line":1729,"column":25},"end":{"line":1729,"column":42}}},"148":{"name":"(anonymous_148)","line":1737,"loc":{"start":{"line":1737,"column":47},"end":{"line":1737,"column":63}}},"149":{"name":"(anonymous_149)","line":1739,"loc":{"start":{"line":1739,"column":31},"end":{"line":1739,"column":54}}},"150":{"name":"(anonymous_150)","line":1744,"loc":{"start":{"line":1744,"column":21},"end":{"line":1744,"column":33}}},"151":{"name":"(anonymous_151)","line":1751,"loc":{"start":{"line":1751,"column":15},"end":{"line":1751,"column":27}}},"152":{"name":"(anonymous_152)","line":1771,"loc":{"start":{"line":1771,"column":19},"end":{"line":1771,"column":61}}},"153":{"name":"(anonymous_153)","line":1789,"loc":{"start":{"line":1789,"column":33},"end":{"line":1789,"column":57}}},"154":{"name":"(anonymous_154)","line":1796,"loc":{"start":{"line":1796,"column":16},"end":{"line":1796,"column":34}}},"155":{"name":"(anonymous_155)","line":1802,"loc":{"start":{"line":1802,"column":17},"end":{"line":1802,"column":29}}},"156":{"name":"(anonymous_156)","line":1823,"loc":{"start":{"line":1823,"column":33},"end":{"line":1823,"column":62}}},"157":{"name":"(anonymous_157)","line":1824,"loc":{"start":{"line":1824,"column":52},"end":{"line":1824,"column":69}}},"158":{"name":"(anonymous_158)","line":1829,"loc":{"start":{"line":1829,"column":34},"end":{"line":1829,"column":46}}},"159":{"name":"(anonymous_159)","line":1834,"loc":{"start":{"line":1834,"column":10},"end":{"line":1834,"column":43}}},"160":{"name":"(anonymous_160)","line":1848,"loc":{"start":{"line":1848,"column":18},"end":{"line":1848,"column":41}}},"161":{"name":"(anonymous_161)","line":1943,"loc":{"start":{"line":1943,"column":31},"end":{"line":1943,"column":50}}},"162":{"name":"(anonymous_162)","line":1954,"loc":{"start":{"line":1954,"column":27},"end":{"line":1954,"column":46}}},"163":{"name":"(anonymous_163)","line":1961,"loc":{"start":{"line":1961,"column":28},"end":{"line":1961,"column":47}}},"164":{"name":"(anonymous_164)","line":1971,"loc":{"start":{"line":1971,"column":25},"end":{"line":1971,"column":44}}},"165":{"name":"(anonymous_165)","line":1985,"loc":{"start":{"line":1985,"column":25},"end":{"line":1985,"column":44}}},"166":{"name":"(anonymous_166)","line":1992,"loc":{"start":{"line":1992,"column":35},"end":{"line":1992,"column":54}}},"167":{"name":"(anonymous_167)","line":2001,"loc":{"start":{"line":2001,"column":49},"end":{"line":2001,"column":72}}},"168":{"name":"(anonymous_168)","line":2012,"loc":{"start":{"line":2012,"column":43},"end":{"line":2012,"column":55}}},"169":{"name":"(anonymous_169)","line":2036,"loc":{"start":{"line":2036,"column":57},"end":{"line":2036,"column":81}}},"170":{"name":"(anonymous_170)","line":2042,"loc":{"start":{"line":2042,"column":24},"end":{"line":2042,"column":36}}},"171":{"name":"(anonymous_171)","line":2047,"loc":{"start":{"line":2047,"column":9},"end":{"line":2047,"column":33}}},"172":{"name":"(anonymous_172)","line":2053,"loc":{"start":{"line":2053,"column":40},"end":{"line":2053,"column":70}}},"173":{"name":"(anonymous_173)","line":2059,"loc":{"start":{"line":2059,"column":18},"end":{"line":2059,"column":41}}},"174":{"name":"(anonymous_174)","line":2087,"loc":{"start":{"line":2087,"column":25},"end":{"line":2087,"column":41}}},"175":{"name":"(anonymous_175)","line":2122,"loc":{"start":{"line":2122,"column":54},"end":{"line":2122,"column":78}}},"176":{"name":"(anonymous_176)","line":2129,"loc":{"start":{"line":2129,"column":26},"end":{"line":2129,"column":53}}},"177":{"name":"(anonymous_177)","line":2143,"loc":{"start":{"line":2143,"column":30},"end":{"line":2143,"column":42}}},"178":{"name":"(anonymous_178)","line":2148,"loc":{"start":{"line":2148,"column":9},"end":{"line":2148,"column":33}}},"179":{"name":"(anonymous_179)","line":2151,"loc":{"start":{"line":2151,"column":16},"end":{"line":2151,"column":40}}},"180":{"name":"(anonymous_180)","line":2155,"loc":{"start":{"line":2155,"column":63},"end":{"line":2155,"column":80}}},"181":{"name":"(anonymous_181)","line":2156,"loc":{"start":{"line":2156,"column":31},"end":{"line":2156,"column":43}}},"182":{"name":"(anonymous_182)","line":2163,"loc":{"start":{"line":2163,"column":16},"end":{"line":2163,"column":40}}},"183":{"name":"(anonymous_183)","line":2174,"loc":{"start":{"line":2174,"column":63},"end":{"line":2174,"column":80}}},"184":{"name":"(anonymous_184)","line":2175,"loc":{"start":{"line":2175,"column":31},"end":{"line":2175,"column":43}}},"185":{"name":"(anonymous_185)","line":2184,"loc":{"start":{"line":2184,"column":25},"end":{"line":2184,"column":37}}},"186":{"name":"(anonymous_186)","line":2191,"loc":{"start":{"line":2191,"column":37},"end":{"line":2191,"column":49}}},"187":{"name":"(anonymous_187)","line":2204,"loc":{"start":{"line":2204,"column":16},"end":{"line":2204,"column":35}}},"188":{"name":"(anonymous_188)","line":2209,"loc":{"start":{"line":2209,"column":31},"end":{"line":2209,"column":43}}},"189":{"name":"(anonymous_189)","line":2220,"loc":{"start":{"line":2220,"column":18},"end":{"line":2220,"column":42}}},"190":{"name":"(anonymous_190)","line":2228,"loc":{"start":{"line":2228,"column":32},"end":{"line":2228,"column":44}}},"191":{"name":"(anonymous_191)","line":2234,"loc":{"start":{"line":2234,"column":25},"end":{"line":2234,"column":37}}},"192":{"name":"(anonymous_192)","line":2235,"loc":{"start":{"line":2235,"column":47},"end":{"line":2235,"column":63}}},"193":{"name":"(anonymous_193)","line":2241,"loc":{"start":{"line":2241,"column":20},"end":{"line":2241,"column":50}}},"194":{"name":"(anonymous_194)","line":2247,"loc":{"start":{"line":2247,"column":22},"end":{"line":2247,"column":39}}},"195":{"name":"(anonymous_195)","line":2275,"loc":{"start":{"line":2275,"column":34},"end":{"line":2275,"column":58}}},"196":{"name":"(anonymous_196)","line":2280,"loc":{"start":{"line":2280,"column":25},"end":{"line":2280,"column":42}}},"197":{"name":"(anonymous_197)","line":2294,"loc":{"start":{"line":2294,"column":21},"end":{"line":2294,"column":37}}},"198":{"name":"(anonymous_198)","line":2304,"loc":{"start":{"line":2304,"column":25},"end":{"line":2304,"column":41}}},"199":{"name":"(anonymous_199)","line":2311,"loc":{"start":{"line":2311,"column":22},"end":{"line":2311,"column":57}}},"200":{"name":"(anonymous_200)","line":2314,"loc":{"start":{"line":2314,"column":18},"end":{"line":2314,"column":30}}},"201":{"name":"(anonymous_201)","line":2381,"loc":{"start":{"line":2381,"column":31},"end":{"line":2381,"column":66}}},"202":{"name":"(anonymous_202)","line":2394,"loc":{"start":{"line":2394,"column":37},"end":{"line":2394,"column":72}}},"203":{"name":"(anonymous_203)","line":2416,"loc":{"start":{"line":2416,"column":46},"end":{"line":2416,"column":69}}},"204":{"name":"(anonymous_204)","line":2422,"loc":{"start":{"line":2422,"column":54},"end":{"line":2422,"column":89}}},"205":{"name":"(anonymous_205)","line":2428,"loc":{"start":{"line":2428,"column":18},"end":{"line":2428,"column":41}}},"206":{"name":"(anonymous_206)","line":2463,"loc":{"start":{"line":2463,"column":26},"end":{"line":2463,"column":65}}},"207":{"name":"(anonymous_207)","line":2480,"loc":{"start":{"line":2480,"column":23},"end":{"line":2480,"column":74}}},"208":{"name":"(anonymous_208)","line":2490,"loc":{"start":{"line":2490,"column":28},"end":{"line":2490,"column":69}}},"209":{"name":"(anonymous_209)","line":2497,"loc":{"start":{"line":2497,"column":37},"end":{"line":2497,"column":52}}},"210":{"name":"(anonymous_210)","line":2506,"loc":{"start":{"line":2506,"column":11},"end":{"line":2506,"column":30}}},"211":{"name":"(anonymous_211)","line":2532,"loc":{"start":{"line":2532,"column":20},"end":{"line":2532,"column":40}}},"212":{"name":"(anonymous_212)","line":2543,"loc":{"start":{"line":2543,"column":19},"end":{"line":2543,"column":59}}},"213":{"name":"(anonymous_213)","line":2550,"loc":{"start":{"line":2550,"column":32},"end":{"line":2550,"column":49}}},"214":{"name":"(anonymous_214)","line":2553,"loc":{"start":{"line":2553,"column":19},"end":{"line":2553,"column":31}}},"215":{"name":"(anonymous_215)","line":2559,"loc":{"start":{"line":2559,"column":20},"end":{"line":2559,"column":53}}},"216":{"name":"(anonymous_216)","line":2573,"loc":{"start":{"line":2573,"column":18},"end":{"line":2573,"column":41}}},"217":{"name":"(anonymous_217)","line":2577,"loc":{"start":{"line":2577,"column":29},"end":{"line":2577,"column":46}}},"218":{"name":"(anonymous_218)","line":2629,"loc":{"start":{"line":2629,"column":35},"end":{"line":2629,"column":53}}},"219":{"name":"(anonymous_219)","line":2634,"loc":{"start":{"line":2634,"column":38},"end":{"line":2634,"column":50}}},"220":{"name":"(anonymous_220)","line":2650,"loc":{"start":{"line":2650,"column":35},"end":{"line":2650,"column":51}}},"221":{"name":"(anonymous_221)","line":2683,"loc":{"start":{"line":2683,"column":21},"end":{"line":2683,"column":57}}},"222":{"name":"(anonymous_222)","line":2689,"loc":{"start":{"line":2689,"column":18},"end":{"line":2689,"column":41}}},"223":{"name":"(anonymous_223)","line":2706,"loc":{"start":{"line":2706,"column":23},"end":{"line":2706,"column":39}}},"224":{"name":"(anonymous_224)","line":2754,"loc":{"start":{"line":2754,"column":26},"end":{"line":2754,"column":59}}},"225":{"name":"(anonymous_225)","line":2765,"loc":{"start":{"line":2765,"column":18},"end":{"line":2765,"column":41}}},"226":{"name":"(anonymous_226)","line":2808,"loc":{"start":{"line":2808,"column":21},"end":{"line":2808,"column":33}}}},"statementMap":{"1":{"start":{"line":11,"column":0},"end":{"line":11,"column":58}},"2":{"start":{"line":12,"column":0},"end":{"line":18,"column":2}},"3":{"start":{"line":17,"column":2},"end":{"line":17,"column":17}},"4":{"start":{"line":22,"column":0},"end":{"line":1167,"column":5}},"5":{"start":{"line":27,"column":2},"end":{"line":1165,"column":4}},"6":{"start":{"line":35,"column":6},"end":{"line":37,"column":7}},"7":{"start":{"line":36,"column":8},"end":{"line":36,"column":31}},"8":{"start":{"line":39,"column":6},"end":{"line":39,"column":42}},"9":{"start":{"line":41,"column":6},"end":{"line":41,"column":57}},"10":{"start":{"line":43,"column":6},"end":{"line":44,"column":27}},"11":{"start":{"line":46,"column":6},"end":{"line":46,"column":50}},"12":{"start":{"line":48,"column":6},"end":{"line":48,"column":85}},"13":{"start":{"line":49,"column":6},"end":{"line":83,"column":9}},"14":{"start":{"line":85,"column":6},"end":{"line":85,"column":64}},"15":{"start":{"line":87,"column":6},"end":{"line":87,"column":33}},"16":{"start":{"line":89,"column":6},"end":{"line":89,"column":53}},"17":{"start":{"line":96,"column":6},"end":{"line":125,"column":9}},"18":{"start":{"line":97,"column":8},"end":{"line":97,"column":18}},"19":{"start":{"line":99,"column":8},"end":{"line":105,"column":9}},"20":{"start":{"line":100,"column":10},"end":{"line":103,"column":13}},"21":{"start":{"line":104,"column":10},"end":{"line":104,"column":17}},"22":{"start":{"line":107,"column":8},"end":{"line":107,"column":44}},"23":{"start":{"line":108,"column":8},"end":{"line":112,"column":9}},"24":{"start":{"line":109,"column":10},"end":{"line":109,"column":50}},"25":{"start":{"line":110,"column":10},"end":{"line":110,"column":49}},"26":{"start":{"line":111,"column":10},"end":{"line":111,"column":17}},"27":{"start":{"line":113,"column":8},"end":{"line":113,"column":56}},"28":{"start":{"line":114,"column":8},"end":{"line":120,"column":9}},"29":{"start":{"line":116,"column":10},"end":{"line":116,"column":83}},"30":{"start":{"line":118,"column":10},"end":{"line":118,"column":58}},"31":{"start":{"line":119,"column":10},"end":{"line":119,"column":17}},"32":{"start":{"line":122,"column":8},"end":{"line":124,"column":9}},"33":{"start":{"line":123,"column":10},"end":{"line":123,"column":36}},"34":{"start":{"line":132,"column":6},"end":{"line":132,"column":15}},"35":{"start":{"line":133,"column":6},"end":{"line":146,"column":9}},"36":{"start":{"line":135,"column":8},"end":{"line":135,"column":19}},"37":{"start":{"line":137,"column":8},"end":{"line":141,"column":11}},"38":{"start":{"line":143,"column":8},"end":{"line":143,"column":51}},"39":{"start":{"line":144,"column":8},"end":{"line":144,"column":65}},"40":{"start":{"line":145,"column":8},"end":{"line":145,"column":23}},"41":{"start":{"line":153,"column":6},"end":{"line":163,"column":9}},"42":{"start":{"line":156,"column":8},"end":{"line":162,"column":25}},"43":{"start":{"line":158,"column":10},"end":{"line":158,"column":40}},"44":{"start":{"line":160,"column":10},"end":{"line":160,"column":51}},"45":{"start":{"line":161,"column":10},"end":{"line":161,"column":25}},"46":{"start":{"line":170,"column":6},"end":{"line":179,"column":7}},"47":{"start":{"line":171,"column":8},"end":{"line":178,"column":11}},"48":{"start":{"line":187,"column":6},"end":{"line":187,"column":33}},"49":{"start":{"line":189,"column":6},"end":{"line":196,"column":9}},"50":{"start":{"line":190,"column":8},"end":{"line":190,"column":30}},"51":{"start":{"line":193,"column":8},"end":{"line":193,"column":54}},"52":{"start":{"line":195,"column":8},"end":{"line":195,"column":87}},"53":{"start":{"line":198,"column":6},"end":{"line":208,"column":9}},"54":{"start":{"line":199,"column":8},"end":{"line":199,"column":54}},"55":{"start":{"line":202,"column":8},"end":{"line":202,"column":54}},"56":{"start":{"line":204,"column":8},"end":{"line":207,"column":10}},"57":{"start":{"line":210,"column":6},"end":{"line":217,"column":9}},"58":{"start":{"line":211,"column":8},"end":{"line":211,"column":50}},"59":{"start":{"line":214,"column":8},"end":{"line":214,"column":54}},"60":{"start":{"line":216,"column":8},"end":{"line":216,"column":89}},"61":{"start":{"line":218,"column":6},"end":{"line":218,"column":21}},"62":{"start":{"line":225,"column":6},"end":{"line":225,"column":17}},"63":{"start":{"line":233,"column":6},"end":{"line":233,"column":21}},"64":{"start":{"line":234,"column":6},"end":{"line":234,"column":17}},"65":{"start":{"line":242,"column":6},"end":{"line":242,"column":25}},"66":{"start":{"line":243,"column":6},"end":{"line":243,"column":17}},"67":{"start":{"line":250,"column":6},"end":{"line":250,"column":39}},"68":{"start":{"line":258,"column":6},"end":{"line":258,"column":21}},"69":{"start":{"line":259,"column":6},"end":{"line":259,"column":39}},"70":{"start":{"line":267,"column":6},"end":{"line":267,"column":25}},"71":{"start":{"line":268,"column":6},"end":{"line":268,"column":39}},"72":{"start":{"line":275,"column":6},"end":{"line":278,"column":9}},"73":{"start":{"line":277,"column":8},"end":{"line":277,"column":38}},"74":{"start":{"line":279,"column":6},"end":{"line":282,"column":9}},"75":{"start":{"line":281,"column":8},"end":{"line":281,"column":38}},"76":{"start":{"line":283,"column":6},"end":{"line":286,"column":9}},"77":{"start":{"line":285,"column":8},"end":{"line":285,"column":38}},"78":{"start":{"line":287,"column":6},"end":{"line":290,"column":9}},"79":{"start":{"line":289,"column":8},"end":{"line":289,"column":54}},"80":{"start":{"line":291,"column":6},"end":{"line":294,"column":9}},"81":{"start":{"line":293,"column":8},"end":{"line":293,"column":54}},"82":{"start":{"line":295,"column":6},"end":{"line":298,"column":9}},"83":{"start":{"line":297,"column":8},"end":{"line":297,"column":54}},"84":{"start":{"line":299,"column":6},"end":{"line":299,"column":21}},"85":{"start":{"line":307,"column":6},"end":{"line":307,"column":45}},"86":{"start":{"line":308,"column":6},"end":{"line":308,"column":46}},"87":{"start":{"line":309,"column":6},"end":{"line":309,"column":22}},"88":{"start":{"line":311,"column":6},"end":{"line":311,"column":17}},"89":{"start":{"line":318,"column":6},"end":{"line":318,"column":18}},"90":{"start":{"line":319,"column":6},"end":{"line":331,"column":9}},"91":{"start":{"line":321,"column":10},"end":{"line":321,"column":38}},"92":{"start":{"line":324,"column":8},"end":{"line":324,"column":21}},"93":{"start":{"line":325,"column":8},"end":{"line":325,"column":56}},"94":{"start":{"line":326,"column":8},"end":{"line":329,"column":10}},"95":{"start":{"line":330,"column":8},"end":{"line":330,"column":23}},"96":{"start":{"line":338,"column":6},"end":{"line":338,"column":42}},"97":{"start":{"line":346,"column":6},"end":{"line":348,"column":34}},"98":{"start":{"line":355,"column":6},"end":{"line":355,"column":15}},"99":{"start":{"line":357,"column":6},"end":{"line":357,"column":53}},"100":{"start":{"line":358,"column":6},"end":{"line":358,"column":47}},"101":{"start":{"line":360,"column":6},"end":{"line":360,"column":55}},"102":{"start":{"line":361,"column":6},"end":{"line":361,"column":47}},"103":{"start":{"line":363,"column":6},"end":{"line":369,"column":9}},"104":{"start":{"line":370,"column":6},"end":{"line":370,"column":75}},"105":{"start":{"line":371,"column":6},"end":{"line":371,"column":21}},"106":{"start":{"line":378,"column":6},"end":{"line":388,"column":29}},"107":{"start":{"line":384,"column":12},"end":{"line":384,"column":60}},"108":{"start":{"line":386,"column":12},"end":{"line":387,"column":61}},"109":{"start":{"line":389,"column":6},"end":{"line":389,"column":50}},"110":{"start":{"line":396,"column":6},"end":{"line":396,"column":13}},"111":{"start":{"line":405,"column":6},"end":{"line":412,"column":7}},"112":{"start":{"line":407,"column":8},"end":{"line":407,"column":92}},"113":{"start":{"line":409,"column":13},"end":{"line":412,"column":7}},"114":{"start":{"line":411,"column":8},"end":{"line":411,"column":93}},"115":{"start":{"line":419,"column":6},"end":{"line":419,"column":18}},"116":{"start":{"line":420,"column":6},"end":{"line":448,"column":9}},"117":{"start":{"line":423,"column":12},"end":{"line":423,"column":24}},"118":{"start":{"line":426,"column":12},"end":{"line":426,"column":24}},"119":{"start":{"line":431,"column":8},"end":{"line":431,"column":23}},"120":{"start":{"line":432,"column":8},"end":{"line":432,"column":79}},"121":{"start":{"line":434,"column":8},"end":{"line":435,"column":90}},"122":{"start":{"line":437,"column":8},"end":{"line":437,"column":23}},"123":{"start":{"line":438,"column":8},"end":{"line":438,"column":46}},"124":{"start":{"line":440,"column":8},"end":{"line":440,"column":50}},"125":{"start":{"line":442,"column":8},"end":{"line":442,"column":21}},"126":{"start":{"line":443,"column":8},"end":{"line":443,"column":84}},"127":{"start":{"line":445,"column":8},"end":{"line":446,"column":86}},"128":{"start":{"line":447,"column":8},"end":{"line":447,"column":23}},"129":{"start":{"line":455,"column":6},"end":{"line":455,"column":16}},"130":{"start":{"line":456,"column":6},"end":{"line":456,"column":92}},"131":{"start":{"line":457,"column":6},"end":{"line":457,"column":31}},"132":{"start":{"line":458,"column":6},"end":{"line":460,"column":18}},"133":{"start":{"line":459,"column":8},"end":{"line":459,"column":28}},"134":{"start":{"line":467,"column":6},"end":{"line":467,"column":22}},"135":{"start":{"line":468,"column":6},"end":{"line":468,"column":31}},"136":{"start":{"line":469,"column":6},"end":{"line":481,"column":52}},"137":{"start":{"line":470,"column":8},"end":{"line":480,"column":25}},"138":{"start":{"line":472,"column":10},"end":{"line":472,"column":49}},"139":{"start":{"line":474,"column":10},"end":{"line":474,"column":53}},"140":{"start":{"line":475,"column":10},"end":{"line":475,"column":49}},"141":{"start":{"line":478,"column":10},"end":{"line":478,"column":65}},"142":{"start":{"line":479,"column":10},"end":{"line":479,"column":25}},"143":{"start":{"line":488,"column":6},"end":{"line":503,"column":9}},"144":{"start":{"line":489,"column":8},"end":{"line":489,"column":32}},"145":{"start":{"line":490,"column":8},"end":{"line":490,"column":34}},"146":{"start":{"line":491,"column":8},"end":{"line":491,"column":32}},"147":{"start":{"line":493,"column":8},"end":{"line":496,"column":9}},"148":{"start":{"line":494,"column":10},"end":{"line":494,"column":35}},"149":{"start":{"line":495,"column":10},"end":{"line":495,"column":17}},"150":{"start":{"line":498,"column":8},"end":{"line":502,"column":9}},"151":{"start":{"line":501,"column":10},"end":{"line":501,"column":48}},"152":{"start":{"line":504,"column":6},"end":{"line":504,"column":21}},"153":{"start":{"line":511,"column":6},"end":{"line":511,"column":18}},"154":{"start":{"line":512,"column":6},"end":{"line":515,"column":8}},"155":{"start":{"line":517,"column":6},"end":{"line":520,"column":8}},"156":{"start":{"line":521,"column":6},"end":{"line":521,"column":21}},"157":{"start":{"line":530,"column":6},"end":{"line":530,"column":84}},"158":{"start":{"line":531,"column":6},"end":{"line":531,"column":21}},"159":{"start":{"line":538,"column":6},"end":{"line":538,"column":32}},"160":{"start":{"line":539,"column":6},"end":{"line":539,"column":18}},"161":{"start":{"line":541,"column":6},"end":{"line":546,"column":8}},"162":{"start":{"line":548,"column":6},"end":{"line":548,"column":50}},"163":{"start":{"line":549,"column":6},"end":{"line":549,"column":95}},"164":{"start":{"line":551,"column":6},"end":{"line":551,"column":51}},"165":{"start":{"line":552,"column":6},"end":{"line":553,"column":79}},"166":{"start":{"line":555,"column":6},"end":{"line":555,"column":43}},"167":{"start":{"line":557,"column":6},"end":{"line":557,"column":50}},"168":{"start":{"line":558,"column":6},"end":{"line":558,"column":94}},"169":{"start":{"line":560,"column":6},"end":{"line":560,"column":51}},"170":{"start":{"line":561,"column":6},"end":{"line":562,"column":79}},"171":{"start":{"line":563,"column":6},"end":{"line":563,"column":21}},"172":{"start":{"line":573,"column":6},"end":{"line":573,"column":30}},"173":{"start":{"line":574,"column":6},"end":{"line":590,"column":9}},"174":{"start":{"line":575,"column":8},"end":{"line":575,"column":32}},"175":{"start":{"line":576,"column":8},"end":{"line":576,"column":48}},"176":{"start":{"line":577,"column":8},"end":{"line":587,"column":9}},"177":{"start":{"line":583,"column":10},"end":{"line":583,"column":33}},"178":{"start":{"line":585,"column":10},"end":{"line":585,"column":35}},"179":{"start":{"line":586,"column":10},"end":{"line":586,"column":17}},"180":{"start":{"line":589,"column":8},"end":{"line":589,"column":77}},"181":{"start":{"line":597,"column":6},"end":{"line":597,"column":24}},"182":{"start":{"line":599,"column":6},"end":{"line":605,"column":25}},"183":{"start":{"line":606,"column":6},"end":{"line":613,"column":8}},"184":{"start":{"line":608,"column":8},"end":{"line":608,"column":36}},"185":{"start":{"line":609,"column":8},"end":{"line":611,"column":11}},"186":{"start":{"line":610,"column":10},"end":{"line":610,"column":57}},"187":{"start":{"line":612,"column":8},"end":{"line":612,"column":28}},"188":{"start":{"line":615,"column":6},"end":{"line":625,"column":7}},"189":{"start":{"line":617,"column":8},"end":{"line":620,"column":11}},"190":{"start":{"line":618,"column":10},"end":{"line":618,"column":23}},"191":{"start":{"line":619,"column":10},"end":{"line":619,"column":60}},"192":{"start":{"line":622,"column":8},"end":{"line":622,"column":28}},"193":{"start":{"line":624,"column":8},"end":{"line":624,"column":29}},"194":{"start":{"line":632,"column":6},"end":{"line":639,"column":9}},"195":{"start":{"line":634,"column":8},"end":{"line":634,"column":54}},"196":{"start":{"line":635,"column":8},"end":{"line":635,"column":23}},"197":{"start":{"line":638,"column":8},"end":{"line":638,"column":33}},"198":{"start":{"line":649,"column":6},"end":{"line":657,"column":25}},"199":{"start":{"line":659,"column":6},"end":{"line":718,"column":9}},"200":{"start":{"line":660,"column":8},"end":{"line":660,"column":16}},"201":{"start":{"line":661,"column":8},"end":{"line":666,"column":11}},"202":{"start":{"line":668,"column":8},"end":{"line":671,"column":10}},"203":{"start":{"line":672,"column":8},"end":{"line":675,"column":10}},"204":{"start":{"line":677,"column":8},"end":{"line":717,"column":11}},"205":{"start":{"line":678,"column":10},"end":{"line":682,"column":13}},"206":{"start":{"line":683,"column":10},"end":{"line":686,"column":12}},"207":{"start":{"line":687,"column":10},"end":{"line":692,"column":11}},"208":{"start":{"line":688,"column":12},"end":{"line":691,"column":14}},"209":{"start":{"line":693,"column":10},"end":{"line":696,"column":12}},"210":{"start":{"line":698,"column":10},"end":{"line":716,"column":13}},"211":{"start":{"line":699,"column":12},"end":{"line":703,"column":15}},"212":{"start":{"line":704,"column":12},"end":{"line":707,"column":14}},"213":{"start":{"line":708,"column":12},"end":{"line":711,"column":14}},"214":{"start":{"line":712,"column":12},"end":{"line":715,"column":14}},"215":{"start":{"line":720,"column":6},"end":{"line":732,"column":9}},"216":{"start":{"line":721,"column":8},"end":{"line":721,"column":29}},"217":{"start":{"line":722,"column":8},"end":{"line":727,"column":11}},"218":{"start":{"line":724,"column":10},"end":{"line":726,"column":11}},"219":{"start":{"line":725,"column":12},"end":{"line":725,"column":77}},"220":{"start":{"line":729,"column":8},"end":{"line":731,"column":9}},"221":{"start":{"line":730,"column":10},"end":{"line":730,"column":59}},"222":{"start":{"line":734,"column":6},"end":{"line":736,"column":7}},"223":{"start":{"line":735,"column":8},"end":{"line":735,"column":59}},"224":{"start":{"line":737,"column":6},"end":{"line":737,"column":31}},"225":{"start":{"line":738,"column":6},"end":{"line":738,"column":33}},"226":{"start":{"line":739,"column":6},"end":{"line":739,"column":33}},"227":{"start":{"line":740,"column":6},"end":{"line":740,"column":34}},"228":{"start":{"line":741,"column":6},"end":{"line":778,"column":9}},"229":{"start":{"line":742,"column":8},"end":{"line":742,"column":37}},"230":{"start":{"line":743,"column":8},"end":{"line":743,"column":37}},"231":{"start":{"line":744,"column":8},"end":{"line":744,"column":38}},"232":{"start":{"line":745,"column":8},"end":{"line":762,"column":11}},"233":{"start":{"line":747,"column":10},"end":{"line":761,"column":11}},"234":{"start":{"line":748,"column":12},"end":{"line":748,"column":39}},"235":{"start":{"line":749,"column":12},"end":{"line":749,"column":42}},"236":{"start":{"line":750,"column":12},"end":{"line":750,"column":40}},"237":{"start":{"line":752,"column":17},"end":{"line":761,"column":11}},"238":{"start":{"line":753,"column":12},"end":{"line":753,"column":39}},"239":{"start":{"line":754,"column":12},"end":{"line":754,"column":42}},"240":{"start":{"line":755,"column":12},"end":{"line":755,"column":40}},"241":{"start":{"line":758,"column":12},"end":{"line":758,"column":40}},"242":{"start":{"line":759,"column":12},"end":{"line":759,"column":43}},"243":{"start":{"line":760,"column":12},"end":{"line":760,"column":41}},"244":{"start":{"line":764,"column":8},"end":{"line":766,"column":25}},"245":{"start":{"line":768,"column":8},"end":{"line":772,"column":11}},"246":{"start":{"line":769,"column":10},"end":{"line":769,"column":78}},"247":{"start":{"line":770,"column":10},"end":{"line":770,"column":78}},"248":{"start":{"line":771,"column":10},"end":{"line":771,"column":39}},"249":{"start":{"line":774,"column":8},"end":{"line":777,"column":9}},"250":{"start":{"line":776,"column":10},"end":{"line":776,"column":60}},"251":{"start":{"line":780,"column":6},"end":{"line":784,"column":9}},"252":{"start":{"line":781,"column":8},"end":{"line":781,"column":76}},"253":{"start":{"line":782,"column":8},"end":{"line":782,"column":76}},"254":{"start":{"line":783,"column":8},"end":{"line":783,"column":37}},"255":{"start":{"line":786,"column":6},"end":{"line":788,"column":7}},"256":{"start":{"line":787,"column":8},"end":{"line":787,"column":69}},"257":{"start":{"line":790,"column":6},"end":{"line":790,"column":56}},"258":{"start":{"line":791,"column":6},"end":{"line":791,"column":56}},"259":{"start":{"line":792,"column":6},"end":{"line":815,"column":9}},"260":{"start":{"line":794,"column":8},"end":{"line":795,"column":34}},"261":{"start":{"line":796,"column":8},"end":{"line":796,"column":43}},"262":{"start":{"line":798,"column":8},"end":{"line":804,"column":11}},"263":{"start":{"line":799,"column":10},"end":{"line":799,"column":50}},"264":{"start":{"line":800,"column":10},"end":{"line":803,"column":13}},"265":{"start":{"line":801,"column":12},"end":{"line":801,"column":59}},"266":{"start":{"line":802,"column":12},"end":{"line":802,"column":41}},"267":{"start":{"line":806,"column":8},"end":{"line":809,"column":11}},"268":{"start":{"line":807,"column":10},"end":{"line":807,"column":49}},"269":{"start":{"line":808,"column":10},"end":{"line":808,"column":45}},"270":{"start":{"line":811,"column":8},"end":{"line":814,"column":11}},"271":{"start":{"line":812,"column":10},"end":{"line":812,"column":49}},"272":{"start":{"line":813,"column":10},"end":{"line":813,"column":45}},"273":{"start":{"line":817,"column":6},"end":{"line":817,"column":51}},"274":{"start":{"line":820,"column":6},"end":{"line":820,"column":58}},"275":{"start":{"line":822,"column":6},"end":{"line":822,"column":50}},"276":{"start":{"line":823,"column":6},"end":{"line":830,"column":8}},"277":{"start":{"line":827,"column":8},"end":{"line":829,"column":9}},"278":{"start":{"line":828,"column":10},"end":{"line":828,"column":57}},"279":{"start":{"line":832,"column":6},"end":{"line":832,"column":35}},"280":{"start":{"line":833,"column":6},"end":{"line":838,"column":9}},"281":{"start":{"line":834,"column":8},"end":{"line":834,"column":39}},"282":{"start":{"line":835,"column":8},"end":{"line":837,"column":11}},"283":{"start":{"line":836,"column":10},"end":{"line":836,"column":37}},"284":{"start":{"line":840,"column":6},"end":{"line":840,"column":25}},"285":{"start":{"line":841,"column":6},"end":{"line":843,"column":7}},"286":{"start":{"line":842,"column":8},"end":{"line":842,"column":15}},"287":{"start":{"line":844,"column":6},"end":{"line":907,"column":8}},"288":{"start":{"line":853,"column":12},"end":{"line":853,"column":34}},"289":{"start":{"line":854,"column":12},"end":{"line":862,"column":15}},"290":{"start":{"line":863,"column":12},"end":{"line":902,"column":15}},"291":{"start":{"line":876,"column":16},"end":{"line":876,"column":36}},"292":{"start":{"line":877,"column":16},"end":{"line":892,"column":17}},"293":{"start":{"line":879,"column":18},"end":{"line":891,"column":50}},"294":{"start":{"line":883,"column":22},"end":{"line":886,"column":23}},"295":{"start":{"line":884,"column":24},"end":{"line":884,"column":87}},"296":{"start":{"line":885,"column":24},"end":{"line":885,"column":74}},"297":{"start":{"line":887,"column":22},"end":{"line":887,"column":45}},"298":{"start":{"line":893,"column":16},"end":{"line":897,"column":19}},"299":{"start":{"line":914,"column":6},"end":{"line":914,"column":62}},"300":{"start":{"line":915,"column":6},"end":{"line":915,"column":36}},"301":{"start":{"line":917,"column":6},"end":{"line":917,"column":42}},"302":{"start":{"line":919,"column":6},"end":{"line":919,"column":40}},"303":{"start":{"line":921,"column":6},"end":{"line":921,"column":44}},"304":{"start":{"line":922,"column":6},"end":{"line":922,"column":51}},"305":{"start":{"line":923,"column":6},"end":{"line":1038,"column":9}},"306":{"start":{"line":924,"column":8},"end":{"line":924,"column":50}},"307":{"start":{"line":925,"column":8},"end":{"line":1016,"column":10}},"308":{"start":{"line":926,"column":10},"end":{"line":931,"column":11}},"309":{"start":{"line":927,"column":12},"end":{"line":928,"column":41}},"310":{"start":{"line":930,"column":12},"end":{"line":930,"column":93}},"311":{"start":{"line":933,"column":10},"end":{"line":939,"column":11}},"312":{"start":{"line":934,"column":12},"end":{"line":934,"column":94}},"313":{"start":{"line":935,"column":12},"end":{"line":935,"column":55}},"314":{"start":{"line":937,"column":12},"end":{"line":937,"column":95}},"315":{"start":{"line":938,"column":12},"end":{"line":938,"column":19}},"316":{"start":{"line":940,"column":10},"end":{"line":940,"column":26}},"317":{"start":{"line":942,"column":10},"end":{"line":942,"column":67}},"318":{"start":{"line":944,"column":10},"end":{"line":944,"column":25}},"319":{"start":{"line":946,"column":10},"end":{"line":1015,"column":11}},"320":{"start":{"line":948,"column":12},"end":{"line":948,"column":77}},"321":{"start":{"line":949,"column":12},"end":{"line":949,"column":70}},"322":{"start":{"line":951,"column":12},"end":{"line":956,"column":34}},"323":{"start":{"line":952,"column":14},"end":{"line":955,"column":72}},"324":{"start":{"line":958,"column":12},"end":{"line":1014,"column":13}},"325":{"start":{"line":960,"column":14},"end":{"line":961,"column":44}},"326":{"start":{"line":962,"column":14},"end":{"line":962,"column":83}},"327":{"start":{"line":964,"column":14},"end":{"line":967,"column":15}},"328":{"start":{"line":965,"column":16},"end":{"line":966,"column":80}},"329":{"start":{"line":969,"column":14},"end":{"line":984,"column":16}},"330":{"start":{"line":986,"column":14},"end":{"line":993,"column":16}},"331":{"start":{"line":995,"column":14},"end":{"line":997,"column":23}},"332":{"start":{"line":996,"column":16},"end":{"line":996,"column":53}},"333":{"start":{"line":1001,"column":14},"end":{"line":1006,"column":16}},"334":{"start":{"line":1007,"column":14},"end":{"line":1013,"column":15}},"335":{"start":{"line":1008,"column":16},"end":{"line":1012,"column":48}},"336":{"start":{"line":1018,"column":8},"end":{"line":1037,"column":9}},"337":{"start":{"line":1020,"column":10},"end":{"line":1020,"column":44}},"338":{"start":{"line":1022,"column":10},"end":{"line":1025,"column":11}},"339":{"start":{"line":1023,"column":12},"end":{"line":1023,"column":27}},"340":{"start":{"line":1024,"column":12},"end":{"line":1024,"column":19}},"341":{"start":{"line":1027,"column":10},"end":{"line":1033,"column":11}},"342":{"start":{"line":1028,"column":12},"end":{"line":1028,"column":27}},"343":{"start":{"line":1030,"column":12},"end":{"line":1030,"column":27}},"344":{"start":{"line":1032,"column":12},"end":{"line":1032,"column":37}},"345":{"start":{"line":1034,"column":10},"end":{"line":1034,"column":42}},"346":{"start":{"line":1036,"column":10},"end":{"line":1036,"column":30}},"347":{"start":{"line":1046,"column":6},"end":{"line":1050,"column":7}},"348":{"start":{"line":1047,"column":8},"end":{"line":1047,"column":19}},"349":{"start":{"line":1049,"column":8},"end":{"line":1049,"column":28}},"350":{"start":{"line":1058,"column":6},"end":{"line":1058,"column":54}},"351":{"start":{"line":1060,"column":6},"end":{"line":1065,"column":9}},"352":{"start":{"line":1061,"column":8},"end":{"line":1061,"column":33}},"353":{"start":{"line":1064,"column":8},"end":{"line":1064,"column":54}},"354":{"start":{"line":1066,"column":6},"end":{"line":1066,"column":21}},"355":{"start":{"line":1081,"column":6},"end":{"line":1081,"column":16}},"356":{"start":{"line":1082,"column":6},"end":{"line":1082,"column":24}},"357":{"start":{"line":1084,"column":6},"end":{"line":1088,"column":9}},"358":{"start":{"line":1086,"column":8},"end":{"line":1086,"column":33}},"359":{"start":{"line":1087,"column":8},"end":{"line":1087,"column":62}},"360":{"start":{"line":1095,"column":6},"end":{"line":1095,"column":15}},"361":{"start":{"line":1096,"column":6},"end":{"line":1101,"column":9}},"362":{"start":{"line":1102,"column":6},"end":{"line":1102,"column":74}},"363":{"start":{"line":1104,"column":6},"end":{"line":1111,"column":9}},"364":{"start":{"line":1112,"column":6},"end":{"line":1112,"column":82}},"365":{"start":{"line":1113,"column":6},"end":{"line":1113,"column":21}},"366":{"start":{"line":1121,"column":6},"end":{"line":1121,"column":37}},"367":{"start":{"line":1122,"column":6},"end":{"line":1128,"column":8}},"368":{"start":{"line":1124,"column":8},"end":{"line":1124,"column":23}},"369":{"start":{"line":1125,"column":8},"end":{"line":1127,"column":20}},"370":{"start":{"line":1126,"column":10},"end":{"line":1126,"column":52}},"371":{"start":{"line":1129,"column":6},"end":{"line":1129,"column":32}},"372":{"start":{"line":1130,"column":6},"end":{"line":1144,"column":7}},"373":{"start":{"line":1132,"column":8},"end":{"line":1132,"column":35}},"374":{"start":{"line":1133,"column":8},"end":{"line":1135,"column":9}},"375":{"start":{"line":1134,"column":10},"end":{"line":1134,"column":16}},"376":{"start":{"line":1137,"column":8},"end":{"line":1137,"column":38}},"377":{"start":{"line":1138,"column":8},"end":{"line":1143,"column":9}},"378":{"start":{"line":1139,"column":10},"end":{"line":1142,"column":12}},"379":{"start":{"line":1145,"column":6},"end":{"line":1145,"column":22}},"380":{"start":{"line":1152,"column":6},"end":{"line":1162,"column":8}},"381":{"start":{"line":1153,"column":8},"end":{"line":1156,"column":9}},"382":{"start":{"line":1154,"column":10},"end":{"line":1154,"column":30}},"383":{"start":{"line":1155,"column":10},"end":{"line":1155,"column":17}},"384":{"start":{"line":1157,"column":8},"end":{"line":1161,"column":9}},"385":{"start":{"line":1158,"column":10},"end":{"line":1158,"column":35}},"386":{"start":{"line":1160,"column":10},"end":{"line":1160,"column":31}},"387":{"start":{"line":1166,"column":2},"end":{"line":1166,"column":16}},"388":{"start":{"line":1171,"column":0},"end":{"line":1414,"column":5}},"389":{"start":{"line":1176,"column":2},"end":{"line":1412,"column":4}},"390":{"start":{"line":1183,"column":6},"end":{"line":1183,"column":14}},"391":{"start":{"line":1184,"column":6},"end":{"line":1186,"column":7}},"392":{"start":{"line":1185,"column":8},"end":{"line":1185,"column":15}},"393":{"start":{"line":1188,"column":6},"end":{"line":1188,"column":35}},"394":{"start":{"line":1190,"column":6},"end":{"line":1190,"column":63}},"395":{"start":{"line":1191,"column":6},"end":{"line":1191,"column":73}},"396":{"start":{"line":1193,"column":6},"end":{"line":1193,"column":24}},"397":{"start":{"line":1195,"column":6},"end":{"line":1195,"column":24}},"398":{"start":{"line":1203,"column":6},"end":{"line":1204,"column":38}},"399":{"start":{"line":1206,"column":6},"end":{"line":1207,"column":38}},"400":{"start":{"line":1210,"column":6},"end":{"line":1210,"column":32}},"401":{"start":{"line":1217,"column":6},"end":{"line":1237,"column":9}},"402":{"start":{"line":1222,"column":12},"end":{"line":1222,"column":22}},"403":{"start":{"line":1231,"column":8},"end":{"line":1231,"column":26}},"404":{"start":{"line":1233,"column":8},"end":{"line":1233,"column":91}},"405":{"start":{"line":1235,"column":8},"end":{"line":1235,"column":85}},"406":{"start":{"line":1236,"column":8},"end":{"line":1236,"column":23}},"407":{"start":{"line":1244,"column":6},"end":{"line":1244,"column":24}},"408":{"start":{"line":1246,"column":6},"end":{"line":1248,"column":7}},"409":{"start":{"line":1247,"column":8},"end":{"line":1247,"column":15}},"410":{"start":{"line":1250,"column":6},"end":{"line":1250,"column":80}},"411":{"start":{"line":1251,"column":6},"end":{"line":1251,"column":77}},"412":{"start":{"line":1253,"column":6},"end":{"line":1270,"column":9}},"413":{"start":{"line":1255,"column":8},"end":{"line":1255,"column":60}},"414":{"start":{"line":1256,"column":8},"end":{"line":1256,"column":55}},"415":{"start":{"line":1258,"column":8},"end":{"line":1258,"column":26}},"416":{"start":{"line":1260,"column":8},"end":{"line":1260,"column":87}},"417":{"start":{"line":1262,"column":8},"end":{"line":1269,"column":17}},"418":{"start":{"line":1264,"column":10},"end":{"line":1264,"column":89}},"419":{"start":{"line":1265,"column":10},"end":{"line":1268,"column":11}},"420":{"start":{"line":1267,"column":12},"end":{"line":1267,"column":41}},"421":{"start":{"line":1277,"column":6},"end":{"line":1277,"column":74}},"422":{"start":{"line":1279,"column":6},"end":{"line":1289,"column":8}},"423":{"start":{"line":1280,"column":8},"end":{"line":1287,"column":9}},"424":{"start":{"line":1282,"column":10},"end":{"line":1286,"column":41}},"425":{"start":{"line":1288,"column":8},"end":{"line":1288,"column":39}},"426":{"start":{"line":1291,"column":6},"end":{"line":1328,"column":8}},"427":{"start":{"line":1292,"column":8},"end":{"line":1314,"column":9}},"428":{"start":{"line":1297,"column":10},"end":{"line":1297,"column":37}},"429":{"start":{"line":1299,"column":10},"end":{"line":1299,"column":52}},"430":{"start":{"line":1300,"column":10},"end":{"line":1302,"column":11}},"431":{"start":{"line":1301,"column":12},"end":{"line":1301,"column":50}},"432":{"start":{"line":1303,"column":10},"end":{"line":1311,"column":11}},"433":{"start":{"line":1305,"column":12},"end":{"line":1310,"column":13}},"434":{"start":{"line":1306,"column":14},"end":{"line":1306,"column":44}},"435":{"start":{"line":1309,"column":14},"end":{"line":1309,"column":38}},"436":{"start":{"line":1312,"column":10},"end":{"line":1312,"column":37}},"437":{"start":{"line":1313,"column":10},"end":{"line":1313,"column":16}},"438":{"start":{"line":1316,"column":8},"end":{"line":1319,"column":9}},"439":{"start":{"line":1317,"column":10},"end":{"line":1317,"column":41}},"440":{"start":{"line":1318,"column":10},"end":{"line":1318,"column":17}},"441":{"start":{"line":1321,"column":8},"end":{"line":1327,"column":9}},"442":{"start":{"line":1323,"column":10},"end":{"line":1323,"column":83}},"443":{"start":{"line":1324,"column":10},"end":{"line":1324,"column":16}},"444":{"start":{"line":1326,"column":10},"end":{"line":1326,"column":83}},"445":{"start":{"line":1330,"column":6},"end":{"line":1330,"column":33}},"446":{"start":{"line":1332,"column":6},"end":{"line":1332,"column":27}},"447":{"start":{"line":1334,"column":6},"end":{"line":1334,"column":50}},"448":{"start":{"line":1335,"column":6},"end":{"line":1335,"column":50}},"449":{"start":{"line":1336,"column":6},"end":{"line":1336,"column":49}},"450":{"start":{"line":1337,"column":6},"end":{"line":1337,"column":70}},"451":{"start":{"line":1338,"column":6},"end":{"line":1338,"column":69}},"452":{"start":{"line":1339,"column":6},"end":{"line":1339,"column":76}},"453":{"start":{"line":1341,"column":6},"end":{"line":1344,"column":39}},"454":{"start":{"line":1342,"column":8},"end":{"line":1342,"column":29}},"455":{"start":{"line":1343,"column":8},"end":{"line":1343,"column":20}},"456":{"start":{"line":1346,"column":6},"end":{"line":1348,"column":7}},"457":{"start":{"line":1347,"column":8},"end":{"line":1347,"column":55}},"458":{"start":{"line":1349,"column":6},"end":{"line":1349,"column":40}},"459":{"start":{"line":1351,"column":6},"end":{"line":1351,"column":53}},"460":{"start":{"line":1353,"column":6},"end":{"line":1355,"column":9}},"461":{"start":{"line":1354,"column":8},"end":{"line":1354,"column":56}},"462":{"start":{"line":1357,"column":6},"end":{"line":1357,"column":29}},"463":{"start":{"line":1362,"column":6},"end":{"line":1377,"column":7}},"464":{"start":{"line":1364,"column":8},"end":{"line":1364,"column":41}},"465":{"start":{"line":1367,"column":8},"end":{"line":1374,"column":9}},"466":{"start":{"line":1368,"column":10},"end":{"line":1368,"column":42}},"467":{"start":{"line":1370,"column":10},"end":{"line":1370,"column":56}},"468":{"start":{"line":1372,"column":10},"end":{"line":1372,"column":39}},"469":{"start":{"line":1373,"column":10},"end":{"line":1373,"column":82}},"470":{"start":{"line":1376,"column":8},"end":{"line":1376,"column":40}},"471":{"start":{"line":1379,"column":6},"end":{"line":1379,"column":48}},"472":{"start":{"line":1390,"column":6},"end":{"line":1390,"column":36}},"473":{"start":{"line":1391,"column":6},"end":{"line":1395,"column":8}},"474":{"start":{"line":1406,"column":6},"end":{"line":1406,"column":52}},"475":{"start":{"line":1407,"column":6},"end":{"line":1408,"column":50}},"476":{"start":{"line":1409,"column":6},"end":{"line":1409,"column":50}},"477":{"start":{"line":1413,"column":2},"end":{"line":1413,"column":16}},"478":{"start":{"line":1418,"column":0},"end":{"line":2851,"column":5}},"479":{"start":{"line":1423,"column":2},"end":{"line":2849,"column":4}},"480":{"start":{"line":1430,"column":6},"end":{"line":1432,"column":7}},"481":{"start":{"line":1431,"column":8},"end":{"line":1431,"column":15}},"482":{"start":{"line":1434,"column":6},"end":{"line":1434,"column":35}},"483":{"start":{"line":1436,"column":6},"end":{"line":1436,"column":59}},"484":{"start":{"line":1438,"column":6},"end":{"line":1448,"column":9}},"485":{"start":{"line":1447,"column":8},"end":{"line":1447,"column":63}},"486":{"start":{"line":1450,"column":6},"end":{"line":1458,"column":9}},"487":{"start":{"line":1454,"column":8},"end":{"line":1457,"column":9}},"488":{"start":{"line":1455,"column":10},"end":{"line":1455,"column":66}},"489":{"start":{"line":1460,"column":6},"end":{"line":1460,"column":71}},"490":{"start":{"line":1462,"column":6},"end":{"line":1462,"column":24}},"491":{"start":{"line":1464,"column":6},"end":{"line":1466,"column":7}},"492":{"start":{"line":1465,"column":8},"end":{"line":1465,"column":15}},"493":{"start":{"line":1468,"column":6},"end":{"line":1468,"column":23}},"494":{"start":{"line":1470,"column":6},"end":{"line":1470,"column":28}},"495":{"start":{"line":1472,"column":6},"end":{"line":1472,"column":24}},"496":{"start":{"line":1474,"column":6},"end":{"line":1474,"column":24}},"497":{"start":{"line":1476,"column":6},"end":{"line":1476,"column":26}},"498":{"start":{"line":1483,"column":6},"end":{"line":1483,"column":20}},"499":{"start":{"line":1485,"column":6},"end":{"line":1485,"column":54}},"500":{"start":{"line":1487,"column":6},"end":{"line":1492,"column":9}},"501":{"start":{"line":1488,"column":8},"end":{"line":1488,"column":50}},"502":{"start":{"line":1489,"column":8},"end":{"line":1491,"column":9}},"503":{"start":{"line":1490,"column":10},"end":{"line":1490,"column":73}},"504":{"start":{"line":1494,"column":6},"end":{"line":1515,"column":9}},"505":{"start":{"line":1495,"column":8},"end":{"line":1514,"column":9}},"506":{"start":{"line":1496,"column":10},"end":{"line":1496,"column":31}},"507":{"start":{"line":1498,"column":10},"end":{"line":1502,"column":21}},"508":{"start":{"line":1504,"column":10},"end":{"lin
[...]
"line":1851,"column":8},"end":{"line":1889,"column":16}},{"start":{"line":1890,"column":8},"end":{"line":1899,"column":16}},{"start":{"line":1900,"column":8},"end":{"line":1910,"column":16}},{"start":{"line":1911,"column":8},"end":{"line":1937,"column":53}}]},"148":{"line":1857,"type":"binary-expr","locations":[{"start":{"line":1857,"column":12},"end":{"line":1857,"column":32}},{"start":{"line":1857,"column":36},"end":{"line":1857,"column":56}}]},"149":{"line":1861,"type":"if","locations":[{"start":{"line":1861,"column":10},"end":{"line":1861,"column":10}},{"start":{"line":1861,"column":10},"end":{"line":1861,"column":10}}]},"150":{"line":1875,"type":"binary-expr","locations":[{"start":{"line":1875,"column":28},"end":{"line":1875,"column":43}},{"start":{"line":1875,"column":47},"end":{"line":1875,"column":49}}]},"151":{"line":1878,"type":"cond-expr","locations":[{"start":{"line":1878,"column":47},"end":{"line":1878,"column":78}},{"start":{"line":1879,"column":14},"end":{"line":1880,"column":17}}]},"152":{"line":1879,"type":"cond-expr","locations":[{"start":{"line":1879,"column":46},"end":{"line":1879,"column":65}},{"start":{"line":1880,"column":16},"end":{"line":1880,"column":17}}]},"153":{"line":1881,"type":"cond-expr","locations":[{"start":{"line":1881,"column":53},"end":{"line":1881,"column":67}},{"start":{"line":1881,"column":70},"end":{"line":1881,"column":83}}]},"154":{"line":1894,"type":"if","locations":[{"start":{"line":1894,"column":10},"end":{"line":1894,"column":10}},{"start":{"line":1894,"column":10},"end":{"line":1894,"column":10}}]},"155":{"line":1902,"type":"cond-expr","locations":[{"start":{"line":1902,"column":59},"end":{"line":1902,"column":63}},{"start":{"line":1902,"column":66},"end":{"line":1902,"column":81}}]},"156":{"line":1904,"type":"if","locations":[{"start":{"line":1904,"column":10},"end":{"line":1904,"column":10}},{"start":{"line":1904,"column":10},"end":{"line":1904,"column":10}}]},"157":{"line":1913,"type":"if","locations":[{"start":{"line":1913,"column":10},"end":{"line":1913,"column":10}},{"start":{"line":1913,"column":10},"end":{"line":1913,"column":10}}]},"158":{"line":1920,"type":"if","locations":[{"start":{"line":1920,"column":10},"end":{"line":1920,"column":10}},{"start":{"line":1920,"column":10},"end":{"line":1920,"column":10}}]},"159":{"line":1924,"type":"if","locations":[{"start":{"line":1924,"column":10},"end":{"line":1924,"column":10}},{"start":{"line":1924,"column":10},"end":{"line":1924,"column":10}}]},"160":{"line":1927,"type":"if","locations":[{"start":{"line":1927,"column":10},"end":{"line":1927,"column":10}},{"start":{"line":1927,"column":10},"end":{"line":1927,"column":10}}]},"161":{"line":1929,"type":"binary-expr","locations":[{"start":{"line":1929,"column":52},"end":{"line":1929,"column":60}},{"start":{"line":1929,"column":64},"end":{"line":1929,"column":83}}]},"162":{"line":1931,"type":"binary-expr","locations":[{"start":{"line":1931,"column":30},"end":{"line":1931,"column":42}},{"start":{"line":1931,"column":46},"end":{"line":1931,"column":48}}]},"163":{"line":1966,"type":"if","locations":[{"start":{"line":1966,"column":6},"end":{"line":1966,"column":6}},{"start":{"line":1966,"column":6},"end":{"line":1966,"column":6}}]},"164":{"line":1966,"type":"binary-expr","locations":[{"start":{"line":1966,"column":10},"end":{"line":1966,"column":40}},{"start":{"line":1966,"column":44},"end":{"line":1966,"column":71}}]},"165":{"line":1975,"type":"switch","locations":[{"start":{"line":1976,"column":6},"end":{"line":1976,"column":17}},{"start":{"line":1977,"column":6},"end":{"line":1981,"column":14}}]},"166":{"line":1978,"type":"if","locations":[{"start":{"line":1978,"column":8},"end":{"line":1978,"column":8}},{"start":{"line":1978,"column":8},"end":{"line":1978,"column":8}}]},"167":{"line":1978,"type":"binary-expr","locations":[{"start":{"line":1978,"column":12},"end":{"line":1978,"column":32}},{"start":{"line":1978,"column":36},"end":{"line":1978,"column":68}}]},"168":{"line":1997,"type":"if","locations":[{"start":{"line":1997,"column":6},"end":{"line":1997,"column":6}},{"start":{"line":1997,"column":6},"end":{"line":1997,"column":6}}]},"169":{"line":2002,"type":"if","locations":[{"start":{"line":2002,"column":8},"end":{"line":2002,"column":8}},{"start":{"line":2002,"column":8},"end":{"line":2002,"column":8}}]},"170":{"line":2061,"type":"switch","locations":[{"start":{"line":2062,"column":8},"end":{"line":2077,"column":16}},{"start":{"line":2078,"column":8},"end":{"line":2113,"column":16}},{"start":{"line":2114,"column":8},"end":{"line":2116,"column":32}}]},"171":{"line":2080,"type":"binary-expr","locations":[{"start":{"line":2080,"column":17},"end":{"line":2080,"column":21}},{"start":{"line":2080,"column":25},"end":{"line":2080,"column":41}}]},"172":{"line":2081,"type":"if","locations":[{"start":{"line":2081,"column":10},"end":{"line":2081,"column":10}},{"start":{"line":2081,"column":10},"end":{"line":2081,"column":10}}]},"173":{"line":2088,"type":"if","locations":[{"start":{"line":2088,"column":14},"end":{"line":2088,"column":14}},{"start":{"line":2088,"column":14},"end":{"line":2088,"column":14}}]},"174":{"line":2090,"type":"if","locations":[{"start":{"line":2090,"column":16},"end":{"line":2090,"column":16}},{"start":{"line":2090,"column":16},"end":{"line":2090,"column":16}}]},"175":{"line":2133,"type":"switch","locations":[{"start":{"line":2134,"column":10},"end":{"line":2136,"column":18}},{"start":{"line":2137,"column":10},"end":{"line":2139,"column":18}}]},"176":{"line":2281,"type":"binary-expr","locations":[{"start":{"line":2281,"column":25},"end":{"line":2281,"column":39}},{"start":{"line":2281,"column":43},"end":{"line":2281,"column":48}}]},"177":{"line":2283,"type":"if","locations":[{"start":{"line":2283,"column":8},"end":{"line":2283,"column":8}},{"start":{"line":2283,"column":8},"end":{"line":2283,"column":8}}]},"178":{"line":2316,"type":"switch","locations":[{"start":{"line":2317,"column":8},"end":{"line":2340,"column":16}},{"start":{"line":2341,"column":8},"end":{"line":2372,"column":16}},{"start":{"line":2373,"column":8},"end":{"line":2375,"column":16}}]},"179":{"line":2325,"type":"if","locations":[{"start":{"line":2325,"column":10},"end":{"line":2325,"column":10}},{"start":{"line":2325,"column":10},"end":{"line":2325,"column":10}}]},"180":{"line":2328,"type":"if","locations":[{"start":{"line":2328,"column":12},"end":{"line":2328,"column":12}},{"start":{"line":2328,"column":12},"end":{"line":2328,"column":12}}]},"181":{"line":2328,"type":"binary-expr","locations":[{"start":{"line":2328,"column":16},"end":{"line":2328,"column":20}},{"start":{"line":2330,"column":16},"end":{"line":2330,"column":34}},{"start":{"line":2332,"column":16},"end":{"line":2332,"column":40}}]},"182":{"line":2344,"type":"if","locations":[{"start":{"line":2344,"column":10},"end":{"line":2344,"column":10}},{"start":{"line":2344,"column":10},"end":{"line":2344,"column":10}}]},"183":{"line":2344,"type":"binary-expr","locations":[{"start":{"line":2344,"column":14},"end":{"line":2344,"column":42}},{"start":{"line":2344,"column":46},"end":{"line":2344,"column":61}}]},"184":{"line":2349,"type":"if","locations":[{"start":{"line":2349,"column":10},"end":{"line":2349,"column":10}},{"start":{"line":2349,"column":10},"end":{"line":2349,"column":10}}]},"185":{"line":2355,"type":"binary-expr","locations":[{"start":{"line":2355,"column":19},"end":{"line":2355,"column":52}},{"start":{"line":2355,"column":56},"end":{"line":2355,"column":68}}]},"186":{"line":2359,"type":"if","locations":[{"start":{"line":2359,"column":10},"end":{"line":2359,"column":10}},{"start":{"line":2359,"column":10},"end":{"line":2359,"column":10}}]},"187":{"line":2383,"type":"if","locations":[{"start":{"line":2383,"column":6},"end":{"line":2383,"column":6}},{"start":{"line":2383,"column":6},"end":{"line":2383,"column":6}}]},"188":{"line":2401,"type":"if","locations":[{"start":{"line":2401,"column":6},"end":{"line":2401,"column":6}},{"start":{"line":2401,"column":6},"end":{"line":2401,"column":6}}]},"189":{"line":2405,"type":"binary-expr","locations":[{"start":{"line":2405,"column":10},"end":{"line":2407,"column":11}},{"start":{"line":2407,"column":15},"end":{"line":2407,"column":41}}]},"190":{"line":2429,"type":"cond-expr","locations":[{"start":{"line":2429,"column":42},"end":{"line":2429,"column":44}},{"start":{"line":2429,"column":47},"end":{"line":2429,"column":57}}]},"191":{"line":2430,"type":"switch","locations":[{"start":{"line":2431,"column":8},"end":{"line":2443,"column":16}},{"start":{"line":2444,"column":8},"end":{"line":2455,"column":16}},{"start":{"line":2456,"column":8},"end":{"line":2457,"column":22}}]},"192":{"line":2433,"type":"if","locations":[{"start":{"line":2433,"column":10},"end":{"line":2433,"column":10}},{"start":{"line":2433,"column":10},"end":{"line":2433,"column":10}}]},"193":{"line":2451,"type":"binary-expr","locations":[{"start":{"line":2451,"column":11},"end":{"line":2451,"column":54}},{"start":{"line":2451,"column":58},"end":{"line":2451,"column":85}}]},"194":{"line":2452,"type":"cond-expr","locations":[{"start":{"line":2452,"column":42},"end":{"line":2452,"column":67}},{"start":{"line":2452,"column":70},"end":{"line":2452,"column":74}}]},"195":{"line":2470,"type":"if","locations":[{"start":{"line":2470,"column":6},"end":{"line":2470,"column":6}},{"start":{"line":2470,"column":6},"end":{"line":2470,"column":6}}]},"196":{"line":2477,"type":"binary-expr","locations":[{"start":{"line":2477,"column":9},"end":{"line":2477,"column":47}},{"start":{"line":2477,"column":51},"end":{"line":2477,"column":72}}]},"197":{"line":2494,"type":"if","locations":[{"start":{"line":2494,"column":6},"end":{"line":2494,"column":6}},{"start":{"line":2494,"column":6},"end":{"line":2494,"column":6}}]},"198":{"line":2496,"type":"binary-expr","locations":[{"start":{"line":2496,"column":30},"end":{"line":2496,"column":40}},{"start":{"line":2496,"column":44},"end":{"line":2496,"column":63}}]},"199":{"line":2499,"type":"if","locations":[{"start":{"line":2499,"column":10},"end":{"line":2499,"column":10}},{"start":{"line":2499,"column":10},"end":{"line":2499,"column":10}}]},"200":{"line":2512,"type":"binary-expr","locations":[{"start":{"line":2512,"column":22},"end":{"line":2512,"column":35}},{"start":{"line":2512,"column":39},"end":{"line":2512,"column":55}}]},"201":{"line":2514,"type":"if","locations":[{"start":{"line":2514,"column":6},"end":{"line":2514,"column":6}},{"start":{"line":2514,"column":6},"end":{"line":2514,"column":6}}]},"202":{"line":2521,"type":"binary-expr","locations":[{"start":{"line":2521,"column":10},"end":{"line":2521,"column":25}},{"start":{"line":2521,"column":29},"end":{"line":2521,"column":49}}]},"203":{"line":2574,"type":"cond-expr","locations":[{"start":{"line":2574,"column":42},"end":{"line":2574,"column":44}},{"start":{"line":2574,"column":47},"end":{"line":2574,"column":57}}]},"204":{"line":2575,"type":"switch","locations":[{"start":{"line":2576,"column":8},"end":{"line":2619,"column":16}},{"start":{"line":2620,"column":8},"end":{"line":2642,"column":16}},{"start":{"line":2643,"column":8},"end":{"line":2670,"column":16}},{"start":{"line":2671,"column":8},"end":{"line":2677,"column":30}}]},"205":{"line":2578,"type":"binary-expr","locations":[{"start":{"line":2578,"column":29},"end":{"line":2578,"column":43}},{"start":{"line":2578,"column":47},"end":{"line":2578,"column":52}}]},"206":{"line":2580,"type":"if","locations":[{"start":{"line":2580,"column":12},"end":{"line":2580,"column":12}},{"start":{"line":2580,"column":12},"end":{"line":2580,"column":12}}]},"207":{"line":2594,"type":"binary-expr","locations":[{"start":{"line":2594,"column":22},"end":{"line":2594,"column":44}},{"start":{"line":2594,"column":48},"end":{"line":2594,"column":63}}]},"208":{"line":2649,"type":"binary-expr","locations":[{"start":{"line":2649,"column":22},"end":{"line":2649,"column":31}},{"start":{"line":2649,"column":35},"end":{"line":2649,"column":49}},{"start":{"line":2649,"column":53},"end":{"line":2649,"column":80}}]},"209":{"line":2651,"type":"if","locations":[{"start":{"line":2651,"column":12},"end":{"line":2651,"column":12}},{"start":{"line":2651,"column":12},"end":{"line":2651,"column":12}}]},"210":{"line":2653,"type":"if","locations":[{"start":{"line":2653,"column":14},"end":{"line":2653,"column":14}},{"start":{"line":2653,"column":14},"end":{"line":2653,"column":14}}]},"211":{"line":2653,"type":"binary-expr","locations":[{"start":{"line":2653,"column":18},"end":{"line":2653,"column":27}},{"start":{"line":2653,"column":31},"end":{"line":2653,"column":42}},{"start":{"line":2653,"column":46},"end":{"line":2653,"column":73}}]},"212":{"line":2690,"type":"cond-expr","locations":[{"start":{"line":2690,"column":42},"end":{"line":2690,"column":44}},{"start":{"line":2690,"column":47},"end":{"line":2690,"column":57}}]},"213":{"line":2691,"type":"switch","locations":[{"start":{"line":2692,"column":8},"end":{"line":2701,"column":16}},{"start":{"line":2702,"column":8},"end":{"line":2718,"column":16}},{"start":{"line":2719,"column":8},"end":{"line":2748,"column":37}}]},"214":{"line":2707,"type":"binary-expr","locations":[{"start":{"line":2707,"column":26},"end":{"line":2707,"column":30}},{"start":{"line":2707,"column":34},"end":{"line":2707,"column":45}},{"start":{"line":2707,"column":49},"end":{"line":2707,"column":71}},{"start":{"line":2707,"column":76},"end":{"line":2707,"column":86}}]},"215":{"line":2710,"type":"if","locations":[{"start":{"line":2710,"column":10},"end":{"line":2710,"column":10}},{"start":{"line":2710,"column":10},"end":{"line":2710,"column":10}}]},"216":{"line":2733,"type":"if","locations":[{"start":{"line":2733,"column":10},"end":{"line":2733,"column":10}},{"start":{"line":2733,"column":10},"end":{"line":2733,"column":10}}]},"217":{"line":2737,"type":"binary-expr","locations":[{"start":{"line":2737,"column":17},"end":{"line":2737,"column":36}},{"start":{"line":2737,"column":40},"end":{"line":2737,"column":62}}]},"218":{"line":2766,"type":"cond-expr","locations":[{"start":{"line":2766,"column":42},"end":{"line":2766,"column":44}},{"start":{"line":2766,"column":47},"end":{"line":2766,"column":57}}]},"219":{"line":2767,"type":"switch","locations":[{"start":{"line":2768,"column":8},"end":{"line":2798,"column":16}},{"start":{"line":2799,"column":8},"end":{"line":2806,"column":16}},{"start":{"line":2807,"column":8},"end":{"line":2811,"column":16}},{"start":{"line":2812,"column":8},"end":{"line":2825,"column":16}},{"start":{"line":2826,"column":8},"end":{"line":2832,"column":16}},{"start":{"line":2833,"column":8},"end":{"line":2838,"column":16}},{"start":{"line":2839,"column":8},"end":{"line":2843,"column":30}}]},"220":{"line":2814,"type":"if","locations":[{"start":{"line":2814,"column":10},"end":{"line":2814,"column":10}},{"start":{"line":2814,"column":10},"end":{"line":2814,"column":10}}]},"221":{"line":2820,"type":"if","locations":[{"start":{"line":2820,"column":10},"end":{"line":2820,"column":10}},{"start":{"line":2820,"column":10},"end":{"line":2820,"column":10}}]}}}},"testPlatformList":[{"name":"herokuDeploy - nodejs - linux v0.10.31","testCaseList":[{"name":"utility2.submoduleUtility2Nodejs.__initReplEval_default_test","errorMessage":"","timeElapsed":0,"status":"passed"},{"name":"utility2.submoduleUtility2Nodejs.__phantomjsTest_default_test","errorMessage":"","timeElapsed":0,"status":"passed"},{"name":"utility2.submoduleUtility2Nodejs._initFile_watchFile_test","errorMessage":"","timeElapsed":0,"status":"passed"},{"name":"utility2.submoduleUtility2Nodejs._modeCliDict_coverageReportBadgeCreate_default_test","errorMessage":"","timeElapsed":0,"status":"passed"},{"name":"utility2.submoduleUtility2Nodejs._modeCliDict_githubContentsFilePush_default_test","errorMessage":"","timeElapsed":0,"status":"passed"},{"name":"utility2.submoduleUtility2Shared.__debug_print_default_test","errorMessage":"","timeElapsed":0,"status":"passed"},{"name":"utility2.submoduleUtility2Shared._ajax_default_test","errorMessage":"","timeElapsed":0,"status":"passed"},{"name":"utility2.submoduleUtility2Shared._assert_default_test","errorMessage":"","timeElapsed":0,"status":"passed"},{"name":"utility2.submoduleUtility2Shared._callX_default_test","errorMessage":"","timeElapsed":0,"status":"passed"},{"name":"utility2.submoduleUtility2Shared._initSubmodule_default_test","errorMessage":"","timeElapsed":0,"status":"passed"},{"name":"utility2.submoduleUtility2Shared._jsonStringifyOrdered_default_test","errorMessage":"","timeElapsed":0,"status":"passed"},{"name":"utility2.submoduleUtility2Shared._onEventErrorDefault_default_test","errorMessage":"","timeElapsed":0,"status":"passed"},{"name":"utility2.submoduleUtility2Shared._onEventTimeout_timeout_test","errorMessage":"","timeElapsed":0,"status":"passed"},{"name":"utility2.submoduleUtility2Shared._setDefault_default_test","errorMessage":"","timeElapsed":0,"status":"passed"},{"name":"utility2.submoduleUtility2Shared._setOverride_default_test","errorMessage":"","timeElapsed":0,"status":"passed"},{"name":"utility2.submoduleUtility2Shared._testMock_error_test","errorMessage":"","timeElapsed":0,"status":"passed"},{"name":"utility2.submoduleUtility2Shared._testTryCatch_default_test","errorMessage":"","timeElapsed":0,"status":"passed"},{"name":"utility2.submoduleUtility2Shared._textFormat_default_test","errorMessage":"","timeElapsed":0,"status":"passed"}],"timeElapsed":0,"testsFailed":0,"testsPassed":18,"testsPending":0,"status":"passed"},{"name":"npmTestLocal - nodejs - linux v0.10.31","testCaseList":[{"name":"utility2.submoduleUtility2Nodejs.__initReplEval_default_test","errorMessage":"","timeElapsed":0,"status":"passed"},{"name":"utility2.submoduleUtility2Nodejs.__phantomjsTest_default_test","errorMessage":"","timeElapsed":0,"status":"passed"},{"name":"utility2.submoduleUtility2Nodejs._initFile_watchFile_test","errorMessage":"","timeElapsed":0,"status":"passed"},{"name":"utility2.submoduleUtility2Nodejs._modeCliDict_coverageReportBadgeCreate_default_test","errorMessage":"","timeElapsed":0,"status":"passed"},{"name":"utility2.submoduleUtility2Nodejs._modeCliDict_githubContentsFilePush_default_test","errorMessage":"","timeElapsed":0,"status":"passed"},{"name":"utility2.submoduleUtility2Shared.__debug_print_default_test","errorMessage":"","timeElapsed":0,"status":"passed"},{"name":"utility2.submoduleUtility2Shared._ajax_default_test","errorMessage":"","timeElapsed":0,"status":"passed"},{"name":"utility2.submoduleUtility2Shared._assert_default_test","errorMessage":"","timeElapsed":0,"status":"passed"},{"name":"utility2.submoduleUtility2Shared._callX_default_test","errorMessage":"","timeElapsed":0,"status":"passed"},{"name":"utility2.submoduleUtility2Shared._initSubmodule_default_test","errorMessage":"","timeElapsed":0,"status":"passed"},{"name":"utility2.submoduleUtility2Shared._jsonStringifyOrdered_default_test","errorMessage":"","timeElapsed":0,"status":"passed"},{"name":"utility2.submoduleUtility2Shared._onEventErrorDefault_default_test","errorMessage":"","timeElapsed":0,"status":"passed"},{"name":"utility2.submoduleUtility2Shared._onEventTimeout_timeout_test","errorMessage":"","timeElapsed":0,"status":"passed"},{"name":"utility2.submoduleUtility2Shared._setDefault_default_test","errorMessage":"","timeElapsed":0,"status":"passed"},{"name":"utility2.submoduleUtility2Shared._setOverride_default_test","errorMessage":"","timeElapsed":0,"status":"passed"},{"name":"utility2.submoduleUtility2Shared._testMock_error_test","errorMessage":"","timeElapsed":0,"status":"passed"},{"name":"utility2.submoduleUtility2Shared._testTryCatch_default_test","errorMessage":"","timeElapsed":0,"status":"passed"},{"name":"utility2.submoduleUtility2Shared._textFormat_default_test","errorMessage":"","timeElapsed":0,"status":"passed"}],"timeElapsed":0,"testsFailed":0,"testsPassed":18,"testsPending":0,"status":"passed"}],"date":"2014-08-27T08:42:52.751Z","errorMessageList":[],"timeElapsed":30084,"testsFailed":0,"testsPassed":36,"testsPending":0}