{"/home/travis/build/kaizhu256/node-proxy-lite/main.js":{"path":"/home/travis/build/kaizhu256/node-proxy-lite/main.js","s":{"1":7,"2":7,"3":20,"4":3,"5":3,"6":3,"7":3,"8":3,"9":3,"10":3,"11":3,"12":8,"13":8,"14":8,"15":12,"16":12,"17":8,"18":4,"19":4,"20":4,"21":4,"22":2,"23":2,"24":2,"25":2,"26":2,"27":2,"28":2,"29":2,"30":2,"31":2,"32":0,"33":2,"34":2,"35":2,"36":0,"37":2,"38":8,"39":2,"40":2,"41":2,"42":2,"43":2,"44":2,"45":2,"46":2,"47":2,"48":2,"49":3},"b":{"1":[0,12],"2":[8,2,2],"3":[4,4],"4":[2,2],"5":[0,2],"6":[0,2],"7":[0,2]},"f":{"1":20,"2":3,"3":3,"4":8,"5":12,"6":2,"7":2,"8":2,"9":2,"10":2,"11":2},"fnMap":{"1":{"name":"(anonymous_1)","line":13,"loc":{"start":{"line":13,"column":15},"end":{"line":13,"column":33}}},"2":{"name":"submoduleMainNodejs","line":23,"loc":{"start":{"line":23,"column":1},"end":{"line":23,"column":32}}},"3":{"name":"(anonymous_3)","line":31,"loc":{"start":{"line":31,"column":11},"end":{"line":31,"column":23}}},"4":{"name":"(anonymous_4)","line":49,"loc":{"start":{"line":49,"column":31},"end":{"line":49,"column":66}}},"5":{"name":"(anonymous_5)","line":52,"loc":{"start":{"line":52,"column":18},"end":{"line":52,"column":35}}},"6":{"name":"(anonymous_6)","line":107,"loc":{"start":{"line":107,"column":45},"end":{"line":107,"column":69}}},"7":{"name":"(anonymous_7)","line":113,"loc":{"start":{"line":113,"column":9},"end":{"line":113,"column":32}}},"8":{"name":"(anonymous_8)","line":114,"loc":{"start":{"line":114,"column":29},"end":{"line":114,"column":41}}},"9":{"name":"(anonymous_9)","line":124,"loc":{"start":{"line":124,"column":48},"end":{"line":124,"column":72}}},"10":{"name":"(anonymous_10)","line":130,"loc":{"start":{"line":130,"column":9},"end":{"line":130,"column":32}}},"11":{"name":"(anonymous_11)","line":131,"loc":{"start":{"line":131,"column":29},"end":{"line":131,"column":41}}}},"statementMap":{"1":{"start":{"line":12,"column":0},"end":{"line":12,"column":43}},"2":{"start":{"line":13,"column":0},"end":{"line":19,"column":2}},"3":{"start":{"line":18,"column":2},"end":{"line":18,"column":17}},"4":{"start":{"line":23,"column":0},"end":{"line":143,"column":5}},"5":{"start":{"line":28,"column":2},"end":{"line":141,"column":4}},"6":{"start":{"line":36,"column":6},"end":{"line":36,"column":69}},"7":{"start":{"line":38,"column":6},"end":{"line":38,"column":36}},"8":{"start":{"line":40,"column":6},"end":{"line":40,"column":38}},"9":{"start":{"line":42,"column":6},"end":{"line":42,"column":35}},"10":{"start":{"line":44,"column":6},"end":{"line":44,"column":34}},"11":{"start":{"line":46,"column":6},"end":{"line":46,"column":28}},"12":{"start":{"line":50,"column":6},"end":{"line":50,"column":76}},"13":{"start":{"line":51,"column":6},"end":{"line":51,"column":17}},"14":{"start":{"line":52,"column":6},"end":{"line":103,"column":8}},"15":{"start":{"line":53,"column":8},"end":{"line":53,"column":58}},"16":{"start":{"line":54,"column":8},"end":{"line":102,"column":9}},"17":{"start":{"line":57,"column":10},"end":{"line":63,"column":11}},"18":{"start":{"line":58,"column":12},"end":{"line":61,"column":15}},"19":{"start":{"line":62,"column":12},"end":{"line":62,"column":19}},"20":{"start":{"line":65,"column":10},"end":{"line":65,"column":73}},"21":{"start":{"line":66,"column":10},"end":{"line":79,"column":11}},"22":{"start":{"line":68,"column":12},"end":{"line":72,"column":14}},"23":{"start":{"line":73,"column":12},"end":{"line":77,"column":21}},"24":{"start":{"line":78,"column":12},"end":{"line":78,"column":19}},"25":{"start":{"line":81,"column":10},"end":{"line":81,"column":22}},"26":{"start":{"line":82,"column":10},"end":{"line":82,"column":22}},"27":{"start":{"line":83,"column":10},"end":{"line":83,"column":16}},"28":{"start":{"line":86,"column":10},"end":{"line":86,"column":32}},"29":{"start":{"line":87,"column":10},"end":{"line":87,"column":62}},"30":{"start":{"line":88,"column":10},"end":{"line":88,"column":16}},"31":{"start":{"line":91,"column":10},"end":{"line":93,"column":11}},"32":{"start":{"line":92,"column":12},"end":{"line":92,"column":19}},"33":{"start":{"line":94,"column":10},"end":{"line":94,"column":26}},"34":{"start":{"line":96,"column":10},"end":{"line":96,"column":37}},"35":{"start":{"line":98,"column":10},"end":{"line":100,"column":11}},"36":{"start":{"line":99,"column":12},"end":{"line":99,"column":36}},"37":{"start":{"line":101,"column":10},"end":{"line":101,"column":22}},"38":{"start":{"line":104,"column":6},"end":{"line":104,"column":18}},"39":{"start":{"line":111,"column":6},"end":{"line":121,"column":9}},"40":{"start":{"line":114,"column":8},"end":{"line":120,"column":25}},"41":{"start":{"line":116,"column":10},"end":{"line":116,"column":40}},"42":{"start":{"line":118,"column":10},"end":{"line":118,"column":51}},"43":{"start":{"line":119,"column":10},"end":{"line":119,"column":25}},"44":{"start":{"line":128,"column":6},"end":{"line":138,"column":9}},"45":{"start":{"line":131,"column":8},"end":{"line":137,"column":25}},"46":{"start":{"line":133,"column":10},"end":{"line":133,"column":56}},"47":{"start":{"line":135,"column":10},"end":{"line":135,"column":57}},"48":{"start":{"line":136,"column":10},"end":{"line":136,"column":25}},"49":{"start":{"line":142,"column":2},"end":{"line":142,"column":16}}},"branchMap":{"1":{"line":53,"type":"cond-expr","locations":[{"start":{"line":53,"column":42},"end":{"line":53,"column":44}},{"start":{"line":53,"column":47},"end":{"line":53,"column":57}}]},"2":{"line":54,"type":"switch","locations":[{"start":{"line":55,"column":8},"end":{"line":83,"column":16}},{"start":{"line":84,"column":8},"end":{"line":88,"column":16}},{"start":{"line":89,"column":8},"end":{"line":101,"column":22}}]},"3":{"line":57,"type":"if","locations":[{"start":{"line":57,"column":10},"end":{"line":57,"column":10}},{"start":{"line":57,"column":10},"end":{"line":57,"column":10}}]},"4":{"line":66,"type":"if","locations":[{"start":{"line":66,"column":10},"end":{"line":66,"column":10}},{"start":{"line":66,"column":10},"end":{"line":66,"column":10}}]},"5":{"line":73,"type":"cond-expr","locations":[{"start":{"line":73,"column":45},"end":{"line":73,"column":59}},{"start":{"line":73,"column":62},"end":{"line":73,"column":75}}]},"6":{"line":91,"type":"if","locations":[{"start":{"line":91,"column":10},"end":{"line":91,"column":10}},{"start":{"line":91,"column":10},"end":{"line":91,"column":10}}]},"7":{"line":98,"type":"if","locations":[{"start":{"line":98,"column":10},"end":{"line":98,"column":10}},{"start":{"line":98,"column":10},"end":{"line":98,"column":10}}]}}},"/home/travis/build/kaizhu256/node-proxy-lite/utility2.js":{"path":"/home/travis/build/kaizhu256/node-proxy-lite/utility2.js","s":{"1":9,"2":9,"3":12,"4":9,"5":9,"6":9,"7":4,"8":9,"9":9,"10":9,"11":9,"12":9,"13":9,"14":9,"15":9,"16":9,"17":27,"18":654,"19":654,"20":152,"21":152,"22":502,"23":502,"24":99,"25":99,"26":99,"27":403,"28":403,"29":0,"30":0,"31":0,"32":403,"33":237,"34":6,"35":6,"36":6,"37":6,"38":6,"39":6,"40":6,"41":6,"42":6,"43":6,"44":6,"45":6,"46":9633,"47":18,"48":6,"49":6,"50":6,"51":6,"52":6,"53":6,"54":6,"55":6,"56":6,"57":6,"58":6,"59":6,"60":6,"61":6,"62":6,"63":6,"64":6,"65":6,"66":6,"67":6,"68":6,"69":6,"70":6,"71":6,"72":6,"73":6,"74":6,"75":6,"76":6,"77":6,"78":6,"79":6,"80":6,"81":6,"82":6,"83":6,"84":6,"85":6,"86":6,"87":6,"88":6,"89":6,"90":6,"91":18,"92":6,"93":6,"94":6,"95":6,"96":92,"97":54,"98":6,"99":6,"100":6,"101":6,"102":6,"103":6,"104":6,"105":6,"106":336,"107":264,"108":240,"109":336,"110":730,"111":60,"112":46,"113":14,"114":6,"115":6,"116":6,"117":6,"118":6,"119":6,"120":6,"121":6,"122":6,"123":6,"124":6,"125":6,"126":6,"127":6,"128":6,"129":49,"130":49,"131":49,"132":49,"133":6,"134":6,"135":6,"136":6,"137":6,"138":6,"139":6,"140":6,"141":6,"142":6,"143":28470,"144":86805,"145":86805,"146":86805,"147":86805,"148":563,"149":563,"150":86242,"151":25182,"152":28470,"153":6,"154":6,"155":6,"156":6,"157":3431,"158":3431,"159":6,"160":6,"161":6,"162":6,"163":6,"164":6,"165":6,"166":6,"167":6,"168":6,"169":6,"170":6,"171":6,"172":3465,"173":3465,"174":7912,"175":7912,"176":7912,"177":7878,"178":7878,"179":7878,"180":34,"181":32,"182":32,"183":32,"184":32,"185":32,"186":126,"187":32,"188":32,"189":32,"190":126,"191":126,"192":32,"193":6,"194":6,"195":6,"196":6,"197":6,"198":46,"199":46,"200":92,"201":92,"202":92,"203":92,"204":92,"205":207,"206":207,"207":207,"208":191,"209":207,"210":207,"211":2928,"212":2928,"213":2928,"214":2928,"215":46,"216":35,"217":35,"218":218,"219":5,"220":35,"221":30,"222":46,"223":23,"224":46,"225":46,"226":46,"227":46,"228":46,"229":202,"230":202,"231":202,"232":202,"233":2846,"234":0,"235":0,"236":0,"237":2846,"238":2827,"239":2827,"240":2827,"241":19,"242":19,"243":19,"244":202,"245":202,"246":6228,"247":6228,"248":6228,"249":202,"250":1,"251":46,"252":312,"253":312,"254":312,"255":46,"256":8,"257":46,"258":46,"259":46,"260":24,"261":24,"262":24,"263":2304,"264":2304,"265":5000,"266":5000,"267":24,"268":2384,"269":2384,"270":24,"271":10264,"272":10264,"273":46,"274":46,"275":46,"276":46,"277":3094,"278":49,"279":46,"280":46,"281":202,"282":202,"283":2846,"284":46,"285":46,"286":9,"287":37,"288":193,"289":193,"290":193,"291":2729,"292":2729,"293":0,"294":0,"295":0,"296":0,"297":0,"298":2729,"299":8,"300":8,"301":8,"302":8,"303":8,"304":8,"305":8,"306":117,"307":117,"308":157,"309":20,"310":20,"311":157,"312":40,"313":40,"314":40,"315":40,"316":117,"317":117,"318":117,"319":117,"320":8,"321":8,"322":8,"323":35,"324":8,"325":4,"326":4,"327":4,"328":3,"329":4,"330":4,"331":4,"332":4,"333":4,"334":4,"335":4,"336":117,"337":117,"338":117,"339":0,"340":0,"341":117,"342":20,"343":20,"344":20,"345":97,"346":20,"347":50,"348":50,"349":24,"350":6,"351":6,"352":6,"353":6,"354":6,"355":3036,"356":3036,"357":3036,"358":15976,"359":15976,"360":6,"361":6,"362":6,"363":6,"364":6,"365":6,"366":3036,"367":3036,"368":435,"369":435,"370":2946,"371":3036,"372":3036,"373":3501,"374":3501,"375":3036,"376":465,"377":465,"378":435,"379":3036,"380":17,"381":17,"382":0,"383":0,"384":17,"385":17,"386":0,"387":9,"388":9,"389":9,"390":9,"391":9,"392":5,"393":4,"394":4,"395":4,"396":4,"397":4,"398":8,"399":8,"400":8,"401":4,"402":8,"403":4,"404":4,"405":4,"406":4,"407":4,"408":4,"409":0,"410":4,"411":4,"412":4,"413":4,"414":4,"415":4,"416":4,"417":4,"418":4,"419":4,"420":0,"421":4,"422":4,"423":4,"424":0,"425":4,"426":4,"427":4,"428":4,"429":4,"430":4,"431":4,"432":4,"433":4,"434":0,"435":4,"436":4,"437":4,"438":4,"439":0,"440":0,"441":4,"442":4,"443":4,"444":0,"445":4,"446":4,"447":4,"448":4,"449":4,"450":4,"451":4,"452":4,"453":4,"454":0,"455":0,"456":4,"457":4,"458":4,"459":4,"460":4,"461":0,"462":4,"463":12,"464":8,"465":8,"466":4,"467":4,"468":4,"469":4,"470":4,"471":12,"472":8,"473":8,"474":16,"475":16,"476":16,"477":9,"478":5,"479":5,"480":5,"481":0,"482":5,"483":5,"484":5,"485":45,"486":5,"487":10,"488":10,"489":5,"490":5,"491":5,"492":0,"493":5,"494":5,"495":5,"496":5,"497":5,"498":5,"499":5,"500":5,"501":486,"502":486,"503":0,"504":5,"505":32,"506":22,"507":22,"508":22,"509":29,"510":22,"511":22,"512":8,"513":5,"514":5,"515":5,"516":5,"517":4,"518":1,"519":4,"520":5,"521":5,"522":5,"523":5,"524":5,"525":5,"526":135,"527":5,"528":5,"529":5,"530":10,"531":10,"532":230,"533":230,"534":230,"535":44,"536":230,"537":118,"538":112,"539":22,"540":112,"541":112,"542":10,"543":54,"544":54,"545":54,"546":54,"547":10,"548":10,"549":22,"550":22,"551":8,"552":22,"553":22,"554":176,"555":176,"556":176,"557":176,"558":354,"559":176,"560":22,"561":34,"562":34,"563":22,"564":22,"565":22,"566":54,"567":54,"568":54,"569":10,"570":66,"571":34,"572":10,"573":10,"574":0,"575":10,"576":20,"577":20,"578":4,"579":2,"580":10,"581":30,"582":30,"583":30,"584":4,"585":2,"586":2,"587":2,"588":2,"589":2,"590":12,"591":12,"592":12,"593":2,"594":2,"595":2,"596":4,"597":4,"598":4,"599":4,"600":4,"601":4,"602":5,"603":2,"604":3,"605":3,"606":3,"607":3,"608":4,"609":4,"610":4,"611":4,"612":4,"613":4,"614":4,"615":0,"616":2,"617":4,"618":2,"619":5,"620":2,"621":3,"622":3,"623":3,"624":3,"625":3,"626":48,"627":2,"628":3,"629":30,"630":30,"631":30,"632":150,"633":150,"634":30,"635":30,"636":30,"637":4,"638":30,"639":30,"640":30,"641":30,"642":30,"643":30,"644":30,"645":30,"646":30,"647":30,"648":30,"649":30,"650":30,"651":30,"652":30,"653":30,"654":30,"655":0,"656":0,"657":0,"658":0,"659":0,"660":0,"661":0,"662":0,"663":0,"664":0,"665":0,"666":0,"667":0,"668":0,"669":0,"670":0,"671":0,"672":0,"673":30,"674":30,"675":30,"676":30,"677":2,"678":2,"679":28,"680":28,"681":30,"682":0,"683":30,"684":30,"685":30,"686":30,"687":30,"688":30,"689":30,"690":2,"691":2,"692":2,"693":28,"694":30,"695":12,"696":12,"697":34,"698":72,"699":0,"700":46,"701":24,"702":24,"703":24,"704":142,"705":48,"706":48,"707":0,"708":0,"709":0,"710":0,"711":0,"712":0,"713":2,"714":2,"715":2,"716":2,"717":2,"718":2,"719":2,"720":4,"721":4,"722":4,"723":12,"724":12,"725":4,"726":4,"727":4,"728":4,"729":4,"730":4,"731":4,"732":4,"733":2,"734":2,"735":6,"736":4,"737":2,"738":4,"739":4,"740":4,"741":4,"742":4,"743":4,"744":2,"745":2,"746":8,"747":8,"748":8,"749":4,"750":4,"751":4,"752":4,"753":4,"754":2,"755":2,"756":2,"757":2,"758":2,"759":2,"760":2,"761":2,"762":2,"763":2,"764":2,"765":2,"766":2,"767":3,"768":1,"769":2,"770":1,"771":1,"772":1,"773":1,"774":1,"775":1,"776":1,"777":0,"778":0,"779":0,"780":4,"781":4,"782":4,"783":4,"784":4,"785":4,"786":4,"787":4,"788":4,"789":2,"790":2,"791":4,"792":4,"793":4,"794":2,"795":2,"796":2,"797":2,"798":2,"799":2,"800":48,"801":48,"802":48,"803":144,"804":144,"805":48,"806":48,"807":48,"808":48,"809":48,"810":48,"811":48,"812":48,"813":48,"814":0,"815":0,"816":48,"817":48,"818":0,"819":0,"820":48,"821":0,"822":48,"823":44,"824":48,"825":48,"826":48,"827":48,"828":0,"829":0,"830":48,"831":48,"832":48,"833":48,"834":0,"835":0,"836":0,"837":0,"838":28,"839":28,"840":28,"841":28,"842":28,"843":0,"844":8,"845":8,"846":4,"847":4,"848":4,"849":8,"850":8,"851":4,"852":0,"853":0,"854":4,"855":4,"856":4,"857":4,"858":4,"859":4,"860":4,"861":4,"862":0,"863":4,"864":2,"865":2,"866":0,"867":0,"868":0,"869":2,"870":40,"871":40,"872":42,"873":42,"874":42,"875":42,"876":42,"877":6,"878":6,"879":6,"880":0,"881":6,"882":6,"883":6,"884":6,"885":6,"886":2,"887":2,"888":2,"889":6,"890":34,"891":34,"892":34,"893":79,"894":34,"895":1,"896":1,"897":1,"898":6,"899":6,"900":1,"901":7,"902":7,"903":7,"904":1,"905":1,"906":1,"907":1,"908":1,"909":1,"910":1,"911":1,"912":1,"913":1,"914":1,"915":7,"916":7,"917":1,"918":3,"919":1,"920":3,"921":3,"922":3,"923":3,"924":18,"925":18,"926":7,"927":7,"928":11,"929":3,"930":3,"931":1,"932":1,"933":1,"934":1,"935":1,"936":7,"937":7,"938":7,"939":21,"940":21,"941":7,"942":7,"943":7,"944":7,"945":7,"946":7,"947":45,"948":7,"949":7,"950":7,"951":7,"952":7,"953":7,"954":7,"955":0,"956":7,"957":7,"958":7,"959":2,"960":2,"961":2,"962":14,"963":14,"964":2,"965":2,"966":2,"967":2,"968":2,"969":2,"970":2,"971":2,"972":2,"973":2,"974":2,"975":2,"976":2,"977":0,"978":0,"979":0,"980":2,"981":2,"982":2,"983":2,"984":2,"985":2,"986":2,"987":2,"988":2,"989":2,"990":2,"991":2,"992":2,"993":2,"994":5},"b":{"1":[4,5],"2":[9,9],"3":[9,9],"4":[9,5,5],"5":[5,4],"6":[4,4],"7":[152,502],"8":[99,403],"9":[99,21],"10":[0,403],"11":[0,0],"12":[237,166],"13":[18,9615],"14":[6,12],"15":[6,6],"16":[18,6],"17":[92,4],"18":[42,12],"19":[54,48,6],"20":[36,300],"21":[168,132],"22":[300,132],"23":[6,330],"24":[46,14],"25":[6,8],"26":[14,12],"27":[563,86242],"28":[25182,61060],"29":[86242,77226,29260,29260,29260],"30":[3431,3299],"31":[3431,3173],"32":[7878,34],"33":[7912,7548,69],"34":[7548,7504,516],"35":[69,34,34],"36":[32,20],"37":[92,92],"38":[191,16],"39":[5,213],"40":[30,5],"41":[23,23],"42":[0,2846],"43":[2827,19],"44":[0,202],"45":[15,187],"46":[3745,2483],"47":[1,201],"48":[202,187],"49":[194,118],"50":[8,38],"51":[46,31],"52":[46,5],"53":[46,26],"54":[24,10],"55":[2304,950],"56":[5000,3693],"57":[2384,1663],"58":[10264,7468],"59":[46,30,16],"60":[49,3045],"61":[9,37],"62":[193,123,111],"63":[25,86],"64":[24,62],"65":[50,12],"66":[169,24],"67":[0,2729],"68":[0,193],"69":[0,37],"70":[20,137],"71":[20,0,0],"72":[40,117],"73":[40,20],"74":[8,109],"75":[4,4],"76":[3,1],"77":[0,4],"78":[4,0],"79":[0,117],"80":[117,61,0],"81":[20,97],"82":[3036,6],"83":[15674,302],"84":[3036,465],"85":[435,30],"86":[0,17],"87":[5,4],"88":[4,0],"89":[8,4],"90":[8,4],"91":[0,4],"92":[4,4],"93":[0,4],"94":[0,4],"95":[0,0],"96":[0,0,4],"97":[4,0],"98":[4,0],"99":[0,4],"100":[4,4,4],"101":[0,4],"102":[4,0],"103":[4,0],"104":[4,4],"105":[4,4],"106":[8,4],"107":[12,12],"108":[4,4],"109":[0,5],"110":[5,5],"111":[45,45],"112":[0,5],"113":[0,486],"114":[0,0],"115":[22,10],"116":[9,13],"117":[0,13],"118":[13,10],"119":[5,0],"120":[5,5],"121":[5,0],"122":[1,3],"123":[5,0],"124":[5,130],"125":[44,186],"126":[118,112],"127":[22,90],"128":[112,50],"129":[10,10,22,10,22],"130":[8,14],"131":[354,0],"132":[0,10],"133":[2,2],"134":[2,2],"135":[2,0],"136":[12,12],"137":[2,10],"138":[2,3],"139":[4,0],"140":[4,4],"141":[2,3],"142":[5,3],"143":[3,0],"144":[3,3],"145":[0,2],"146":[2,148],"147":[30,30,30,30,30],"148":[30,30],"149":[4,26],"150":[30,30],"151":[30,15],"152":[15,15],"153":[0,15],"154":[24,6],"155":[0,0,0,0,0,0,0],"156":[0,0],"157":[0,0],"158":[0,0],"159":[0,0],"160":[0,0],"161":[2,28],"162":[2,28],"163":[0,30],"164":[30,0],"165":[30,0],"166":[2,28],"167":[2,2],"168":[2,0],"169":[0,72],"170":[72,0],"171":[12,24],"172":[24,0],"173":[24,24],"174":[48,0],"175":[0,0],"176":[4,4,4],"177":[4,4],"178":[2,2],"179":[4,2],"180":[2,2],"181":[4,4],"182":[4,4],"183":[2,2],"184":[48,48,48],"185":[48,0],"186":[48,0],"187":[48,48,48],"188":[0,48],"189":[48,12],"190":[0,48],"191":[92,44],"192":[48,0],"193":[0,0],"194":[28,0],"195":[28,0],"196":[0,8],"197":[4,4,0],"198":[0,4],"199":[4,0],"200":[0,4],"201":[0,2],"202":[2,0],"203":[42,0],"204":[42,0],"205":[42,0],"206":[6,6],"207":[0,6],"208":[6,6],"209":[0,6],"210":[1,1,3,1],"211":[7,7],"212":[1,6],"213":[1,0],"214":[3,3,2],"215":[18,0],"216":[7,11],"217":[18,13,11],"218":[0,21],"219":[7,7,7],"220":[45,45,16,38],"221":[7,0],"222":[0,7],"223":[0,0],"224":[0,14],"225":[2,2,2,2,2,2,2],"226":[0,2],"227":[2,0]},"f":{"1":12,"2":9,"3":9,"4":27,"5":654,"6":6,"7":6,"8":6,"9":6,"10":6,"11":9633,"12":6,"13":6,"14":6,"15":6,"16":6,"17":6,"18":6,"19":6,"20":6,"21":6,"22":6,"23":6,"24":6,"25":6,"26":6,"27":6,"28":6,"29":6,"30":6,"31":6,"32":6,"33":6,"34":18,"35":6,"36":92,"37":54,"38":6,"39":336,"40":264,"41":240,"42":730,"43":60,"44":6,"45":6,"46":6,"47":6,"48":49,"49":6,"50":6,"51":6,"52":6,"53":28470,"54":86805,"55":6,"56":3431,"57":6,"58":3465,"59":7912,"60":32,"61":32,"62":126,"63":126,"64":6,"65":6,"66":6,"67":46,"68":92,"69":207,"70":2928,"71":35,"72":218,"73":202,"74":2846,"75":6228,"76":312,"77":24,"78":2304,"79":5000,"80":2384,"81":10264,"82":3094,"83":202,"84":2846,"85":193,"86":2729,"87":0,"88":8,"89":117,"90":157,"91":35,"92":4,"93":50,"94":6,"95":6,"96":6,"97":3036,"98":15976,"99":6,"100":3036,"101":435,"102":2946,"103":17,"104":17,"105":9,"106":9,"107":8,"108":4,"109":8,"110":4,"111":4,"112":4,"113":4,"114":4,"115":4,"116":4,"117":0,"118":0,"119":12,"120":8,"121":16,"122":5,"123":5,"124":45,"125":10,"126":5,"127":486,"128":32,"129":29,"130":4,"131":5,"132":5,"133":135,"134":10,"135":230,"136":54,"137":176,"138":354,"139":34,"140":66,"141":34,"142":20,"143":4,"144":30,"145":4,"146":2,"147":12,"148":4,"149":4,"150":4,"151":5,"152":4,"153":2,"154":4,"155":5,"156":48,"157":2,"158":3,"159":30,"160":150,"161":12,"162":34,"163":72,"164":46,"165":142,"166":48,"167":0,"168":2,"169":2,"170":2,"171":2,"172":4,"173":12,"174":6,"175":2,"176":8,"177":4,"178":2,"179":2,"180":2,"181":2,"182":2,"183":2,"184":2,"185":3,"186":1,"187":2,"188":1,"189":1,"190":0,"191":0,"192":0,"193":4,"194":4,"195":2,"196":4,"197":2,"198":2,"199":48,"200":144,"201":0,"202":28,"203":8,"204":4,"205":8,"206":2,"207":40,"208":42,"209":42,"210":6,"211":2,"212":34,"213":79,"214":34,"215":1,"216":6,"217":7,"218":7,"219":3,"220":18,"221":7,"222":21,"223":45,"224":2,"225":14,"226":2},"fnMap":{"1":{"name":"(anonymous_1)","line":12,"loc":{"start":{"line":12,"column":15},"end":{"line":12,"column":33}}},"2":{"name":"submoduleUtility2Shared","line":22,"loc":{"start":{"line":22,"column":1},"end":{"line":22,"column":36}}},"3":{"name":"(anonymous_3)","line":30,"loc":{"start":{"line":30,"column":11},"end":{"line":30,"column":23}}},"4":{"name":"(anonymous_4)","line":92,"loc":{"start":{"line":92,"column":19},"end":{"line":92,"column":36}}},"5":{"name":"(anonymous_5)","line":96,"loc":{"start":{"line":96,"column":33},"end":{"line":96,"column":48}}},"6":{"name":"(anonymous_6)","line":128,"loc":{"start":{"line":128,"column":33},"end":{"line":128,"column":57}}},"7":{"name":"(anonymous_7)","line":134,"loc":{"start":{"line":134,"column":9},"end":{"line":134,"column":33}}},"8":{"name":"(anonymous_8)","line":149,"loc":{"start":{"line":149,"column":24},"end":{"line":149,"column":48}}},"9":{"name":"(anonymous_9)","line":155,"loc":{"start":{"line":155,"column":9},"end":{"line":155,"column":32}}},"10":{"name":"(anonymous_10)","line":156,"loc":{"start":{"line":156,"column":29},"end":{"line":156,"column":41}}},"11":{"name":"(anonymous_11)","line":166,"loc":{"start":{"line":166,"column":12},"end":{"line":166,"column":39}}},"12":{"name":"(anonymous_12)","line":182,"loc":{"start":{"line":182,"column":26},"end":{"line":182,"column":50}}},"13":{"name":"(anonymous_13)","line":189,"loc":{"start":{"line":189,"column":27},"end":{"line":189,"column":39}}},"14":{"name":"(anonymous_14)","line":191,"loc":{"start":{"line":191,"column":9},"end":{"line":191,"column":26}}},"15":{"name":"(anonymous_15)","line":198,"loc":{"start":{"line":198,"column":27},"end":{"line":198,"column":39}}},"16":{"name":"(anonymous_16)","line":200,"loc":{"start":{"line":200,"column":9},"end":{"line":200,"column":26}}},"17":{"name":"(anonymous_17)","line":210,"loc":{"start":{"line":210,"column":27},"end":{"line":210,"column":39}}},"18":{"name":"(anonymous_18)","line":212,"loc":{"start":{"line":212,"column":9},"end":{"line":212,"column":26}}},"19":{"name":"(anonymous_19)","line":221,"loc":{"start":{"line":221,"column":14},"end":{"line":221,"column":34}}},"20":{"name":"(anonymous_20)","line":228,"loc":{"start":{"line":228,"column":14},"end":{"line":228,"column":37}}},"21":{"name":"(anonymous_21)","line":237,"loc":{"start":{"line":237,"column":14},"end":{"line":237,"column":41}}},"22":{"name":"(anonymous_22)","line":246,"loc":{"start":{"line":246,"column":16},"end":{"line":246,"column":40}}},"23":{"name":"(anonymous_23)","line":253,"loc":{"start":{"line":253,"column":16},"end":{"line":253,"column":43}}},"24":{"name":"(anonymous_24)","line":262,"loc":{"start":{"line":262,"column":16},"end":{"line":262,"column":47}}},"25":{"name":"(anonymous_25)","line":271,"loc":{"start":{"line":271,"column":25},"end":{"line":271,"column":49}}},"26":{"name":"(anonymous_26)","line":275,"loc":{"start":{"line":275,"column":23},"end":{"line":275,"column":40}}},"27":{"name":"(anonymous_27)","line":279,"loc":{"start":{"line":279,"column":29},"end":{"line":279,"column":46}}},"28":{"name":"(anonymous_28)","line":283,"loc":{"start":{"line":283,"column":35},"end":{"line":283,"column":52}}},"29":{"name":"(anonymous_29)","line":287,"loc":{"start":{"line":287,"column":25},"end":{"line":287,"column":42}}},"30":{"name":"(anonymous_30)","line":291,"loc":{"start":{"line":291,"column":31},"end":{"line":291,"column":48}}},"31":{"name":"(anonymous_31)","line":295,"loc":{"start":{"line":295,"column":37},"end":{"line":295,"column":54}}},"32":{"name":"(anonymous_32)","line":302,"loc":{"start":{"line":302,"column":18},"end":{"line":302,"column":33}}},"33":{"name":"(anonymous_33)","line":314,"loc":{"start":{"line":314,"column":32},"end":{"line":314,"column":56}}},"34":{"name":"(anonymous_34)","line":320,"loc":{"start":{"line":320,"column":27},"end":{"line":320,"column":40}}},"35":{"name":"(anonymous_35)","line":323,"loc":{"start":{"line":323,"column":9},"end":{"line":323,"column":33}}},"36":{"name":"(anonymous_36)","line":334,"loc":{"start":{"line":334,"column":16},"end":{"line":334,"column":33}}},"37":{"name":"(anonymous_37)","line":341,"loc":{"start":{"line":341,"column":26},"end":{"line":341,"column":60}}},"38":{"name":"(anonymous_38)","line":351,"loc":{"start":{"line":351,"column":40},"end":{"line":351,"column":64}}},"39":{"name":"(anonymous_39)","line":374,"loc":{"start":{"line":374,"column":34},"end":{"line":374,"column":51}}},"40":{"name":"(anonymous_40)","line":383,"loc":{"start":{"line":383,"column":46},"end":{"line":383,"column":61}}},"41":{"name":"(anonymous_41)","line":385,"loc":{"start":{"line":385,"column":24},"end":{"line":385,"column":39}}},"42":{"name":"(anonymous_42)","line":392,"loc":{"start":{"line":392,"column":9},"end":{"line":392,"column":21}}},"43":{"name":"(anonymous_43)","line":399,"loc":{"start":{"line":399,"column":25},"end":{"line":399,"column":48}}},"44":{"name":"(anonymous_44)","line":415,"loc":{"start":{"line":415,"column":39},"end":{"line":415,"column":63}}},"45":{"name":"(anonymous_45)","line":422,"loc":{"start":{"line":422,"column":17},"end":{"line":422,"column":30}}},"46":{"name":"(anonymous_46)","line":425,"loc":{"start":{"line":425,"column":15},"end":{"line":425,"column":28}}},"47":{"name":"(anonymous_47)","line":429,"loc":{"start":{"line":429,"column":9},"end":{"line":429,"column":33}}},"48":{"name":"(anonymous_48)","line":451,"loc":{"start":{"line":451,"column":20},"end":{"line":451,"column":62}}},"49":{"name":"(anonymous_49)","line":458,"loc":{"start":{"line":458,"column":24},"end":{"line":458,"column":36}}},"50":{"name":"(anonymous_50)","line":463,"loc":{"start":{"line":463,"column":34},"end":{"line":463,"column":58}}},"51":{"name":"(anonymous_51)","line":469,"loc":{"start":{"line":469,"column":29},"end":{"line":469,"column":46}}},"52":{"name":"(anonymous_52)","line":470,"loc":{"start":{"line":470,"column":29},"end":{"line":470,"column":41}}},"53":{"name":"(anonymous_53)","line":484,"loc":{"start":{"line":484,"column":16},"end":{"line":484,"column":45}}},"54":{"name":"(anonymous_54)","line":488,"loc":{"start":{"line":488,"column":36},"end":{"line":488,"column":51}}},"55":{"name":"(anonymous_55)","line":507,"loc":{"start":{"line":507,"column":30},"end":{"line":507,"column":54}}},"56":{"name":"(anonymous_56)","line":524,"loc":{"start":{"line":524,"column":17},"end":{"line":524,"column":61}}},"57":{"name":"(anonymous_57)","line":534,"loc":{"start":{"line":534,"column":31},"end":{"line":534,"column":55}}},"58":{"name":"(anonymous_58)","line":566,"loc":{"start":{"line":566,"column":25},"end":{"line":566,"column":69}}},"59":{"name":"(anonymous_59)","line":574,"loc":{"start":{"line":574,"column":36},"end":{"line":574,"column":51}}},"60":{"name":"(anonymous_60)","line":593,"loc":{"start":{"line":593,"column":14},"end":{"line":593,"column":68}}},"61":{"name":"(anonymous_61)","line":606,"loc":{"start":{"line":606,"column":22},"end":{"line":606,"column":39}}},"62":{"name":"(anonymous_62)","line":609,"loc":{"start":{"line":609,"column":35},"end":{"line":609,"column":51}}},"63":{"name":"(anonymous_63)","line":617,"loc":{"start":{"line":617,"column":25},"end":{"line":617,"column":41}}},"64":{"name":"(anonymous_64)","line":628,"loc":{"start":{"line":628,"column":26},"end":{"line":628,"column":50}}},"65":{"name":"(anonymous_65)","line":632,"loc":{"start":{"line":632,"column":23},"end":{"line":632,"column":40}}},"66":{"name":"(anonymous_66)","line":637,"loc":{"start":{"line":637,"column":9},"end":{"line":637,"column":21}}},"67":{"name":"(anonymous_67)","line":642,"loc":{"start":{"line":642,"column":22},"end":{"line":642,"column":58}}},"68":{"name":"(anonymous_68)","line":659,"loc":{"start":{"line":659,"column":41},"end":{"line":659,"column":67}}},"69":{"name":"(anonymous_69)","line":677,"loc":{"start":{"line":677,"column":44},"end":{"line":677,"column":68}}},"70":{"name":"(anonymous_70)","line":698,"loc":{"start":{"line":698,"column":44},"end":{"line":698,"column":64}}},"71":{"name":"(anonymous_71)","line":720,"loc":{"start":{"line":720,"column":43},"end":{"line":720,"column":68}}},"72":{"name":"(anonymous_72)","line":722,"loc":{"start":{"line":722,"column":45},"end":{"line":722,"column":62}}},"73":{"name":"(anonymous_73)","line":741,"loc":{"start":{"line":741,"column":42},"end":{"line":741,"column":66}}},"74":{"name":"(anonymous_74)","line":745,"loc":{"start":{"line":745,"column":42},"end":{"line":745,"column":62}}},"75":{"name":"(anonymous_75)","line":768,"loc":{"start":{"line":768,"column":39},"end":{"line":768,"column":61}}},"76":{"name":"(anonymous_76)","line":780,"loc":{"start":{"line":780,"column":39},"end":{"line":780,"column":61}}},"77":{"name":"(anonymous_77)","line":792,"loc":{"start":{"line":792,"column":48},"end":{"line":792,"column":64}}},"78":{"name":"(anonymous_78)","line":798,"loc":{"start":{"line":798,"column":37},"end":{"line":798,"column":55}}},"79":{"name":"(anonymous_79)","line":800,"loc":{"start":{"line":800,"column":34},"end":{"line":800,"column":55}}},"80":{"name":"(anonymous_80)","line":806,"loc":{"start":{"line":806,"column":37},"end":{"line":806,"column":55}}},"81":{"name":"(anonymous_81)","line":811,"loc":{"start":{"line":811,"column":37},"end":{"line":811,"column":55}}},"82":{"name":"(anonymous_82)","line":823,"loc":{"start":{"line":823,"column":25},"end":{"line":823,"column":40}}},"83":{"name":"(anonymous_83)","line":833,"loc":{"start":{"line":833,"column":42},"end":{"line":833,"column":66}}},"84":{"name":"(anonymous_84)","line":835,"loc":{"start":{"line":835,"column":42},"end":{"line":835,"column":62}}},"85":{"name":"(anonymous_85)","line":852,"loc":{"start":{"line":852,"column":60},"end":{"line":852,"column":88}}},"86":{"name":"(anonymous_86)","line":875,"loc":{"start":{"line":875,"column":58},"end":{"line":875,"column":78}}},"87":{"name":"(anonymous_87)","line":882,"loc":{"start":{"line":882,"column":27},"end":{"line":882,"column":43}}},"88":{"name":"(anonymous_88)","line":910,"loc":{"start":{"line":910,"column":13},"end":{"line":910,"column":25}}},"89":{"name":"(anonymous_89)","line":923,"loc":{"start":{"line":923,"column":40},"end":{"line":923,"column":60}}},"90":{"name":"(anonymous_90)","line":925,"loc":{"start":{"line":925,"column":23},"end":{"line":925,"column":40}}},"91":{"name":"(anonymous_91)","line":951,"loc":{"start":{"line":951,"column":56},"end":{"line":951,"column":80}}},"92":{"name":"(anonymous_92)","line":995,"loc":{"start":{"line":995,"column":25},"end":{"line":995,"column":37}}},"93":{"name":"(anonymous_93)","line":1041,"loc":{"start":{"line":1041,"column":18},"end":{"line":1041,"column":52}}},"94":{"name":"(anonymous_94)","line":1053,"loc":{"start":{"line":1053,"column":32},"end":{"line":1053,"column":56}}},"95":{"name":"(anonymous_95)","line":1060,"loc":{"start":{"line":1060,"column":27},"end":{"line":1060,"column":39}}},"96":{"name":"(anonymous_96)","line":1062,"loc":{"start":{"line":1062,"column":9},"end":{"line":1062,"column":26}}},"97":{"name":"(anonymous_97)","line":1076,"loc":{"start":{"line":1076,"column":16},"end":{"line":1076,"column":42}}},"98":{"name":"(anonymous_98)","line":1084,"loc":{"start":{"line":1084,"column":80},"end":{"line":1084,"column":95}}},"99":{"name":"(anonymous_99)","line":1091,"loc":{"start":{"line":1091,"column":30},"end":{"line":1091,"column":54}}},"100":{"name":"(anonymous_100)","line":1116,"loc":{"start":{"line":1116,"column":21},"end":{"line":1116,"column":47}}},"101":{"name":"(anonymous_101)","line":1122,"loc":{"start":{"line":1122,"column":23},"end":{"line":1122,"column":46}}},"102":{"name":"(anonymous_102)","line":1125,"loc":{"start":{"line":1125,"column":31},"end":{"line":1125,"column":47}}},"103":{"name":"(anonymous_103)","line":1148,"loc":{"start":{"line":1148,"column":21},"end":{"line":1148,"column":45}}},"104":{"name":"(anonymous_104)","line":1152,"loc":{"start":{"line":1152,"column":13},"end":{"line":1152,"column":36}}},"105":{"name":"submoduleUtility2Browser","line":1171,"loc":{"start":{"line":1171,"column":1},"end":{"line":1171,"column":37}}},"106":{"name":"(anonymous_106)","line":1179,"loc":{"start":{"line":1179,"column":11},"end":{"line":1179,"column":23}}},"107":{"name":"(anonymous_107)","line":1198,"loc":{"start":{"line":1198,"column":15},"end":{"line":1198,"column":27}}},"108":{"name":"(anonymous_108)","line":1213,"loc":{"start":{"line":1213,"column":39},"end":{"line":1213,"column":63}}},"109":{"name":"(anonymous_109)","line":1221,"loc":{"start":{"line":1221,"column":34},"end":{"line":1221,"column":46}}},"110":{"name":"(anonymous_110)","line":1230,"loc":{"start":{"line":1230,"column":9},"end":{"line":1230,"column":33}}},"111":{"name":"(anonymous_111)","line":1240,"loc":{"start":{"line":1240,"column":15},"end":{"line":1240,"column":27}}},"112":{"name":"(anonymous_112)","line":1253,"loc":{"start":{"line":1253,"column":38},"end":{"line":1253,"column":50}}},"113":{"name":"(anonymous_113)","line":1262,"loc":{"start":{"line":1262,"column":36},"end":{"line":1262,"column":48}}},"114":{"name":"(anonymous_114)","line":1273,"loc":{"start":{"line":1273,"column":10},"end":{"line":1273,"column":43}}},"115":{"name":"(anonymous_115)","line":1279,"loc":{"start":{"line":1279,"column":22},"end":{"line":1279,"column":45}}},"116":{"name":"(anonymous_116)","line":1291,"loc":{"start":{"line":1291,"column":21},"end":{"line":1291,"column":38}}},"117":{"name":"(anonymous_117)","line":1341,"loc":{"start":{"line":1341,"column":44},"end":{"line":1341,"column":68}}},"118":{"name":"(anonymous_118)","line":1353,"loc":{"start":{"line":1353,"column":49},"end":{"line":1353,"column":64}}},"119":{"name":"(anonymous_119)","line":1360,"loc":{"start":{"line":1360,"column":23},"end":{"line":1360,"column":35}}},"120":{"name":"(anonymous_120)","line":1384,"loc":{"start":{"line":1384,"column":28},"end":{"line":1384,"column":40}}},"121":{"name":"(anonymous_121)","line":1402,"loc":{"start":{"line":1402,"column":25},"end":{"line":1402,"column":55}}},"122":{"name":"submoduleUtility2Nodejs","line":1418,"loc":{"start":{"line":1418,"column":1},"end":{"line":1418,"column":36}}},"123":{"name":"(anonymous_123)","line":1426,"loc":{"start":{"line":1426,"column":11},"end":{"line":1426,"column":23}}},"124":{"name":"(anonymous_124)","line":1446,"loc":{"start":{"line":1446,"column":16},"end":{"line":1446,"column":34}}},"125":{"name":"(anonymous_125)","line":1453,"loc":{"start":{"line":1453,"column":16},"end":{"line":1453,"column":34}}},"126":{"name":"(anonymous_126)","line":1479,"loc":{"start":{"line":1479,"column":14},"end":{"line":1479,"column":26}}},"127":{"name":"(anonymous_127)","line":1487,"loc":{"start":{"line":1487,"column":46},"end":{"line":1487,"column":61}}},"128":{"name":"(anonymous_128)","line":1494,"loc":{"start":{"line":1494,"column":19},"end":{"line":1494,"column":38}}},"129":{"name":"(anonymous_129)","line":1504,"loc":{"start":{"line":1504,"column":57},"end":{"line":1504,"column":74}}},"130":{"name":"(anonymous_130)","line":1522,"loc":{"start":{"line":1522,"column":27},"end":{"line":1522,"column":39}}},"131":{"name":"(anonymous_131)","line":1534,"loc":{"start":{"line":1534,"column":17},"end":{"line":1534,"column":29}}},"132":{"name":"(anonymous_132)","line":1542,"loc":{"start":{"line":1542,"column":19},"end":{"line":1542,"column":31}}},"133":{"name":"(anonymous_133)","line":1548,"loc":{"start":{"line":1548,"column":34},"end":{"line":1548,"column":49}}},"134":{"name":"(anonymous_134)","line":1559,"loc":{"start":{"line":1559,"column":15},"end":{"line":1559,"column":27}}},"135":{"name":"(anonymous_135)","line":1565,"loc":{"start":{"line":1565,"column":18},"end":{"line":1565,"column":37}}},"136":{"name":"(anonymous_136)","line":1588,"loc":{"start":{"line":1588,"column":18},"end":{"line":1588,"column":34}}},"137":{"name":"(anonymous_137)","line":1619,"loc":{"start":{"line":1619,"column":12},"end":{"line":1619,"column":45}}},"138":{"name":"(anonymous_138)","line":1631,"loc":{"start":{"line":1631,"column":41},"end":{"line":1631,"column":59}}},"139":{"name":"(anonymous_139)","line":1641,"loc":{"start":{"line":1641,"column":13},"end":{"line":1641,"column":48}}},"140":{"name":"(anonymous_140)","line":1665,"loc":{"start":{"line":1665,"column":24},"end":{"line":1665,"column":48}}},"141":{"name":"(anonymous_141)","line":1672,"loc":{"start":{"line":1672,"column":11},"end":{"line":1672,"column":28}}},"142":{"name":"(anonymous_142)","line":1684,"loc":{"start":{"line":1684,"column":45},"end":{"line":1684,"column":61}}},"143":{"name":"(anonymous_143)","line":1691,"loc":{"start":{"line":1691,"column":11},"end":{"line":1691,"column":35}}},"144":{"name":"(anonymous_144)","line":1699,"loc":{"start":{"line":1699,"column":55},"end":{"line":1699,"column":71}}},"145":{"name":"(anonymous_145)","line":1708,"loc":{"start":{"line":1708,"column":11},"end":{"line":1708,"column":35}}},"146":{"name":"(anonymous_146)","line":1724,"loc":{"start":{"line":1724,"column":30},"end":{"line":1724,"column":54}}},"147":{"name":"(anonymous_147)","line":1729,"loc":{"start":{"line":1729,"column":25},"end":{"line":1729,"column":42}}},"148":{"name":"(anonymous_148)","line":1737,"loc":{"start":{"line":1737,"column":47},"end":{"line":1737,"column":63}}},"149":{"name":"(anonymous_149)","line":1739,"loc":{"start":{"line":1739,"column":31},"end":{"line":1739,"column":54}}},"150":{"name":"(anonymous_150)","line":1744,"loc":{"start":{"line":1744,"column":21},"end":{"line":1744,"column":33}}},"151":{"name":"(anonymous_151)","line":1751,"loc":{"start":{"line":1751,"column":15},"end":{"line":1751,"column":27}}},"152":{"name":"(anonymous_152)","line":1771,"loc":{"start":{"line":1771,"column":19},"end":{"line":1771,"column":61}}},"153":{"name":"(anonymous_153)","line":1789,"loc":{"start":{"line":1789,"column":33},"end":{"line":1789,"column":57}}},"154":{"name":"(anonymous_154)","line":1796,"loc":{"start":{"line":1796,"column":16},"end":{"line":1796,"column":34}}},"155":{"name":"(anonymous_155)","line":1802,"loc":{"start":{"line":1802,"column":17},"end":{"line":1802,"column":29}}},"156":{"name":"(anonymous_156)","line":1823,"loc":{"start":{"line":1823,"column":33},"end":{"line":1823,"column":62}}},"157":{"name":"(anonymous_157)","line":1824,"loc":{"start":{"line":1824,"column":52},"end":{"line":1824,"column":69}}},"158":{"name":"(anonymous_158)","line":1829,"loc":{"start":{"line":1829,"column":34},"end":{"line":1829,"column":46}}},"159":{"name":"(anonymous_159)","line":1834,"loc":{"start":{"line":1834,"column":10},"end":{"line":1834,"column":43}}},"160":{"name":"(anonymous_160)","line":1848,"loc":{"start":{"line":1848,"column":18},"end":{"line":1848,"column":41}}},"161":{"name":"(anonymous_161)","line":1982,"loc":{"start":{"line":1982,"column":31},"end":{"line":1982,"column":50}}},"162":{"name":"(anonymous_162)","line":1993,"loc":{"start":{"line":1993,"column":27},"end":{"line":1993,"column":46}}},"163":{"name":"(anonymous_163)","line":2000,"loc":{"start":{"line":2000,"column":28},"end":{"line":2000,"column":47}}},"164":{"name":"(anonymous_164)","line":2010,"loc":{"start":{"line":2010,"column":25},"end":{"line":2010,"column":44}}},"165":{"name":"(anonymous_165)","line":2024,"loc":{"start":{"line":2024,"column":25},"end":{"line":2024,"column":44}}},"166":{"name":"(anonymous_166)","line":2031,"loc":{"start":{"line":2031,"column":35},"end":{"line":2031,"column":54}}},"167":{"name":"(anonymous_167)","line":2040,"loc":{"start":{"line":2040,"column":49},"end":{"line":2040,"column":72}}},"168":{"name":"(anonymous_168)","line":2051,"loc":{"start":{"line":2051,"column":43},"end":{"line":2051,"column":55}}},"169":{"name":"(anonymous_169)","line":2075,"loc":{"start":{"line":2075,"column":57},"end":{"line":2075,"column":81}}},"170":{"name":"(anonymous_170)","line":2081,"loc":{"start":{"line":2081,"column":24},"end":{"line":2081,"column":36}}},"171":{"name":"(anonymous_171)","line":2086,"loc":{"start":{"line":2086,"column":9},"end":{"line":2086,"column":33}}},"172":{"name":"(anonymous_172)","line":2092,"loc":{"start":{"line":2092,"column":40},"end":{"line":2092,"column":70}}},"173":{"name":"(anonymous_173)","line":2098,"loc":{"start":{"line":2098,"column":18},"end":{"line":2098,"column":41}}},"174":{"name":"(anonymous_174)","line":2126,"loc":{"start":{"line":2126,"column":25},"end":{"line":2126,"column":41}}},"175":{"name":"(anonymous_175)","line":2161,"loc":{"start":{"line":2161,"column":54},"end":{"line":2161,"column":78}}},"176":{"name":"(anonymous_176)","line":2168,"loc":{"start":{"line":2168,"column":26},"end":{"line":2168,"column":53}}},"177":{"name":"(anonymous_177)","line":2182,"loc":{"start":{"line":2182,"column":30},"end":{"line":2182,"column":42}}},"178":{"name":"(anonymous_178)","line":2187,"loc":{"start":{"line":2187,"column":9},"end":{"line":2187,"column":33}}},"179":{"name":"(anonymous_179)","line":2190,"loc":{"start":{"line":2190,"column":16},"end":{"line":2190,"column":40}}},"180":{"name":"(anonymous_180)","line":2194,"loc":{"start":{"line":2194,"column":63},"end":{"line":2194,"column":80}}},"181":{"name":"(anonymous_181)","line":2195,"loc":{"start":{"line":2195,"column":31},"end":{"line":2195,"column":43}}},"182":{"name":"(anonymous_182)","line":2202,"loc":{"start":{"line":2202,"column":16},"end":{"line":2202,"column":40}}},"183":{"name":"(anonymous_183)","line":2213,"loc":{"start":{"line":2213,"column":63},"end":{"line":2213,"column":80}}},"184":{"name":"(anonymous_184)","line":2214,"loc":{"start":{"line":2214,"column":31},"end":{"line":2214,"column":43}}},"185":{"name":"(anonymous_185)","line":2223,"loc":{"start":{"line":2223,"column":25},"end":{"line":2223,"column":37}}},"186":{"name":"(anonymous_186)","line":2230,"loc":{"start":{"line":2230,"column":37},"end":{"line":2230,"column":49}}},"187":{"name":"(anonymous_187)","line":2243,"loc":{"start":{"line":2243,"column":16},"end":{"line":2243,"column":35}}},"188":{"name":"(anonymous_188)","line":2248,"loc":{"start":{"line":2248,"column":31},"end":{"line":2248,"column":43}}},"189":{"name":"(anonymous_189)","line":2259,"loc":{"start":{"line":2259,"column":18},"end":{"line":2259,"column":42}}},"190":{"name":"(anonymous_190)","line":2267,"loc":{"start":{"line":2267,"column":32},"end":{"line":2267,"column":44}}},"191":{"name":"(anonymous_191)","line":2273,"loc":{"start":{"line":2273,"column":25},"end":{"line":2273,"column":37}}},"192":{"name":"(anonymous_192)","line":2274,"loc":{"start":{"line":2274,"column":47},"end":{"line":2274,"column":63}}},"193":{"name":"(anonymous_193)","line":2280,"loc":{"start":{"line":2280,"column":20},"end":{"line":2280,"column":50}}},"194":{"name":"(anonymous_194)","line":2286,"loc":{"start":{"line":2286,"column":22},"end":{"line":2286,"column":39}}},"195":{"name":"(anonymous_195)","line":2314,"loc":{"start":{"line":2314,"column":34},"end":{"line":2314,"column":58}}},"196":{"name":"(anonymous_196)","line":2319,"loc":{"start":{"line":2319,"column":25},"end":{"line":2319,"column":42}}},"197":{"name":"(anonymous_197)","line":2333,"loc":{"start":{"line":2333,"column":21},"end":{"line":2333,"column":37}}},"198":{"name":"(anonymous_198)","line":2343,"loc":{"start":{"line":2343,"column":25},"end":{"line":2343,"column":41}}},"199":{"name":"(anonymous_199)","line":2350,"loc":{"start":{"line":2350,"column":22},"end":{"line":2350,"column":57}}},"200":{"name":"(anonymous_200)","line":2353,"loc":{"start":{"line":2353,"column":18},"end":{"line":2353,"column":30}}},"201":{"name":"(anonymous_201)","line":2420,"loc":{"start":{"line":2420,"column":31},"end":{"line":2420,"column":66}}},"202":{"name":"(anonymous_202)","line":2433,"loc":{"start":{"line":2433,"column":37},"end":{"line":2433,"column":72}}},"203":{"name":"(anonymous_203)","line":2455,"loc":{"start":{"line":2455,"column":46},"end":{"line":2455,"column":69}}},"204":{"name":"(anonymous_204)","line":2461,"loc":{"start":{"line":2461,"column":54},"end":{"line":2461,"column":89}}},"205":{"name":"(anonymous_205)","line":2467,"loc":{"start":{"line":2467,"column":18},"end":{"line":2467,"column":41}}},"206":{"name":"(anonymous_206)","line":2502,"loc":{"start":{"line":2502,"column":26},"end":{"line":2502,"column":65}}},"207":{"name":"(anonymous_207)","line":2519,"loc":{"start":{"line":2519,"column":23},"end":{"line":2519,"column":74}}},"208":{"name":"(anonymous_208)","line":2529,"loc":{"start":{"line":2529,"column":28},"end":{"line":2529,"column":69}}},"209":{"name":"(anonymous_209)","line":2536,"loc":{"start":{"line":2536,"column":37},"end":{"line":2536,"column":52}}},"210":{"name":"(anonymous_210)","line":2545,"loc":{"start":{"line":2545,"column":11},"end":{"line":2545,"column":30}}},"211":{"name":"(anonymous_211)","line":2571,"loc":{"start":{"line":2571,"column":20},"end":{"line":2571,"column":40}}},"212":{"name":"(anonymous_212)","line":2582,"loc":{"start":{"line":2582,"column":19},"end":{"line":2582,"column":59}}},"213":{"name":"(anonymous_213)","line":2589,"loc":{"start":{"line":2589,"column":32},"end":{"line":2589,"column":49}}},"214":{"name":"(anonymous_214)","line":2592,"loc":{"start":{"line":2592,"column":19},"end":{"line":2592,"column":31}}},"215":{"name":"(anonymous_215)","line":2598,"loc":{"start":{"line":2598,"column":20},"end":{"line":2598,"column":53}}},"216":{"name":"(anonymous_216)","line":2612,"loc":{"start":{"line":2612,"column":18},"end":{"line":2612,"column":41}}},"217":{"name":"(anonymous_217)","line":2616,"loc":{"start":{"line":2616,"column":29},"end":{"line":2616,"column":46}}},"218":{"name":"(anonymous_218)","line":2668,"loc":{"start":{"line":2668,"column":35},"end":{"line":2668,"column":53}}},"219":{"name":"(anonymous_219)","line":2673,"loc":{"start":{"line":2673,"column":38},"end":{"line":2673,"column":50}}},"220":{"name":"(anonymous_220)","line":2689,"loc":{"start":{"line":2689,"column":35},"end":{"line":2689,"column":51}}},"221":{"name":"(anonymous_221)","line":2722,"loc":{"start":{"line":2722,"column":21},"end":{"line":2722,"column":57}}},"222":{"name":"(anonymous_222)","line":2728,"loc":{"start":{"line":2728,"column":18},"end":{"line":2728,"column":41}}},"223":{"name":"(anonymous_223)","line":2745,"loc":{"start":{"line":2745,"column":23},"end":{"line":2745,"column":39}}},"224":{"name":"(anonymous_224)","line":2793,"loc":{"start":{"line":2793,"column":26},"end":{"line":2793,"column":59}}},"225":{"name":"(anonymous_225)","line":2804,"loc":{"start":{"line":2804,"column":18},"end":{"line":2804,"column":41}}},"226":{"name":"(anonymous_226)","line":2847,"loc":{"start":{"line":2847,"column":21},"end":{"line":2847,"column":33}}}},"statementMap":{"1":{"start":{"line":11,"column":0},"end":{"line":11,"column":58}},"2":{"start":{"line":12,"column":0},"end":{"line":18,"column":2}},"3":{"start":{"line":17,"column":2},"end":{"line":17,"column":17}},"4":{"start":{"line":22,"column":0},"end":{"line":1167,"column":5}},"5":{"start":{"line":27,"column":2},"end":{"line":1165,"column":4}},"6":{"start":{"line":35,"column":6},"end":{"line":37,"column":7}},"7":{"start":{"line":36,"column":8},"end":{"line":36,"column":31}},"8":{"start":{"line":39,"column":6},"end":{"line":39,"column":42}},"9":{"start":{"line":41,"column":6},"end":{"line":41,"column":57}},"10":{"start":{"line":43,"column":6},"end":{"line":44,"column":27}},"11":{"start":{"line":46,"column":6},"end":{"line":46,"column":50}},"12":{"start":{"line":48,"column":6},"end":{"line":48,"column":85}},"13":{"start":{"line":49,"column":6},"end":{"line":83,"column":9}},"14":{"start":{"line":85,"column":6},"end":{"line":85,"column":64}},"15":{"start":{"line":87,"column":6},"end":{"line":87,"column":33}},"16":{"start":{"line":89,"column":6},"end":{"line":89,"column":53}},"17":{"start":{"line":96,"column":6},"end":{"line":125,"column":9}},"18":{"start":{"line":97,"column":8},"end":{"line":97,"column":18}},"19":{"start":{"line":99,"column":8},"end":{"line":105,"column":9}},"20":{"start":{"line":100,"column":10},"end":{"line":103,"column":13}},"21":{"start":{"line":104,"column":10},"end":{"line":104,"column":17}},"22":{"start":{"line":107,"column":8},"end":{"line":107,"column":44}},"23":{"start":{"line":108,"column":8},"end":{"line":112,"column":9}},"24":{"start":{"line":109,"column":10},"end":{"line":109,"column":50}},"25":{"start":{"line":110,"column":10},"end":{"line":110,"column":49}},"26":{"start":{"line":111,"column":10},"end":{"line":111,"column":17}},"27":{"start":{"line":113,"column":8},"end":{"line":113,"column":56}},"28":{"start":{"line":114,"column":8},"end":{"line":120,"column":9}},"29":{"start":{"line":116,"column":10},"end":{"line":116,"column":83}},"30":{"start":{"line":118,"column":10},"end":{"line":118,"column":58}},"31":{"start":{"line":119,"column":10},"end":{"line":119,"column":17}},"32":{"start":{"line":122,"column":8},"end":{"line":124,"column":9}},"33":{"start":{"line":123,"column":10},"end":{"line":123,"column":36}},"34":{"start":{"line":132,"column":6},"end":{"line":132,"column":15}},"35":{"start":{"line":133,"column":6},"end":{"line":146,"column":9}},"36":{"start":{"line":135,"column":8},"end":{"line":135,"column":19}},"37":{"start":{"line":137,"column":8},"end":{"line":141,"column":11}},"38":{"start":{"line":143,"column":8},"end":{"line":143,"column":51}},"39":{"start":{"line":144,"column":8},"end":{"line":144,"column":65}},"40":{"start":{"line":145,"column":8},"end":{"line":145,"column":23}},"41":{"start":{"line":153,"column":6},"end":{"line":163,"column":9}},"42":{"start":{"line":156,"column":8},"end":{"line":162,"column":25}},"43":{"start":{"line":158,"column":10},"end":{"line":158,"column":40}},"44":{"start":{"line":160,"column":10},"end":{"line":160,"column":51}},"45":{"start":{"line":161,"column":10},"end":{"line":161,"column":25}},"46":{"start":{"line":170,"column":6},"end":{"line":179,"column":7}},"47":{"start":{"line":171,"column":8},"end":{"line":178,"column":11}},"48":{"start":{"line":187,"column":6},"end":{"line":187,"column":33}},"49":{"start":{"line":189,"column":6},"end":{"line":196,"column":9}},"50":{"start":{"line":190,"column":8},"end":{"line":190,"column":30}},"51":{"start":{"line":193,"column":8},"end":{"line":193,"column":54}},"52":{"start":{"line":195,"column":8},"end":{"line":195,"column":87}},"53":{"start":{"line":198,"column":6},"end":{"line":208,"column":9}},"54":{"start":{"line":199,"column":8},"end":{"line":199,"column":54}},"55":{"start":{"line":202,"column":8},"end":{"line":202,"column":54}},"56":{"start":{"line":204,"column":8},"end":{"line":207,"column":10}},"57":{"start":{"line":210,"column":6},"end":{"line":217,"column":9}},"58":{"start":{"line":211,"column":8},"end":{"line":211,"column":50}},"59":{"start":{"line":214,"column":8},"end":{"line":214,"column":54}},"60":{"start":{"line":216,"column":8},"end":{"line":216,"column":89}},"61":{"start":{"line":218,"column":6},"end":{"line":218,"column":21}},"62":{"start":{"line":225,"column":6},"end":{"line":225,"column":17}},"63":{"start":{"line":233,"column":6},"end":{"line":233,"column":21}},"64":{"start":{"line":234,"column":6},"end":{"line":234,"column":17}},"65":{"start":{"line":242,"column":6},"end":{"line":242,"column":25}},"66":{"start":{"line":243,"column":6},"end":{"line":243,"column":17}},"67":{"start":{"line":250,"column":6},"end":{"line":250,"column":39}},"68":{"start":{"line":258,"column":6},"end":{"line":258,"column":21}},"69":{"start":{"line":259,"column":6},"end":{"line":259,"column":39}},"70":{"start":{"line":267,"column":6},"end":{"line":267,"column":25}},"71":{"start":{"line":268,"column":6},"end":{"line":268,"column":39}},"72":{"start":{"line":275,"column":6},"end":{"line":278,"column":9}},"73":{"start":{"line":277,"column":8},"end":{"line":277,"column":38}},"74":{"start":{"line":279,"column":6},"end":{"line":282,"column":9}},"75":{"start":{"line":281,"column":8},"end":{"line":281,"column":38}},"76":{"start":{"line":283,"column":6},"end":{"line":286,"column":9}},"77":{"start":{"line":285,"column":8},"end":{"line":285,"column":38}},"78":{"start":{"line":287,"column":6},"end":{"line":290,"column":9}},"79":{"start":{"line":289,"column":8},"end":{"line":289,"column":54}},"80":{"start":{"line":291,"column":6},"end":{"line":294,"column":9}},"81":{"start":{"line":293,"column":8},"end":{"line":293,"column":54}},"82":{"start":{"line":295,"column":6},"end":{"line":298,"column":9}},"83":{"start":{"line":297,"column":8},"end":{"line":297,"column":54}},"84":{"start":{"line":299,"column":6},"end":{"line":299,"column":21}},"85":{"start":{"line":307,"column":6},"end":{"line":307,"column":45}},"86":{"start":{"line":308,"column":6},"end":{"line":308,"column":46}},"87":{"start":{"line":309,"column":6},"end":{"line":309,"column":22}},"88":{"start":{"line":311,"column":6},"end":{"line":311,"column":17}},"89":{"start":{"line":318,"column":6},"end":{"line":318,"column":18}},"90":{"start":{"line":319,"column":6},"end":{"line":331,"column":9}},"91":{"start":{"line":321,"column":10},"end":{"line":321,"column":38}},"92":{"start":{"line":324,"column":8},"end":{"line":324,"column":21}},"93":{"start":{"line":325,"column":8},"end":{"line":325,"column":56}},"94":{"start":{"line":326,"column":8},"end":{"line":329,"column":10}},"95":{"start":{"line":330,"column":8},"end":{"line":330,"column":23}},"96":{"start":{"line":338,"column":6},"end":{"line":338,"column":42}},"97":{"start":{"line":346,"column":6},"end":{"line":348,"column":34}},"98":{"start":{"line":355,"column":6},"end":{"line":355,"column":15}},"99":{"start":{"line":357,"column":6},"end":{"line":357,"column":53}},"100":{"start":{"line":358,"column":6},"end":{"line":358,"column":47}},"101":{"start":{"line":360,"column":6},"end":{"line":360,"column":55}},"102":{"start":{"line":361,"column":6},"end":{"line":361,"column":47}},"103":{"start":{"line":363,"column":6},"end":{"line":369,"column":9}},"104":{"start":{"line":370,"column":6},"end":{"line":370,"column":75}},"105":{"start":{"line":371,"column":6},"end":{"line":371,"column":21}},"106":{"start":{"line":378,"column":6},"end":{"line":388,"column":29}},"107":{"start":{"line":384,"column":12},"end":{"line":384,"column":60}},"108":{"start":{"line":386,"column":12},"end":{"line":387,"column":61}},"109":{"start":{"line":389,"column":6},"end":{"line":389,"column":50}},"110":{"start":{"line":396,"column":6},"end":{"line":396,"column":13}},"111":{"start":{"line":405,"column":6},"end":{"line":412,"column":7}},"112":{"start":{"line":407,"column":8},"end":{"line":407,"column":92}},"113":{"start":{"line":409,"column":13},"end":{"line":412,"column":7}},"114":{"start":{"line":411,"column":8},"end":{"line":411,"column":93}},"115":{"start":{"line":419,"column":6},"end":{"line":419,"column":18}},"116":{"start":{"line":420,"column":6},"end":{"line":448,"column":9}},"117":{"start":{"line":423,"column":12},"end":{"line":423,"column":24}},"118":{"start":{"line":426,"column":12},"end":{"line":426,"column":24}},"119":{"start":{"line":431,"column":8},"end":{"line":431,"column":23}},"120":{"start":{"line":432,"column":8},"end":{"line":432,"column":79}},"121":{"start":{"line":434,"column":8},"end":{"line":435,"column":90}},"122":{"start":{"line":437,"column":8},"end":{"line":437,"column":23}},"123":{"start":{"line":438,"column":8},"end":{"line":438,"column":46}},"124":{"start":{"line":440,"column":8},"end":{"line":440,"column":50}},"125":{"start":{"line":442,"column":8},"end":{"line":442,"column":21}},"126":{"start":{"line":443,"column":8},"end":{"line":443,"column":84}},"127":{"start":{"line":445,"column":8},"end":{"line":446,"column":86}},"128":{"start":{"line":447,"column":8},"end":{"line":447,"column":23}},"129":{"start":{"line":455,"column":6},"end":{"line":455,"column":16}},"130":{"start":{"line":456,"column":6},"end":{"line":456,"column":92}},"131":{"start":{"line":457,"column":6},"end":{"line":457,"column":31}},"132":{"start":{"line":458,"column":6},"end":{"line":460,"column":18}},"133":{"start":{"line":459,"column":8},"end":{"line":459,"column":28}},"134":{"start":{"line":467,"column":6},"end":{"line":467,"column":22}},"135":{"start":{"line":468,"column":6},"end":{"line":468,"column":31}},"136":{"start":{"line":469,"column":6},"end":{"line":481,"column":52}},"137":{"start":{"line":470,"column":8},"end":{"line":480,"column":25}},"138":{"start":{"line":472,"column":10},"end":{"line":472,"column":49}},"139":{"start":{"line":474,"column":10},"end":{"line":474,"column":53}},"140":{"start":{"line":475,"column":10},"end":{"line":475,"column":49}},"141":{"start":{"line":478,"column":10},"end":{"line":478,"column":65}},"142":{"start":{"line":479,"column":10},"end":{"line":479,"column":25}},"143":{"start":{"line":488,"column":6},"end":{"line":503,"column":9}},"144":{"start":{"line":489,"column":8},"end":{"line":489,"column":32}},"145":{"start":{"line":490,"column":8},"end":{"line":490,"column":34}},"146":{"start":{"line":491,"column":8},"end":{"line":491,"column":32}},"147":{"start":{"line":493,"column":8},"end":{"line":496,"column":9}},"148":{"start":{"line":494,"column":10},"end":{"line":494,"column":35}},"149":{"start":{"line":495,"column":10},"end":{"line":495,"column":17}},"150":{"start":{"line":498,"column":8},"end":{"line":502,"column":9}},"151":{"start":{"line":501,"column":10},"end":{"line":501,"column":48}},"152":{"start":{"line":504,"column":6},"end":{"line":504,"column":21}},"153":{"start":{"line":511,"column":6},"end":{"line":511,"column":18}},"154":{"start":{"line":512,"column":6},"end":{"line":515,"column":8}},"155":{"start":{"line":517,"column":6},"end":{"line":520,"column":8}},"156":{"start":{"line":521,"column":6},"end":{"line":521,"column":21}},"157":{"start":{"line":530,"column":6},"end":{"line":530,"column":84}},"158":{"start":{"line":531,"column":6},"end":{"line":531,"column":21}},"159":{"start":{"line":538,"column":6},"end":{"line":538,"column":32}},"160":{"start":{"line":539,"column":6},"end":{"line":539,"column":18}},"161":{"start":{"line":541,"column":6},"end":{"line":546,"column":8}},"162":{"start":{"line":548,"column":6},"end":{"line":548,"column":50}},"163":{"start":{"line":549,"column":6},"end":{"line":549,"column":95}},"164":{"start":{"line":551,"column":6},"end":{"line":551,"column":51}},"165":{"start":{"line":552,"column":6},"end":{"line":553,"column":79}},"166":{"start":{"line":555,"column":6},"end":{"line":555,"column":43}},"167":{"start":{"line":557,"column":6},"end":{"line":557,"column":50}},"168":{"start":{"line":558,"column":6},"end":{"line":558,"column":94}},"169":{"start":{"line":560,"column":6},"end":{"line":560,"column":51}},"170":{"start":{"line":561,"column":6},"end":{"line":562,"column":79}},"171":{"start":{"line":563,"column":6},"end":{"line":563,"column":21}},"172":{"start":{"line":573,"column":6},"end":{"line":573,"column":30}},"173":{"start":{"line":574,"column":6},"end":{"line":590,"column":9}},"174":{"start":{"line":575,"column":8},"end":{"line":575,"column":32}},"175":{"start":{"line":576,"column":8},"end":{"line":576,"column":48}},"176":{"start":{"line":577,"column":8},"end":{"line":587,"column":9}},"177":{"start":{"line":583,"column":10},"end":{"line":583,"column":33}},"178":{"start":{"line":585,"column":10},"end":{"line":585,"column":35}},"179":{"start":{"line":586,"column":10},"end":{"line":586,"column":17}},"180":{"start":{"line":589,"column":8},"end":{"line":589,"column":77}},"181":{"start":{"line":597,"column":6},"end":{"line":597,"column":24}},"182":{"start":{"line":599,"column":6},"end":{"line":605,"column":25}},"183":{"start":{"line":606,"column":6},"end":{"line":613,"column":8}},"184":{"start":{"line":608,"column":8},"end":{"line":608,"column":36}},"185":{"start":{"line":609,"column":8},"end":{"line":611,"column":11}},"186":{"start":{"line":610,"column":10},"end":{"line":610,"column":57}},"187":{"start":{"line":612,"column":8},"end":{"line":612,"column":28}},"188":{"start":{"line":615,"column":6},"end":{"line":625,"column":7}},"189":{"start":{"line":617,"column":8},"end":{"line":620,"column":11}},"190":{"start":{"line":618,"column":10},"end":{"line":618,"column":23}},"191":{"start":{"line":619,"column":10},"end":{"line":619,"column":60}},"192":{"start":{"line":622,"column":8},"end":{"line":622,"column":28}},"193":{"start":{"line":624,"column":8},"end":{"line":624,"column":29}},"194":{"start":{"line":632,"column":6},"end":{"line":639,"column":9}},"195":{"start":{"line":634,"column":8},"end":{"line":634,"column":54}},"196":{"start":{"line":635,"column":8},"end":{"line":635,"column":23}},"197":{"start":{"line":638,"column":8},"end":{"line":638,"column":33}},"198":{"start":{"line":649,"column":6},"end":{"line":657,"column":25}},"199":{"start":{"line":659,"column":6},"end":{"line":718,"column":9}},"200":{"start":{"line":660,"column":8},"end":{"line":660,"column":16}},"201":{"start":{"line":661,"column":8},"end":{"line":666,"column":11}},"202":{"start":{"line":668,"column":8},"end":{"line":671,"column":10}},"203":{"start":{"line":672,"column":8},"end":{"line":675,"column":10}},"204":{"start":{"line":677,"column":8},"end":{"line":717,"column":11}},"205":{"start":{"line":678,"column":10},"end":{"line":682,"column":13}},"206":{"start":{"line":683,"column":10},"end":{"line":686,"column":12}},"207":{"start":{"line":687,"column":10},"end":{"line":692,"column":11}},"208":{"start":{"line":688,"column":12},"end":{"line":691,"column":14}},"209":{"start":{"line":693,"column":10},"end":{"line":696,"column":12}},"210":{"start":{"line":698,"column":10},"end":{"line":716,"column":13}},"211":{"start":{"line":699,"column":12},"end":{"line":703,"column":15}},"212":{"start":{"line":704,"column":12},"end":{"line":707,"column":14}},"213":{"start":{"line":708,"column":12},"end":{"line":711,"column":14}},"214":{"start":{"line":712,"column":12},"end":{"line":715,"column":14}},"215":{"start":{"line":720,"column":6},"end":{"line":732,"column":9}},"216":{"start":{"line":721,"column":8},"end":{"line":721,"column":29}},"217":{"start":{"line":722,"column":8},"end":{"line":727,"column":11}},"218":{"start":{"line":724,"column":10},"end":{"line":726,"column":11}},"219":{"start":{"line":725,"column":12},"end":{"line":725,"column":77}},"220":{"start":{"line":729,"column":8},"end":{"line":731,"column":9}},"221":{"start":{"line":730,"column":10},"end":{"line":730,"column":59}},"222":{"start":{"line":734,"column":6},"end":{"line":736,"column":7}},"223":{"start":{"line":735,"column":8},"end":{"line":735,"column":59}},"224":{"start":{"line":737,"column":6},"end":{"line":737,"column":31}},"225":{"start":{"line":738,"column":6},"end":{"line":738,"column":33}},"226":{"start":{"line":739,"column":6},"end":{"line":739,"column":33}},"227":{"start":{"line":740,"column":6},"end":{"line":740,"column":34}},"228":{"start":{"line":741,"column":6},"end":{"line":778,"column":9}},"229":{"start":{"line":742,"column":8},"end":{"line":742,"column":37}},"230":{"start":{"line":743,"column":8},"end":{"line":743,"column":37}},"231":{"start":{"line":744,"column":8},"end":{"line":744,"column":38}},"232":{"start":{"line":745,"column":8},"end":{"line":762,"column":11}},"233":{"start":{"line":747,"column":10},"end":{"line":761,"column":11}},"234":{"start":{"line":748,"column":12},"end":{"line":748,"column":39}},"235":{"start":{"line":749,"column":12},"end":{"line":749,"column":42}},"236":{"start":{"line":750,"column":12},"end":{"line":750,"column":40}},"237":{"start":{"line":752,"column":17},"end":{"line":761,"column":11}},"238":{"start":{"line":753,"column":12},"end":{"line":753,"column":39}},"239":{"start":{"line":754,"column":12},"end":{"line":754,"column":42}},"240":{"start":{"line":755,"column":12},"end":{"line":755,"column":40}},"241":{"start":{"line":758,"column":12},"end":{"line":758,"column":40}},"242":{"start":{"line":759,"column":12},"end":{"line":759,"column":43}},"243":{"start":{"line":760,"column":12},"end":{"line":760,"column":41}},"244":{"start":{"line":764,"column":8},"end":{"line":766,"column":25}},"245":{"start":{"line":768,"column":8},"end":{"line":772,"column":11}},"246":{"start":{"line":769,"column":10},"end":{"line":769,"column":78}},"247":{"start":{"line":770,"column":10},"end":{"line":770,"column":78}},"248":{"start":{"line":771,"column":10},"end":{"line":771,"column":39}},"249":{"start":{"line":774,"column":8},"end":{"line":777,"column":9}},"250":{"start":{"line":776,"column":10},"end":{"line":776,"column":60}},"251":{"start":{"line":780,"column":6},"end":{"line":784,"column":9}},"252":{"start":{"line":781,"column":8},"end":{"line":781,"column":76}},"253":{"start":{"line":782,"column":8},"end":{"line":782,"column":76}},"254":{"start":{"line":783,"column":8},"end":{"line":783,"column":37}},"255":{"start":{"line":786,"column":6},"end":{"line":788,"column":7}},"256":{"start":{"line":787,"column":8},"end":{"line":787,"column":69}},"257":{"start":{"line":790,"column":6},"end":{"line":790,"column":56}},"258":{"start":{"line":791,"column":6},"end":{"line":791,"column":56}},"259":{"start":{"line":792,"column":6},"end":{"line":815,"column":9}},"260":{"start":{"line":794,"column":8},"end":{"line":795,"column":34}},"261":{"start":{"line":796,"column":8},"end":{"line":796,"column":43}},"262":{"start":{"line":798,"column":8},"end":{"line":804,"column":11}},"263":{"start":{"line":799,"column":10},"end":{"line":799,"column":50}},"264":{"start":{"line":800,"column":10},"end":{"line":803,"column":13}},"265":{"start":{"line":801,"column":12},"end":{"line":801,"column":59}},"266":{"start":{"line":802,"column":12},"end":{"line":802,"column":41}},"267":{"start":{"line":806,"column":8},"end":{"line":809,"column":11}},"268":{"start":{"line":807,"column":10},"end":{"line":807,"column":49}},"269":{"start":{"line":808,"column":10},"end":{"line":808,"column":45}},"270":{"start":{"line":811,"column":8},"end":{"line":814,"column":11}},"271":{"start":{"line":812,"column":10},"end":{"line":812,"column":49}},"272":{"start":{"line":813,"column":10},"end":{"line":813,"column":45}},"273":{"start":{"line":817,"column":6},"end":{"line":817,"column":51}},"274":{"start":{"line":820,"column":6},"end":{"line":820,"column":58}},"275":{"start":{"line":822,"column":6},"end":{"line":822,"column":50}},"276":{"start":{"line":823,"column":6},"end":{"line":830,"column":8}},"277":{"start":{"line":827,"column":8},"end":{"line":829,"column":9}},"278":{"start":{"line":828,"column":10},"end":{"line":828,"column":57}},"279":{"start":{"line":832,"column":6},"end":{"line":832,"column":35}},"280":{"start":{"line":833,"column":6},"end":{"line":838,"column":9}},"281":{"start":{"line":834,"column":8},"end":{"line":834,"column":39}},"282":{"start":{"line":835,"column":8},"end":{"line":837,"column":11}},"283":{"start":{"line":836,"column":10},"end":{"line":836,"column":37}},"284":{"start":{"line":840,"column":6},"end":{"line":840,"column":25}},"285":{"start":{"line":841,"column":6},"end":{"line":843,"column":7}},"286":{"start":{"line":842,"column":8},"end":{"line":842,"column":15}},"287":{"start":{"line":844,"column":6},"end":{"line":907,"column":8}},"288":{"start":{"line":853,"column":12},"end":{"line":853,"column":34}},"289":{"start":{"line":854,"column":12},"end":{"line":862,"column":15}},"290":{"start":{"line":863,"column":12},"end":{"line":902,"column":15}},"291":{"start":{"line":876,"column":16},"end":{"line":876,"column":36}},"292":{"start":{"line":877,"column":16},"end":{"line":892,"column":17}},"293":{"start":{"line":879,"column":18},"end":{"line":891,"column":50}},"294":{"start":{"line":883,"column":22},"end":{"line":886,"column":23}},"295":{"start":{"line":884,"column":24},"end":{"line":884,"column":87}},"296":{"start":{"line":885,"column":24},"end":{"line":885,"column":74}},"297":{"start":{"line":887,"column":22},"end":{"line":887,"column":45}},"298":{"start":{"line":893,"column":16},"end":{"line":897,"column":19}},"299":{"start":{"line":914,"column":6},"end":{"line":914,"column":62}},"300":{"start":{"line":915,"column":6},"end":{"line":915,"column":36}},"301":{"start":{"line":917,"column":6},"end":{"line":917,"column":42}},"302":{"start":{"line":919,"column":6},"end":{"line":919,"column":40}},"303":{"start":{"line":921,"column":6},"end":{"line":921,"column":44}},"304":{"start":{"line":922,"column":6},"end":{"line":922,"column":51}},"305":{"start":{"line":923,"column":6},"end":{"line":1038,"column":9}},"306":{"start":{"line":924,"column":8},"end":{"line":924,"column":50}},"307":{"start":{"line":925,"column":8},"end":{"line":1016,"column":10}},"308":{"start":{"line":926,"column":10},"end":{"line":931,"column":11}},"309":{"start":{"line":927,"column":12},"end":{"line":928,"column":41}},"310":{"start":{"line":930,"column":12},"end":{"line":930,"column":93}},"311":{"start":{"line":933,"column":10},"end":{"line":939,"column":11}},"312":{"start":{"line":934,"column":12},"end":{"line":934,"column":94}},"313":{"start":{"line":935,"column":12},"end":{"line":935,"column":55}},"314":{"start":{"line":937,"column":12},"end":{"line":937,"column":95}},"315":{"start":{"line":938,"column":12},"end":{"line":938,"column":19}},"316":{"start":{"line":940,"column":10},"end":{"line":940,"column":26}},"317":{"start":{"line":942,"column":10},"end":{"line":942,"column":67}},"318":{"start":{"line":944,"column":10},"end":{"line":944,"column":25}},"319":{"start":{"line":946,"column":10},"end":{"line":1015,"column":11}},"320":{"start":{"line":948,"column":12},"end":{"line":948,"column":77}},"321":{"start":{"line":949,"column":12},"end":{"line":949,"column":70}},"322":{"start":{"line":951,"column":12},"end":{"line":956,"column":34}},"323":{"start":{"line":952,"column":14},"end":{"line":955,"column":72}},"324":{"start":{"line":958,"column":12},"end":{"line":1014,"column":13}},"325":{"start":{"line":960,"column":14},"end":{"line":961,"column":44}},"326":{"start":{"line":962,"column":14},"end":{"line":962,"column":83}},"327":{"start":{"line":964,"column":14},"end":{"line":967,"column":15}},"328":{"start":{"line":965,"column":16},"end":{"line":966,"column":80}},"329":{"start":{"line":969,"column":14},"end":{"line":984,"column":16}},"330":{"start":{"line":986,"column":14},"end":{"line":993,"column":16}},"331":{"start":{"line":995,"column":14},"end":{"line":997,"column":23}},"332":{"start":{"line":996,"column":16},"end":{"line":996,"column":53}},"333":{"start":{"line":1001,"column":14},"end":{"line":1006,"column":16}},"334":{"start":{"line":1007,"column":14},"end":{"line":1013,"column":15}},"335":{"start":{"line":1008,"column":16},"end":{"line":1012,"column":48}},"336":{"start":{"line":1018,"column":8},"end":{"line":1037,"column":9}},"337":{"start":{"line":1020,"column":10},"end":{"line":1020,"column":44}},"338":{"start":{"line":1022,"column":10},"end":{"line":1025,"column":11}},"339":{"start":{"line":1023,"column":12},"end":{"line":1023,"column":27}},"340":{"start":{"line":1024,"column":12},"end":{"line":1024,"column":19}},"341":{"start":{"line":1027,"column":10},"end":{"line":1033,"column":11}},"342":{"start":{"line":1028,"column":12},"end":{"line":1028,"column":27}},"343":{"start":{"line":1030,"column":12},"end":{"line":1030,"column":27}},"344":{"start":{"line":1032,"column":12},"end":{"line":1032,"column":37}},"345":{"start":{"line":1034,"column":10},"end":{"line":1034,"column":42}},"346":{"start":{"line":1036,"column":10},"end":{"line":1036,"column":30}},"347":{"start":{"line":1046,"column":6},"end":{"line":1050,"column":7}},"348":{"start":{"line":1047,"column":8},"end":{"line":1047,"column":19}},"349":{"start":{"line":1049,"column":8},"end":{"line":1049,"column":28}},"350":{"start":{"line":1058,"column":6},"end":{"line":1058,"column":54}},"351":{"start":{"line":1060,"column":6},"end":{"line":1065,"column":9}},"352":{"start":{"line":1061,"column":8},"end":{"line":1061,"column":33}},"353":{"start":{"line":1064,"column":8},"end":{"line":1064,"column":54}},"354":{"start":{"line":1066,"column":6},"end":{"line":1066,"column":21}},"355":{"start":{"line":1081,"column":6},"end":{"line":1081,"column":16}},"356":{"start":{"line":1082,"column":6},"end":{"line":1082,"column":24}},"357":{"start":{"line":1084,"column":6},"end":{"line":1088,"column":9}},"358":{"start":{"line":1086,"column":8},"end":{"line":1086,"column":33}},"359":{"start":{"line":1087,"column":8},"end":{"line":1087,"column":62}},"360":{"start":{"line":1095,"column":6},"end":{"line":1095,"column":15}},"361":{"start":{"line":1096,"column":6},"end":{"line":1101,"column":9}},"362":{"start":{"line":1102,"column":6},"end":{"line":1102,"column":74}},"363":{"start":{"line":1104,"column":6},"end":{"line":1111,"column":9}},"364":{"start":{"line":1112,"column":6},"end":{"line":1112,"column":82}},"365":{"start":{"line":1113,"column":6},"end":{"line":1113,"column":21}},"366":{"start":{"line":1121,"column":6},"end":{"line":1121,"column":37}},"367":{"start":{"line":1122,"column":6},"end":{"line":1128,"column":8}},"368":{"start":{"line":1124,"column":8},"end":{"line":1124,"column":23}},"369":{"start":{"line":1125,"column":8},"end":{"line":1127,"column":20}},"370":{"start":{"line":1126,"column":10},"end":{"line":1126,"column":52}},"371":{"start":{"line":1129,"column":6},"end":{"line":1129,"column":32}},"372":{"start":{"line":1130,"column":6},"end":{"line":1144,"column":7}},"373":{"start":{"line":1132,"column":8},"end":{"line":1132,"column":35}},"374":{"start":{"line":1133,"column":8},"end":{"line":1135,"column":9}},"375":{"start":{"line":1134,"column":10},"end":{"line":1134,"column":16}},"376":{"start":{"line":1137,"column":8},"end":{"line":1137,"column":38}},"377":{"start":{"line":1138,"column":8},"end":{"line":1143,"column":9}},"378":{"start":{"line":1139,"column":10},"end":{"line":1142,"column":12}},"379":{"start":{"line":1145,"column":6},"end":{"line":1145,"column":22}},"380":{"start":{"line":1152,"column":6},"end":{"line":1162,"column":8}},"381":{"start":{"line":1153,"column":8},"end":{"line":1156,"column":9}},"382":{"start":{"line":1154,"column":10},"end":{"line":1154,"column":30}},"383":{"start":{"line":1155,"column":10},"end":{"line":1155,"column":17}},"384":{"start":{"line":1157,"column":8},"end":{"line":1161,"column":9}},"385":{"start":{"line":1158,"column":10},"end":{"line":1158,"column":35}},"386":{"start":{"line":1160,"column":10},"end":{"line":1160,"column":31}},"387":{"start":{"line":1166,"column":2},"end":{"line":1166,"column":16}},"388":{"start":{"line":1171,"column":0},"end":{"line":1414,"column":5}},"389":{"start":{"line":1176,"column":2},"end":{"line":1412,"column":4}},"390":{"start":{"line":1183,"column":6},"end":{"line":1183,"column":14}},"391":{"start":{"line":1184,"column":6},"end":{"line":1186,"column":7}},"392":{"start":{"line":1185,"column":8},"end":{"line":1185,"column":15}},"393":{"start":{"line":1188,"column":6},"end":{"line":1188,"column":35}},"394":{"start":{"line":1190,"column":6},"end":{"line":1190,"column":63}},"395":{"start":{"line":1191,"column":6},"end":{"line":1191,"column":73}},"396":{"start":{"line":1193,"column":6},"end":{"line":1193,"column":24}},"397":{"start":{"line":1195,"column":6},"end":{"line":1195,"column":24}},"398":{"start":{"line":1203,"column":6},"end":{"line":1204,"column":38}},"399":{"start":{"line":1206,"column":6},"end":{"line":1207,"column":38}},"400":{"start":{"line":1210,"column":6},"end":{"line":1210,"column":32}},"401":{"start":{"line":1217,"column":6},"end":{"line":1237,"column":9}},"402":{"start":{"line":1222,"column":12},"end":{"line":1222,"column":22}},"403":{"start":{"line":1231,"column":8},"end":{"line":1231,"column":26}},"404":{"start":{"line":1233,"column":8},"end":{"line":1233,"column":91}},"405":{"start":{"line":1235,"column":8},"end":{"line":1235,"column":85}},"406":{"start":{"line":1236,"column":8},"end":{"line":1236,"column":23}},"407":{"start":{"line":1244,"column":6},"end":{"line":1244,"column":24}},"408":{"start":{"line":1246,"column":6},"end":{"line":1248,"column":7}},"409":{"start":{"line":1247,"column":8},"end":{"line":1247,"column":15}},"410":{"start":{"line":1250,"column":6},"end":{"line":1250,"column":80}},"411":{"start":{"line":1251,"column":6},"end":{"line":1251,"column":77}},"412":{"start":{"line":1253,"column":6},"end":{"line":1270,"column":9}},"413":{"start":{"line":1255,"column":8},"end":{"line":1255,"column":60}},"414":{"start":{"line":1256,"column":8},"end":{"line":1256,"column":55}},"415":{"start":{"line":1258,"column":8},"end":{"line":1258,"column":26}},"416":{"start":{"line":1260,"column":8},"end":{"line":1260,"column":87}},"417":{"start":{"line":1262,"column":8},"end":{"line":1269,"column":17}},"418":{"start":{"line":1264,"column":10},"end":{"line":1264,"column":89}},"419":{"start":{"line":1265,"column":10},"end":{"line":1268,"column":11}},"420":{"start":{"line":1267,"column":12},"end":{"line":1267,"column":41}},"421":{"start":{"line":1277,"column":6},"end":{"line":1277,"column":74}},"422":{"start":{"line":1279,"column":6},"end":{"line":1289,"column":8}},"423":{"start":{"line":1280,"column":8},"end":{"line":1287,"column":9}},"424":{"start":{"line":1282,"column":10},"end":{"line":1286,"column":41}},"425":{"start":{"line":1288,"column":8},"end":{"line":1288,"column":39}},"426":{"start":{"line":1291,"column":6},"end":{"line":1328,"column":8}},"427":{"start":{"line":1292,"column":8},"end":{"line":1314,"column":9}},"428":{"start":{"line":1297,"column":10},"end":{"line":1297,"column":37}},"429":{"start":{"line":1299,"column":10},"end":{"line":1299,"column":52}},"430":{"start":{"line":1300,"column":10},"end":{"line":1302,"column":11}},"431":{"start":{"line":1301,"column":12},"end":{"line":1301,"column":50}},"432":{"start":{"line":1303,"column":10},"end":{"line":1311,"column":11}},"433":{"start":{"line":1305,"column":12},"end":{"line":1310,"column":13}},"434":{"start":{"line":1306,"column":14},"end":{"line":1306,"column":44}},"435":{"start":{"line":1309,"column":14},"end":{"line":1309,"column":38}},"436":{"start":{"line":1312,"column":10},"end":{"line":1312,"column":37}},"437":{"start":{"line":1313,"column":10},"end":{"line":1313,"column":16}},"438":{"start":{"line":1316,"column":8},"end":{"line":1319,"column":9}},"439":{"start":{"line":1317,"column":10},"end":{"line":1317,"column":41}},"440":{"start":{"line":1318,"column":10},"end":{"line":1318,"column":17}},"441":{"start":{"line":1321,"column":8},"end":{"line":1327,"column":9}},"442":{"start":{"line":1323,"column":10},"end":{"line":1323,"column":83}},"443":{"start":{"line":1324,"column":10},"end":{"line":1324,"column":16}},"444":{"start":{"line":1326,"column":10},"end":{"line":1326,"column":83}},"445":{"start":{"line":1330,"column":6},"end":{"line":1330,"column":33}},"446":{"start":{"line":1332,"column":6},"end":{"line":1332,"column":27}},"447":{"start":{"line":1334,"column":6},"end":{"line":1334,"column":50}},"448":{"start":{"line":1335,"column":6},"end":{"line":1335,"column":50}},"449":{"start":{"line":1336,"column":6},"end":{"line":1336,"column":49}},"450":{"start":{"line":1337,"column":6},"end":{"line":1337,"column":70}},"451":{"start":{"line":1338,"column":6},"end":{"line":1338,"column":69}},"452":{"start":{"line":1339,"column":6},"end":{"line":1339,"column":76}},"453":{"start":{"line":1341,"column":6},"end":{"line":1344,"column":39}},"454":{"start":{"line":1342,"column":8},"end":{"line":1342,"column":29}},"455":{"start":{"line":1343,"column":8},"end":{"line":1343,"column":20}},"456":{"start":{"line":1346,"column":6},"end":{"line":1348,"column":7}},"457":{"start":{"line":1347,"column":8},"end":{"line":1347,"column":55}},"458":{"start":{"line":1349,"column":6},"end":{"line":1349,"column":40}},"459":{"start":{"line":1351,"column":6},"end":{"line":1351,"column":53}},"460":{"start":{"line":1353,"column":6},"end":{"line":1355,"column":9}},"461":{"start":{"line":1354,"column":8},"end":{"line":1354,"column":56}},"462":{"start":{"line":1357,"column":6},"end":{"line":1357,"column":29}},"463":{"start":{"line":1362,"column":6},"end":{"line":1377,"column":7}},"464":{"start":{"line":1364,"column":8},"end":{"line":1364,"column":41}},"465":{"start":{"line":1367,"column":8},"end":{"line":1374,"column":9}},"466":{"start":{"line":1368,"column":10},"end":{"line":1368,"column":42}},"467":{"start":{"line":1370,"column":10},"end":{"line":1370,"column":56}},"468":{"start":{"line":1372,"column":10},"end":{"line":1372,"column":39}},"469":{"start":{"line":1373,"column":10},"end":{"line":1373,"column":82}},"470":{"start":{"line":1376,"column":8},"end":{"line":1
[...]
start":{"line":1606,"column":8},"end":{"line":1614,"column":16}},{"start":{"line":1615,"column":8},"end":{"line":1615,"column":25}},{"start":{"line":1616,"column":8},"end":{"line":1656,"column":16}}]},"130":{"line":1610,"type":"if","locations":[{"start":{"line":1610,"column":10},"end":{"line":1610,"column":10}},{"start":{"line":1610,"column":10},"end":{"line":1610,"column":10}}]},"131":{"line":1632,"type":"binary-expr","locations":[{"start":{"line":1632,"column":17},"end":{"line":1632,"column":45}},{"start":{"line":1632,"column":49},"end":{"line":1632,"column":60}}]},"132":{"line":1680,"type":"if","locations":[{"start":{"line":1680,"column":6},"end":{"line":1680,"column":6}},{"start":{"line":1680,"column":6},"end":{"line":1680,"column":6}}]},"133":{"line":1692,"type":"if","locations":[{"start":{"line":1692,"column":10},"end":{"line":1692,"column":10}},{"start":{"line":1692,"column":10},"end":{"line":1692,"column":10}}]},"134":{"line":1709,"type":"if","locations":[{"start":{"line":1709,"column":10},"end":{"line":1709,"column":10}},{"start":{"line":1709,"column":10},"end":{"line":1709,"column":10}}]},"135":{"line":1711,"type":"if","locations":[{"start":{"line":1711,"column":12},"end":{"line":1711,"column":12}},{"start":{"line":1711,"column":12},"end":{"line":1711,"column":12}}]},"136":{"line":1731,"type":"binary-expr","locations":[{"start":{"line":1731,"column":25},"end":{"line":1731,"column":39}},{"start":{"line":1731,"column":43},"end":{"line":1731,"column":48}}]},"137":{"line":1732,"type":"if","locations":[{"start":{"line":1732,"column":8},"end":{"line":1732,"column":8}},{"start":{"line":1732,"column":8},"end":{"line":1732,"column":8}}]},"138":{"line":1755,"type":"if","locations":[{"start":{"line":1755,"column":6},"end":{"line":1755,"column":6}},{"start":{"line":1755,"column":6},"end":{"line":1755,"column":6}}]},"139":{"line":1780,"type":"if","locations":[{"start":{"line":1780,"column":8},"end":{"line":1780,"column":8}},{"start":{"line":1780,"column":8},"end":{"line":1780,"column":8}}]},"140":{"line":1780,"type":"binary-expr","locations":[{"start":{"line":1780,"column":12},"end":{"line":1780,"column":17}},{"start":{"line":1780,"column":21},"end":{"line":1780,"column":50}}]},"141":{"line":1806,"type":"if","locations":[{"start":{"line":1806,"column":6},"end":{"line":1806,"column":6}},{"start":{"line":1806,"column":6},"end":{"line":1806,"column":6}}]},"142":{"line":1806,"type":"binary-expr","locations":[{"start":{"line":1806,"column":10},"end":{"line":1806,"column":27}},{"start":{"line":1806,"column":31},"end":{"line":1806,"column":56}}]},"143":{"line":1811,"type":"cond-expr","locations":[{"start":{"line":1811,"column":40},"end":{"line":1811,"column":73}},{"start":{"line":1812,"column":12},"end":{"line":1812,"column":28}}]},"144":{"line":1816,"type":"binary-expr","locations":[{"start":{"line":1816,"column":8},"end":{"line":1816,"column":28}},{"start":{"line":1816,"column":32},"end":{"line":1816,"column":58}}]},"145":{"line":1825,"type":"cond-expr","locations":[{"start":{"line":1825,"column":57},"end":{"line":1825,"column":60}},{"start":{"line":1825,"column":63},"end":{"line":1825,"column":66}}]},"146":{"line":1849,"type":"cond-expr","locations":[{"start":{"line":1849,"column":42},"end":{"line":1849,"column":44}},{"start":{"line":1849,"column":47},"end":{"line":1849,"column":57}}]},"147":{"line":1850,"type":"switch","locations":[{"start":{"line":1851,"column":8},"end":{"line":1884,"column":16}},{"start":{"line":1885,"column":8},"end":{"line":1895,"column":16}},{"start":{"line":1896,"column":8},"end":{"line":1938,"column":16}},{"start":{"line":1939,"column":8},"end":{"line":1949,"column":16}},{"start":{"line":1950,"column":8},"end":{"line":1976,"column":43}}]},"148":{"line":1857,"type":"binary-expr","locations":[{"start":{"line":1857,"column":12},"end":{"line":1857,"column":32}},{"start":{"line":1857,"column":36},"end":{"line":1857,"column":56}}]},"149":{"line":1861,"type":"if","locations":[{"start":{"line":1861,"column":10},"end":{"line":1861,"column":10}},{"start":{"line":1861,"column":10},"end":{"line":1861,"column":10}}]},"150":{"line":1867,"type":"binary-expr","locations":[{"start":{"line":1867,"column":26},"end":{"line":1867,"column":39}},{"start":{"line":1867,"column":43},"end":{"line":1867,"column":48}}]},"151":{"line":1877,"type":"binary-expr","locations":[{"start":{"line":1877,"column":28},"end":{"line":1877,"column":43}},{"start":{"line":1877,"column":47},"end":{"line":1877,"column":49}}]},"152":{"line":1880,"type":"cond-expr","locations":[{"start":{"line":1880,"column":47},"end":{"line":1880,"column":78}},{"start":{"line":1881,"column":14},"end":{"line":1882,"column":17}}]},"153":{"line":1881,"type":"cond-expr","locations":[{"start":{"line":1881,"column":46},"end":{"line":1881,"column":65}},{"start":{"line":1882,"column":16},"end":{"line":1882,"column":17}}]},"154":{"line":1887,"type":"cond-expr","locations":[{"start":{"line":1887,"column":53},"end":{"line":1887,"column":67}},{"start":{"line":1887,"column":70},"end":{"line":1887,"column":83}}]},"155":{"line":1901,"type":"switch","locations":[{"start":{"line":1902,"column":10},"end":{"line":1902,"column":19}},{"start":{"line":1903,"column":10},"end":{"line":1903,"column":19}},{"start":{"line":1904,"column":10},"end":{"line":1904,"column":19}},{"start":{"line":1905,"column":10},"end":{"line":1905,"column":19}},{"start":{"line":1906,"column":10},"end":{"line":1906,"column":19}},{"start":{"line":1907,"column":10},"end":{"line":1907,"column":19}},{"start":{"line":1908,"column":10},"end":{"line":1934,"column":19}}]},"156":{"line":1914,"type":"binary-expr","locations":[{"start":{"line":1914,"column":33},"end":{"line":1914,"column":51}},{"start":{"line":1914,"column":55},"end":{"line":1914,"column":56}}]},"157":{"line":1916,"type":"if","locations":[{"start":{"line":1916,"column":12},"end":{"line":1916,"column":12}},{"start":{"line":1916,"column":12},"end":{"line":1916,"column":12}}]},"158":{"line":1928,"type":"binary-expr","locations":[{"start":{"line":1928,"column":31},"end":{"line":1928,"column":49}},{"start":{"line":1928,"column":53},"end":{"line":1928,"column":69}}]},"159":{"line":1930,"type":"binary-expr","locations":[{"start":{"line":1930,"column":27},"end":{"line":1930,"column":41}},{"start":{"line":1930,"column":45},"end":{"line":1930,"column":57}}]},"160":{"line":1931,"type":"binary-expr","locations":[{"start":{"line":1931,"column":31},"end":{"line":1931,"column":49}},{"start":{"line":1931,"column":53},"end":{"line":1931,"column":69}}]},"161":{"line":1941,"type":"cond-expr","locations":[{"start":{"line":1941,"column":59},"end":{"line":1941,"column":63}},{"start":{"line":1941,"column":66},"end":{"line":1941,"column":81}}]},"162":{"line":1943,"type":"if","locations":[{"start":{"line":1943,"column":10},"end":{"line":1943,"column":10}},{"start":{"line":1943,"column":10},"end":{"line":1943,"column":10}}]},"163":{"line":1952,"type":"if","locations":[{"start":{"line":1952,"column":10},"end":{"line":1952,"column":10}},{"start":{"line":1952,"column":10},"end":{"line":1952,"column":10}}]},"164":{"line":1959,"type":"if","locations":[{"start":{"line":1959,"column":10},"end":{"line":1959,"column":10}},{"start":{"line":1959,"column":10},"end":{"line":1959,"column":10}}]},"165":{"line":1963,"type":"if","locations":[{"start":{"line":1963,"column":10},"end":{"line":1963,"column":10}},{"start":{"line":1963,"column":10},"end":{"line":1963,"column":10}}]},"166":{"line":1966,"type":"if","locations":[{"start":{"line":1966,"column":10},"end":{"line":1966,"column":10}},{"start":{"line":1966,"column":10},"end":{"line":1966,"column":10}}]},"167":{"line":1968,"type":"binary-expr","locations":[{"start":{"line":1968,"column":52},"end":{"line":1968,"column":60}},{"start":{"line":1968,"column":64},"end":{"line":1968,"column":83}}]},"168":{"line":1970,"type":"binary-expr","locations":[{"start":{"line":1970,"column":30},"end":{"line":1970,"column":42}},{"start":{"line":1970,"column":46},"end":{"line":1970,"column":48}}]},"169":{"line":2005,"type":"if","locations":[{"start":{"line":2005,"column":6},"end":{"line":2005,"column":6}},{"start":{"line":2005,"column":6},"end":{"line":2005,"column":6}}]},"170":{"line":2005,"type":"binary-expr","locations":[{"start":{"line":2005,"column":10},"end":{"line":2005,"column":40}},{"start":{"line":2005,"column":44},"end":{"line":2005,"column":71}}]},"171":{"line":2014,"type":"switch","locations":[{"start":{"line":2015,"column":6},"end":{"line":2015,"column":17}},{"start":{"line":2016,"column":6},"end":{"line":2020,"column":14}}]},"172":{"line":2017,"type":"if","locations":[{"start":{"line":2017,"column":8},"end":{"line":2017,"column":8}},{"start":{"line":2017,"column":8},"end":{"line":2017,"column":8}}]},"173":{"line":2017,"type":"binary-expr","locations":[{"start":{"line":2017,"column":12},"end":{"line":2017,"column":32}},{"start":{"line":2017,"column":36},"end":{"line":2017,"column":68}}]},"174":{"line":2036,"type":"if","locations":[{"start":{"line":2036,"column":6},"end":{"line":2036,"column":6}},{"start":{"line":2036,"column":6},"end":{"line":2036,"column":6}}]},"175":{"line":2041,"type":"if","locations":[{"start":{"line":2041,"column":8},"end":{"line":2041,"column":8}},{"start":{"line":2041,"column":8},"end":{"line":2041,"column":8}}]},"176":{"line":2100,"type":"switch","locations":[{"start":{"line":2101,"column":8},"end":{"line":2116,"column":16}},{"start":{"line":2117,"column":8},"end":{"line":2152,"column":16}},{"start":{"line":2153,"column":8},"end":{"line":2155,"column":32}}]},"177":{"line":2119,"type":"binary-expr","locations":[{"start":{"line":2119,"column":17},"end":{"line":2119,"column":21}},{"start":{"line":2119,"column":25},"end":{"line":2119,"column":41}}]},"178":{"line":2120,"type":"if","locations":[{"start":{"line":2120,"column":10},"end":{"line":2120,"column":10}},{"start":{"line":2120,"column":10},"end":{"line":2120,"column":10}}]},"179":{"line":2127,"type":"if","locations":[{"start":{"line":2127,"column":14},"end":{"line":2127,"column":14}},{"start":{"line":2127,"column":14},"end":{"line":2127,"column":14}}]},"180":{"line":2129,"type":"if","locations":[{"start":{"line":2129,"column":16},"end":{"line":2129,"column":16}},{"start":{"line":2129,"column":16},"end":{"line":2129,"column":16}}]},"181":{"line":2172,"type":"switch","locations":[{"start":{"line":2173,"column":10},"end":{"line":2175,"column":18}},{"start":{"line":2176,"column":10},"end":{"line":2178,"column":18}}]},"182":{"line":2320,"type":"binary-expr","locations":[{"start":{"line":2320,"column":25},"end":{"line":2320,"column":39}},{"start":{"line":2320,"column":43},"end":{"line":2320,"column":48}}]},"183":{"line":2322,"type":"if","locations":[{"start":{"line":2322,"column":8},"end":{"line":2322,"column":8}},{"start":{"line":2322,"column":8},"end":{"line":2322,"column":8}}]},"184":{"line":2355,"type":"switch","locations":[{"start":{"line":2356,"column":8},"end":{"line":2379,"column":16}},{"start":{"line":2380,"column":8},"end":{"line":2411,"column":16}},{"start":{"line":2412,"column":8},"end":{"line":2414,"column":16}}]},"185":{"line":2364,"type":"if","locations":[{"start":{"line":2364,"column":10},"end":{"line":2364,"column":10}},{"start":{"line":2364,"column":10},"end":{"line":2364,"column":10}}]},"186":{"line":2367,"type":"if","locations":[{"start":{"line":2367,"column":12},"end":{"line":2367,"column":12}},{"start":{"line":2367,"column":12},"end":{"line":2367,"column":12}}]},"187":{"line":2367,"type":"binary-expr","locations":[{"start":{"line":2367,"column":16},"end":{"line":2367,"column":20}},{"start":{"line":2369,"column":16},"end":{"line":2369,"column":34}},{"start":{"line":2371,"column":16},"end":{"line":2371,"column":40}}]},"188":{"line":2383,"type":"if","locations":[{"start":{"line":2383,"column":10},"end":{"line":2383,"column":10}},{"start":{"line":2383,"column":10},"end":{"line":2383,"column":10}}]},"189":{"line":2383,"type":"binary-expr","locations":[{"start":{"line":2383,"column":14},"end":{"line":2383,"column":42}},{"start":{"line":2383,"column":46},"end":{"line":2383,"column":61}}]},"190":{"line":2388,"type":"if","locations":[{"start":{"line":2388,"column":10},"end":{"line":2388,"column":10}},{"start":{"line":2388,"column":10},"end":{"line":2388,"column":10}}]},"191":{"line":2394,"type":"binary-expr","locations":[{"start":{"line":2394,"column":19},"end":{"line":2394,"column":52}},{"start":{"line":2394,"column":56},"end":{"line":2394,"column":68}}]},"192":{"line":2398,"type":"if","locations":[{"start":{"line":2398,"column":10},"end":{"line":2398,"column":10}},{"start":{"line":2398,"column":10},"end":{"line":2398,"column":10}}]},"193":{"line":2422,"type":"if","locations":[{"start":{"line":2422,"column":6},"end":{"line":2422,"column":6}},{"start":{"line":2422,"column":6},"end":{"line":2422,"column":6}}]},"194":{"line":2440,"type":"if","locations":[{"start":{"line":2440,"column":6},"end":{"line":2440,"column":6}},{"start":{"line":2440,"column":6},"end":{"line":2440,"column":6}}]},"195":{"line":2444,"type":"binary-expr","locations":[{"start":{"line":2444,"column":10},"end":{"line":2446,"column":11}},{"start":{"line":2446,"column":15},"end":{"line":2446,"column":41}}]},"196":{"line":2468,"type":"cond-expr","locations":[{"start":{"line":2468,"column":42},"end":{"line":2468,"column":44}},{"start":{"line":2468,"column":47},"end":{"line":2468,"column":57}}]},"197":{"line":2469,"type":"switch","locations":[{"start":{"line":2470,"column":8},"end":{"line":2482,"column":16}},{"start":{"line":2483,"column":8},"end":{"line":2494,"column":16}},{"start":{"line":2495,"column":8},"end":{"line":2496,"column":22}}]},"198":{"line":2472,"type":"if","locations":[{"start":{"line":2472,"column":10},"end":{"line":2472,"column":10}},{"start":{"line":2472,"column":10},"end":{"line":2472,"column":10}}]},"199":{"line":2490,"type":"binary-expr","locations":[{"start":{"line":2490,"column":11},"end":{"line":2490,"column":54}},{"start":{"line":2490,"column":58},"end":{"line":2490,"column":85}}]},"200":{"line":2491,"type":"cond-expr","locations":[{"start":{"line":2491,"column":42},"end":{"line":2491,"column":67}},{"start":{"line":2491,"column":70},"end":{"line":2491,"column":74}}]},"201":{"line":2509,"type":"if","locations":[{"start":{"line":2509,"column":6},"end":{"line":2509,"column":6}},{"start":{"line":2509,"column":6},"end":{"line":2509,"column":6}}]},"202":{"line":2516,"type":"binary-expr","locations":[{"start":{"line":2516,"column":9},"end":{"line":2516,"column":47}},{"start":{"line":2516,"column":51},"end":{"line":2516,"column":72}}]},"203":{"line":2533,"type":"if","locations":[{"start":{"line":2533,"column":6},"end":{"line":2533,"column":6}},{"start":{"line":2533,"column":6},"end":{"line":2533,"column":6}}]},"204":{"line":2535,"type":"binary-expr","locations":[{"start":{"line":2535,"column":30},"end":{"line":2535,"column":40}},{"start":{"line":2535,"column":44},"end":{"line":2535,"column":63}}]},"205":{"line":2538,"type":"if","locations":[{"start":{"line":2538,"column":10},"end":{"line":2538,"column":10}},{"start":{"line":2538,"column":10},"end":{"line":2538,"column":10}}]},"206":{"line":2551,"type":"binary-expr","locations":[{"start":{"line":2551,"column":22},"end":{"line":2551,"column":35}},{"start":{"line":2551,"column":39},"end":{"line":2551,"column":55}}]},"207":{"line":2553,"type":"if","locations":[{"start":{"line":2553,"column":6},"end":{"line":2553,"column":6}},{"start":{"line":2553,"column":6},"end":{"line":2553,"column":6}}]},"208":{"line":2560,"type":"binary-expr","locations":[{"start":{"line":2560,"column":10},"end":{"line":2560,"column":25}},{"start":{"line":2560,"column":29},"end":{"line":2560,"column":49}}]},"209":{"line":2613,"type":"cond-expr","locations":[{"start":{"line":2613,"column":42},"end":{"line":2613,"column":44}},{"start":{"line":2613,"column":47},"end":{"line":2613,"column":57}}]},"210":{"line":2614,"type":"switch","locations":[{"start":{"line":2615,"column":8},"end":{"line":2658,"column":16}},{"start":{"line":2659,"column":8},"end":{"line":2681,"column":16}},{"start":{"line":2682,"column":8},"end":{"line":2709,"column":16}},{"start":{"line":2710,"column":8},"end":{"line":2716,"column":30}}]},"211":{"line":2617,"type":"binary-expr","locations":[{"start":{"line":2617,"column":29},"end":{"line":2617,"column":43}},{"start":{"line":2617,"column":47},"end":{"line":2617,"column":52}}]},"212":{"line":2619,"type":"if","locations":[{"start":{"line":2619,"column":12},"end":{"line":2619,"column":12}},{"start":{"line":2619,"column":12},"end":{"line":2619,"column":12}}]},"213":{"line":2633,"type":"binary-expr","locations":[{"start":{"line":2633,"column":22},"end":{"line":2633,"column":44}},{"start":{"line":2633,"column":48},"end":{"line":2633,"column":63}}]},"214":{"line":2688,"type":"binary-expr","locations":[{"start":{"line":2688,"column":22},"end":{"line":2688,"column":31}},{"start":{"line":2688,"column":35},"end":{"line":2688,"column":49}},{"start":{"line":2688,"column":53},"end":{"line":2688,"column":80}}]},"215":{"line":2690,"type":"if","locations":[{"start":{"line":2690,"column":12},"end":{"line":2690,"column":12}},{"start":{"line":2690,"column":12},"end":{"line":2690,"column":12}}]},"216":{"line":2692,"type":"if","locations":[{"start":{"line":2692,"column":14},"end":{"line":2692,"column":14}},{"start":{"line":2692,"column":14},"end":{"line":2692,"column":14}}]},"217":{"line":2692,"type":"binary-expr","locations":[{"start":{"line":2692,"column":18},"end":{"line":2692,"column":27}},{"start":{"line":2692,"column":31},"end":{"line":2692,"column":42}},{"start":{"line":2692,"column":46},"end":{"line":2692,"column":73}}]},"218":{"line":2729,"type":"cond-expr","locations":[{"start":{"line":2729,"column":42},"end":{"line":2729,"column":44}},{"start":{"line":2729,"column":47},"end":{"line":2729,"column":57}}]},"219":{"line":2730,"type":"switch","locations":[{"start":{"line":2731,"column":8},"end":{"line":2740,"column":16}},{"start":{"line":2741,"column":8},"end":{"line":2757,"column":16}},{"start":{"line":2758,"column":8},"end":{"line":2787,"column":37}}]},"220":{"line":2746,"type":"binary-expr","locations":[{"start":{"line":2746,"column":26},"end":{"line":2746,"column":30}},{"start":{"line":2746,"column":34},"end":{"line":2746,"column":45}},{"start":{"line":2746,"column":49},"end":{"line":2746,"column":71}},{"start":{"line":2746,"column":76},"end":{"line":2746,"column":86}}]},"221":{"line":2749,"type":"if","locations":[{"start":{"line":2749,"column":10},"end":{"line":2749,"column":10}},{"start":{"line":2749,"column":10},"end":{"line":2749,"column":10}}]},"222":{"line":2772,"type":"if","locations":[{"start":{"line":2772,"column":10},"end":{"line":2772,"column":10}},{"start":{"line":2772,"column":10},"end":{"line":2772,"column":10}}]},"223":{"line":2776,"type":"binary-expr","locations":[{"start":{"line":2776,"column":17},"end":{"line":2776,"column":36}},{"start":{"line":2776,"column":40},"end":{"line":2776,"column":62}}]},"224":{"line":2805,"type":"cond-expr","locations":[{"start":{"line":2805,"column":42},"end":{"line":2805,"column":44}},{"start":{"line":2805,"column":47},"end":{"line":2805,"column":57}}]},"225":{"line":2806,"type":"switch","locations":[{"start":{"line":2807,"column":8},"end":{"line":2837,"column":16}},{"start":{"line":2838,"column":8},"end":{"line":2845,"column":16}},{"start":{"line":2846,"column":8},"end":{"line":2850,"column":16}},{"start":{"line":2851,"column":8},"end":{"line":2864,"column":16}},{"start":{"line":2865,"column":8},"end":{"line":2871,"column":16}},{"start":{"line":2872,"column":8},"end":{"line":2877,"column":16}},{"start":{"line":2878,"column":8},"end":{"line":2882,"column":30}}]},"226":{"line":2853,"type":"if","locations":[{"start":{"line":2853,"column":10},"end":{"line":2853,"column":10}},{"start":{"line":2853,"column":10},"end":{"line":2853,"column":10}}]},"227":{"line":2859,"type":"if","locations":[{"start":{"line":2859,"column":10},"end":{"line":2859,"column":10}},{"start":{"line":2859,"column":10},"end":{"line":2859,"column":10}}]}}}}